INFO 2023-10-28 15:50:19,687 views 2116 6167687168 Index page accessed
INFO 2023-10-28 15:50:19,688 basehttp 2116 6167687168 "GET / HTTP/1.1" 200 16
INFO 2023-10-28 15:56:01,133 autoreload 2255 8141001472 Watching for file changes with StatReloader
INFO 2023-10-28 15:56:03,392 views 2255 6126563328 Index page accessed
INFO 2023-10-28 15:56:03,392 basehttp 2255 6126563328 "GET / HTTP/1.1" 200 302
INFO 2023-10-28 15:56:37,023 autoreload 2255 8141001472 /Users/ruslanalbakov/Documents/ДЗ/Django/Geekbrains/hw_les_01/views.py changed, reloading.
INFO 2023-10-28 15:56:37,192 autoreload 2268 8141001472 Watching for file changes with StatReloader
INFO 2023-10-28 15:56:44,369 autoreload 2268 8141001472 /Users/ruslanalbakov/Documents/ДЗ/Django/Geekbrains/hw_les_01/views.py changed, reloading.
INFO 2023-10-28 15:56:44,561 autoreload 2276 8141001472 Watching for file changes with StatReloader
INFO 2023-10-28 15:56:45,410 views 2276 6194999296 Index page accessed
INFO 2023-10-28 15:56:45,411 basehttp 2276 6194999296 "GET / HTTP/1.1" 200 327
INFO 2023-10-28 15:59:37,233 autoreload 2276 8141001472 /Users/ruslanalbakov/Documents/ДЗ/Django/Geekbrains/hw_les_01/views.py changed, reloading.
INFO 2023-10-28 15:59:37,401 autoreload 2288 8141001472 Watching for file changes with StatReloader
INFO 2023-10-28 15:59:49,606 autoreload 2288 8141001472 /Users/ruslanalbakov/Documents/ДЗ/Django/Geekbrains/hw_les_01/views.py changed, reloading.
INFO 2023-10-28 15:59:49,772 autoreload 2297 8141001472 Watching for file changes with StatReloader
INFO 2023-10-28 16:05:39,743 views 2297 6201356288 Index page accessed
INFO 2023-10-28 16:05:39,744 basehttp 2297 6201356288 "GET / HTTP/1.1" 200 327
INFO 2023-10-28 16:08:18,997 autoreload 2297 8141001472 /Users/ruslanalbakov/Documents/ДЗ/Django/Geekbrains/hw_les_01/views.py changed, reloading.
INFO 2023-10-28 16:08:19,217 autoreload 2407 8141001472 Watching for file changes with StatReloader
INFO 2023-10-28 16:08:20,333 autoreload 2407 8141001472 /Users/ruslanalbakov/Documents/ДЗ/Django/Geekbrains/hw_les_01/views.py changed, reloading.
INFO 2023-10-28 16:08:20,477 autoreload 2411 8141001472 Watching for file changes with StatReloader
INFO 2023-10-28 16:08:23,544 autoreload 2411 8141001472 /Users/ruslanalbakov/Documents/ДЗ/Django/Geekbrains/hw_les_01/views.py changed, reloading.
INFO 2023-10-28 16:08:23,716 autoreload 2415 8141001472 Watching for file changes with StatReloader
INFO 2023-10-28 16:08:27,793 autoreload 2415 8141001472 /Users/ruslanalbakov/Documents/ДЗ/Django/Geekbrains/hw_les_01/views.py changed, reloading.
INFO 2023-10-28 16:08:27,958 autoreload 2421 8141001472 Watching for file changes with StatReloader
INFO 2023-10-28 16:08:33,048 autoreload 2421 8141001472 /Users/ruslanalbakov/Documents/ДЗ/Django/Geekbrains/hw_les_01/views.py changed, reloading.
INFO 2023-10-28 16:08:33,200 autoreload 2427 8141001472 Watching for file changes with StatReloader
INFO 2023-10-28 16:08:34,239 autoreload 2427 8141001472 /Users/ruslanalbakov/Documents/ДЗ/Django/Geekbrains/hw_les_01/views.py changed, reloading.
INFO 2023-10-28 16:08:34,404 autoreload 2428 8141001472 Watching for file changes with StatReloader
INFO 2023-10-28 16:08:36,461 autoreload 2428 8141001472 /Users/ruslanalbakov/Documents/ДЗ/Django/Geekbrains/hw_les_01/views.py changed, reloading.
INFO 2023-10-28 16:08:36,639 autoreload 2431 8141001472 Watching for file changes with StatReloader
INFO 2023-10-28 16:08:38,695 autoreload 2431 8141001472 /Users/ruslanalbakov/Documents/ДЗ/Django/Geekbrains/hw_les_01/views.py changed, reloading.
INFO 2023-10-28 16:08:38,869 autoreload 2435 8141001472 Watching for file changes with StatReloader
INFO 2023-10-28 16:08:39,914 autoreload 2435 8141001472 /Users/ruslanalbakov/Documents/ДЗ/Django/Geekbrains/hw_les_01/views.py changed, reloading.
INFO 2023-10-28 16:08:40,073 autoreload 2436 8141001472 Watching for file changes with StatReloader
INFO 2023-10-28 16:08:42,132 autoreload 2436 8141001472 /Users/ruslanalbakov/Documents/ДЗ/Django/Geekbrains/hw_les_01/views.py changed, reloading.
INFO 2023-10-28 16:08:42,301 autoreload 2442 8141001472 Watching for file changes with StatReloader
INFO 2023-10-28 16:08:45,360 autoreload 2442 8141001472 /Users/ruslanalbakov/Documents/ДЗ/Django/Geekbrains/hw_les_01/views.py changed, reloading.
INFO 2023-10-28 16:08:45,537 autoreload 2445 8141001472 Watching for file changes with StatReloader
INFO 2023-10-28 16:08:50,617 autoreload 2445 8141001472 /Users/ruslanalbakov/Documents/ДЗ/Django/Geekbrains/hw_les_01/views.py changed, reloading.
INFO 2023-10-28 16:08:50,773 autoreload 2451 8141001472 Watching for file changes with StatReloader
INFO 2023-10-28 16:08:54,847 autoreload 2451 8141001472 /Users/ruslanalbakov/Documents/ДЗ/Django/Geekbrains/hw_les_01/views.py changed, reloading.
INFO 2023-10-28 16:08:55,020 autoreload 2455 8141001472 Watching for file changes with StatReloader
INFO 2023-10-28 16:08:59,125 autoreload 2455 8141001472 /Users/ruslanalbakov/Documents/ДЗ/Django/Geekbrains/hw_les_01/views.py changed, reloading.
INFO 2023-10-28 16:08:59,282 autoreload 2461 8141001472 Watching for file changes with StatReloader
INFO 2023-10-28 16:09:01,339 autoreload 2461 8141001472 /Users/ruslanalbakov/Documents/ДЗ/Django/Geekbrains/hw_les_01/views.py changed, reloading.
INFO 2023-10-28 16:09:01,497 autoreload 2464 8141001472 Watching for file changes with StatReloader
INFO 2023-10-28 16:09:05,566 autoreload 2464 8141001472 /Users/ruslanalbakov/Documents/ДЗ/Django/Geekbrains/hw_les_01/views.py changed, reloading.
INFO 2023-10-28 16:09:05,730 autoreload 2470 8141001472 Watching for file changes with StatReloader
INFO 2023-10-28 16:09:10,817 autoreload 2470 8141001472 /Users/ruslanalbakov/Documents/ДЗ/Django/Geekbrains/hw_les_01/views.py changed, reloading.
INFO 2023-10-28 16:09:10,976 autoreload 2478 8141001472 Watching for file changes with StatReloader
INFO 2023-10-28 16:09:14,045 autoreload 2478 8141001472 /Users/ruslanalbakov/Documents/ДЗ/Django/Geekbrains/hw_les_01/views.py changed, reloading.
INFO 2023-10-28 16:09:14,230 autoreload 2482 8141001472 Watching for file changes with StatReloader
INFO 2023-10-28 16:09:15,176 views 2482 6130724864 Index page accessed
INFO 2023-10-28 16:09:15,177 basehttp 2482 6130724864 "GET / HTTP/1.1" 200 491
INFO 2023-10-28 16:10:12,421 autoreload 2482 8141001472 /Users/ruslanalbakov/Documents/ДЗ/Django/Geekbrains/hw_les_01/views.py changed, reloading.
INFO 2023-10-28 16:10:12,588 autoreload 2500 8141001472 Watching for file changes with StatReloader
INFO 2023-10-28 16:10:16,737 autoreload 2500 8141001472 /Users/ruslanalbakov/Documents/ДЗ/Django/Geekbrains/hw_les_01/views.py changed, reloading.
INFO 2023-10-28 16:10:16,924 autoreload 2506 8141001472 Watching for file changes with StatReloader
INFO 2023-10-28 16:10:18,041 autoreload 2506 8141001472 /Users/ruslanalbakov/Documents/ДЗ/Django/Geekbrains/hw_les_01/views.py changed, reloading.
INFO 2023-10-28 16:10:18,177 autoreload 2507 8141001472 Watching for file changes with StatReloader
INFO 2023-10-28 16:10:21,321 autoreload 2507 8141001472 /Users/ruslanalbakov/Documents/ДЗ/Django/Geekbrains/hw_les_01/views.py changed, reloading.
INFO 2023-10-28 16:10:21,483 autoreload 2513 8141001472 Watching for file changes with StatReloader
INFO 2023-10-28 16:10:25,551 autoreload 2513 8141001472 /Users/ruslanalbakov/Documents/ДЗ/Django/Geekbrains/hw_les_01/views.py changed, reloading.
INFO 2023-10-28 16:10:25,706 autoreload 2519 8141001472 Watching for file changes with StatReloader
INFO 2023-10-28 16:10:28,780 autoreload 2519 8141001472 /Users/ruslanalbakov/Documents/ДЗ/Django/Geekbrains/hw_les_01/views.py changed, reloading.
INFO 2023-10-28 16:10:28,935 autoreload 2522 8141001472 Watching for file changes with StatReloader
INFO 2023-10-28 16:10:29,975 autoreload 2522 8141001472 /Users/ruslanalbakov/Documents/ДЗ/Django/Geekbrains/hw_les_01/views.py changed, reloading.
INFO 2023-10-28 16:10:30,138 autoreload 2526 8141001472 Watching for file changes with StatReloader
INFO 2023-10-28 16:10:31,183 autoreload 2526 8141001472 /Users/ruslanalbakov/Documents/ДЗ/Django/Geekbrains/hw_les_01/views.py changed, reloading.
INFO 2023-10-28 16:10:31,340 autoreload 2527 8141001472 Watching for file changes with StatReloader
INFO 2023-10-28 16:10:32,379 autoreload 2527 8141001472 /Users/ruslanalbakov/Documents/ДЗ/Django/Geekbrains/hw_les_01/views.py changed, reloading.
INFO 2023-10-28 16:10:32,552 autoreload 2528 8141001472 Watching for file changes with StatReloader
INFO 2023-10-28 16:10:37,636 autoreload 2528 8141001472 /Users/ruslanalbakov/Documents/ДЗ/Django/Geekbrains/hw_les_01/views.py changed, reloading.
INFO 2023-10-28 16:10:37,791 autoreload 2534 8141001472 Watching for file changes with StatReloader
INFO 2023-10-28 16:10:40,858 autoreload 2534 8141001472 /Users/ruslanalbakov/Documents/ДЗ/Django/Geekbrains/hw_les_01/views.py changed, reloading.
INFO 2023-10-28 16:10:41,018 autoreload 2540 8141001472 Watching for file changes with StatReloader
INFO 2023-10-28 16:10:48,130 autoreload 2540 8141001472 /Users/ruslanalbakov/Documents/ДЗ/Django/Geekbrains/hw_les_01/views.py changed, reloading.
INFO 2023-10-28 16:10:48,303 autoreload 2546 8141001472 Watching for file changes with StatReloader
INFO 2023-10-28 16:10:54,402 autoreload 2546 8141001472 /Users/ruslanalbakov/Documents/ДЗ/Django/Geekbrains/hw_les_01/views.py changed, reloading.
INFO 2023-10-28 16:10:54,561 autoreload 2554 8141001472 Watching for file changes with StatReloader
INFO 2023-10-28 16:10:56,608 autoreload 2554 8141001472 /Users/ruslanalbakov/Documents/ДЗ/Django/Geekbrains/hw_les_01/views.py changed, reloading.
INFO 2023-10-28 16:10:56,780 autoreload 2559 8141001472 Watching for file changes with StatReloader
INFO 2023-10-28 16:10:57,822 autoreload 2559 8141001472 /Users/ruslanalbakov/Documents/ДЗ/Django/Geekbrains/hw_les_01/views.py changed, reloading.
INFO 2023-10-28 16:10:57,972 autoreload 2560 8141001472 Watching for file changes with StatReloader
INFO 2023-10-28 16:11:00,024 autoreload 2560 8141001472 /Users/ruslanalbakov/Documents/ДЗ/Django/Geekbrains/hw_les_01/views.py changed, reloading.
INFO 2023-10-28 16:11:00,191 autoreload 2563 8141001472 Watching for file changes with StatReloader
INFO 2023-10-28 16:11:02,241 autoreload 2563 8141001472 /Users/ruslanalbakov/Documents/ДЗ/Django/Geekbrains/hw_les_01/views.py changed, reloading.
INFO 2023-10-28 16:11:02,418 autoreload 2567 8141001472 Watching for file changes with StatReloader
INFO 2023-10-28 16:11:05,487 autoreload 2567 8141001472 /Users/ruslanalbakov/Documents/ДЗ/Django/Geekbrains/hw_les_01/views.py changed, reloading.
INFO 2023-10-28 16:11:05,654 autoreload 2570 8141001472 Watching for file changes with StatReloader
INFO 2023-10-28 16:11:07,708 autoreload 2570 8141001472 /Users/ruslanalbakov/Documents/ДЗ/Django/Geekbrains/hw_les_01/views.py changed, reloading.
INFO 2023-10-28 16:11:07,865 autoreload 2575 8141001472 Watching for file changes with StatReloader
INFO 2023-10-28 16:11:10,929 autoreload 2575 8141001472 /Users/ruslanalbakov/Documents/ДЗ/Django/Geekbrains/hw_les_01/views.py changed, reloading.
INFO 2023-10-28 16:11:11,096 autoreload 2581 8141001472 Watching for file changes with StatReloader
INFO 2023-10-28 16:11:21,231 autoreload 2581 8141001472 /Users/ruslanalbakov/Documents/ДЗ/Django/Geekbrains/hw_les_01/views.py changed, reloading.
INFO 2023-10-28 16:11:21,402 autoreload 2589 8141001472 Watching for file changes with StatReloader
INFO 2023-10-28 16:11:22,444 autoreload 2589 8141001472 /Users/ruslanalbakov/Documents/ДЗ/Django/Geekbrains/hw_les_01/views.py changed, reloading.
INFO 2023-10-28 16:11:22,610 autoreload 2592 8141001472 Watching for file changes with StatReloader
INFO 2023-10-28 16:11:24,658 autoreload 2592 8141001472 /Users/ruslanalbakov/Documents/ДЗ/Django/Geekbrains/hw_les_01/views.py changed, reloading.
INFO 2023-10-28 16:11:24,840 autoreload 2596 8141001472 Watching for file changes with StatReloader
INFO 2023-10-28 16:11:27,900 autoreload 2596 8141001472 /Users/ruslanalbakov/Documents/ДЗ/Django/Geekbrains/hw_les_01/views.py changed, reloading.
INFO 2023-10-28 16:11:28,076 autoreload 2599 8141001472 Watching for file changes with StatReloader
INFO 2023-10-28 16:11:29,126 autoreload 2599 8141001472 /Users/ruslanalbakov/Documents/ДЗ/Django/Geekbrains/hw_les_01/views.py changed, reloading.
INFO 2023-10-28 16:11:29,270 autoreload 2603 8141001472 Watching for file changes with StatReloader
INFO 2023-10-28 16:11:41,476 autoreload 2603 8141001472 /Users/ruslanalbakov/Documents/ДЗ/Django/Geekbrains/hw_les_01/views.py changed, reloading.
INFO 2023-10-28 16:11:41,628 autoreload 2610 8141001472 Watching for file changes with StatReloader
INFO 2023-10-28 16:11:52,793 autoreload 2610 8141001472 /Users/ruslanalbakov/Documents/ДЗ/Django/Geekbrains/hw_les_01/views.py changed, reloading.
INFO 2023-10-28 16:11:52,962 autoreload 2618 8141001472 Watching for file changes with StatReloader
INFO 2023-10-28 16:11:55,571 views 2618 6170357760 Index page accessed
INFO 2023-10-28 16:11:55,573 basehttp 2618 6170357760 "GET / HTTP/1.1" 200 859
INFO 2023-10-28 16:46:52,738 views 2618 6170357760 Index page accessed
INFO 2023-10-28 16:46:52,739 basehttp 2618 6170357760 "GET / HTTP/1.1" 200 859
INFO 2023-10-28 16:48:08,855 autoreload 2618 8141001472 /Users/ruslanalbakov/Documents/ДЗ/Django/Geekbrains/hw_les_01/views.py changed, reloading.
INFO 2023-10-28 16:48:09,103 autoreload 2722 8141001472 Watching for file changes with StatReloader
INFO 2023-10-28 16:48:10,227 autoreload 2722 8141001472 /Users/ruslanalbakov/Documents/ДЗ/Django/Geekbrains/hw_les_01/views.py changed, reloading.
INFO 2023-10-28 16:48:10,369 autoreload 2727 8141001472 Watching for file changes with StatReloader
INFO 2023-10-28 16:48:28,688 autoreload 2727 8141001472 /Users/ruslanalbakov/Documents/ДЗ/Django/Geekbrains/hw_les_01/views.py changed, reloading.
INFO 2023-10-28 16:48:28,922 autoreload 2733 8141001472 Watching for file changes with StatReloader
INFO 2023-10-28 16:48:31,991 autoreload 2733 8141001472 /Users/ruslanalbakov/Documents/ДЗ/Django/Geekbrains/hw_les_01/views.py changed, reloading.
INFO 2023-10-28 16:48:32,161 autoreload 2740 8141001472 Watching for file changes with StatReloader
INFO 2023-10-28 16:48:58,521 autoreload 2740 8141001472 /Users/ruslanalbakov/Documents/ДЗ/Django/Geekbrains/hw_les_01/views.py changed, reloading.
INFO 2023-10-28 16:48:58,689 autoreload 2746 8141001472 Watching for file changes with StatReloader
INFO 2023-10-28 16:49:00,732 autoreload 2746 8141001472 /Users/ruslanalbakov/Documents/ДЗ/Django/Geekbrains/hw_les_01/views.py changed, reloading.
INFO 2023-10-28 16:49:00,909 autoreload 2752 8141001472 Watching for file changes with StatReloader
INFO 2023-10-28 16:49:02,960 autoreload 2752 8141001472 /Users/ruslanalbakov/Documents/ДЗ/Django/Geekbrains/hw_les_01/views.py changed, reloading.
INFO 2023-10-28 16:49:03,134 autoreload 2753 8141001472 Watching for file changes with StatReloader
INFO 2023-10-28 16:49:11,269 autoreload 2753 8141001472 /Users/ruslanalbakov/Documents/ДЗ/Django/Geekbrains/hw_les_01/views.py changed, reloading.
INFO 2023-10-28 16:49:11,426 autoreload 2759 8141001472 Watching for file changes with StatReloader
INFO 2023-10-28 16:49:14,481 autoreload 2759 8141001472 /Users/ruslanalbakov/Documents/ДЗ/Django/Geekbrains/hw_les_01/views.py changed, reloading.
INFO 2023-10-28 16:49:14,644 autoreload 2765 8141001472 Watching for file changes with StatReloader
INFO 2023-10-28 16:49:22,756 autoreload 2765 8141001472 /Users/ruslanalbakov/Documents/ДЗ/Django/Geekbrains/hw_les_01/views.py changed, reloading.
INFO 2023-10-28 16:49:22,938 autoreload 2771 8141001472 Watching for file changes with StatReloader
INFO 2023-10-28 16:49:26,002 autoreload 2771 8141001472 /Users/ruslanalbakov/Documents/ДЗ/Django/Geekbrains/hw_les_01/views.py changed, reloading.
INFO 2023-10-28 16:49:26,160 autoreload 2778 8141001472 Watching for file changes with StatReloader
INFO 2023-10-28 16:49:31,997 views 2778 6135230464 Index page accessed
INFO 2023-10-28 16:49:31,998 basehttp 2778 6135230464 "GET / HTTP/1.1" 200 1019
INFO 2023-10-28 16:49:33,488 views 2778 6135230464 Index page accessed
INFO 2023-10-28 16:49:33,488 basehttp 2778 6135230464 "GET / HTTP/1.1" 200 1019
INFO 2023-10-28 16:50:15,118 autoreload 2778 8141001472 /Users/ruslanalbakov/Documents/ДЗ/Django/Geekbrains/hw_les_01/views.py changed, reloading.
INFO 2023-10-28 16:50:15,294 autoreload 2791 8141001472 Watching for file changes with StatReloader
INFO 2023-10-28 16:50:18,353 autoreload 2791 8141001472 /Users/ruslanalbakov/Documents/ДЗ/Django/Geekbrains/hw_les_01/views.py changed, reloading.
INFO 2023-10-28 16:50:18,516 autoreload 2798 8141001472 Watching for file changes with StatReloader
INFO 2023-10-28 16:50:19,558 autoreload 2798 8141001472 /Users/ruslanalbakov/Documents/ДЗ/Django/Geekbrains/hw_les_01/views.py changed, reloading.
INFO 2023-10-28 16:50:19,729 autoreload 2799 8141001472 Watching for file changes with StatReloader
INFO 2023-10-28 16:50:21,849 autoreload 2799 8141001472 /Users/ruslanalbakov/Documents/ДЗ/Django/Geekbrains/hw_les_01/views.py changed, reloading.
INFO 2023-10-28 16:50:21,995 autoreload 2805 8141001472 Watching for file changes with StatReloader
INFO 2023-10-28 16:50:23,112 autoreload 2805 8141001472 /Users/ruslanalbakov/Documents/ДЗ/Django/Geekbrains/hw_les_01/views.py changed, reloading.
INFO 2023-10-28 16:50:23,258 autoreload 2806 8141001472 Watching for file changes with StatReloader
INFO 2023-10-28 16:50:24,372 autoreload 2806 8141001472 /Users/ruslanalbakov/Documents/ДЗ/Django/Geekbrains/hw_les_01/views.py changed, reloading.
INFO 2023-10-28 16:50:24,516 autoreload 2807 8141001472 Watching for file changes with StatReloader
INFO 2023-10-28 16:50:26,563 autoreload 2807 8141001472 /Users/ruslanalbakov/Documents/ДЗ/Django/Geekbrains/hw_les_01/views.py changed, reloading.
INFO 2023-10-28 16:50:26,718 autoreload 2813 8141001472 Watching for file changes with StatReloader
INFO 2023-10-28 16:50:34,849 autoreload 2813 8141001472 /Users/ruslanalbakov/Documents/ДЗ/Django/Geekbrains/hw_les_01/views.py changed, reloading.
INFO 2023-10-28 16:50:35,018 autoreload 2819 8141001472 Watching for file changes with StatReloader
INFO 2023-10-28 16:50:39,101 autoreload 2819 8141001472 /Users/ruslanalbakov/Documents/ДЗ/Django/Geekbrains/hw_les_01/views.py changed, reloading.
INFO 2023-10-28 16:50:39,258 autoreload 2825 8141001472 Watching for file changes with StatReloader
INFO 2023-10-28 16:50:46,374 autoreload 2825 8141001472 /Users/ruslanalbakov/Documents/ДЗ/Django/Geekbrains/hw_les_01/views.py changed, reloading.
INFO 2023-10-28 16:50:46,541 autoreload 2831 8141001472 Watching for file changes with StatReloader
INFO 2023-10-28 16:50:49,297 views 2831 6164164608 Index page accessed
INFO 2023-10-28 16:50:49,298 basehttp 2831 6164164608 "GET / HTTP/1.1" 200 1019
INFO 2023-10-28 16:50:55,374 views 2831 6164164608 Index page accessed
INFO 2023-10-28 16:50:55,374 basehttp 2831 6164164608 "GET / HTTP/1.1" 200 1019
INFO 2023-10-28 16:52:53,139 autoreload 2831 8141001472 /Users/ruslanalbakov/Documents/ДЗ/Django/Geekbrains/hw_les_01/views.py changed, reloading.
INFO 2023-10-28 16:52:53,393 autoreload 2854 8141001472 Watching for file changes with StatReloader
INFO 2023-10-28 16:52:54,499 autoreload 2854 8141001472 /Users/ruslanalbakov/Documents/ДЗ/Django/Geekbrains/hw_les_01/views.py changed, reloading.
INFO 2023-10-28 16:52:54,637 autoreload 2859 8141001472 Watching for file changes with StatReloader
INFO 2023-10-28 16:52:55,758 autoreload 2859 8141001472 /Users/ruslanalbakov/Documents/ДЗ/Django/Geekbrains/hw_les_01/views.py changed, reloading.
INFO 2023-10-28 16:52:55,906 autoreload 2860 8141001472 Watching for file changes with StatReloader
INFO 2023-10-28 16:52:59,033 autoreload 2860 8141001472 /Users/ruslanalbakov/Documents/ДЗ/Django/Geekbrains/hw_les_01/views.py changed, reloading.
INFO 2023-10-28 16:52:59,202 autoreload 2864 8141001472 Watching for file changes with StatReloader
INFO 2023-10-28 16:53:01,261 autoreload 2864 8141001472 /Users/ruslanalbakov/Documents/ДЗ/Django/Geekbrains/hw_les_01/views.py changed, reloading.
INFO 2023-10-28 16:53:01,417 autoreload 2868 8141001472 Watching for file changes with StatReloader
INFO 2023-10-28 16:53:08,602 autoreload 2868 8141001472 /Users/ruslanalbakov/Documents/ДЗ/Django/Geekbrains/hw_les_01/views.py changed, reloading.
INFO 2023-10-28 16:53:08,777 autoreload 2877 8141001472 Watching for file changes with StatReloader
INFO 2023-10-28 16:53:15,975 autoreload 2877 8141001472 /Users/ruslanalbakov/Documents/ДЗ/Django/Geekbrains/hw_les_01/views.py changed, reloading.
INFO 2023-10-28 16:53:16,145 autoreload 2885 8141001472 Watching for file changes with StatReloader
INFO 2023-10-28 16:53:42,640 autoreload 2885 8141001472 /Users/ruslanalbakov/Documents/ДЗ/Django/Geekbrains/hw_les_01/views.py changed, reloading.
INFO 2023-10-28 16:53:42,828 autoreload 2892 8141001472 Watching for file changes with StatReloader
INFO 2023-10-28 16:53:49,031 autoreload 2892 8141001472 /Users/ruslanalbakov/Documents/ДЗ/Django/Geekbrains/hw_les_01/views.py changed, reloading.
INFO 2023-10-28 16:53:49,210 autoreload 2900 8141001472 Watching for file changes with StatReloader
INFO 2023-10-28 16:53:52,209 views 2900 6138032128 Index page accessed
INFO 2023-10-28 16:53:52,210 basehttp 2900 6138032128 "GET / HTTP/1.1" 200 1023
INFO 2023-10-28 16:54:46,519 autoreload 2900 8141001472 /Users/ruslanalbakov/Documents/ДЗ/Django/Geekbrains/hw_les_01/views.py changed, reloading.
INFO 2023-10-28 16:54:46,683 autoreload 2908 8141001472 Watching for file changes with StatReloader
INFO 2023-10-28 16:54:49,814 autoreload 2908 8141001472 /Users/ruslanalbakov/Documents/ДЗ/Django/Geekbrains/hw_les_01/views.py changed, reloading.
INFO 2023-10-28 16:54:50,006 autoreload 2915 8141001472 Watching for file changes with StatReloader
INFO 2023-10-28 16:54:52,787 views 2915 6135492608 Index page accessed
INFO 2023-10-28 16:54:52,788 basehttp 2915 6135492608 "GET / HTTP/1.1" 200 1046
INFO 2023-10-28 16:55:23,816 autoreload 2915 8141001472 /Users/ruslanalbakov/Documents/ДЗ/Django/Geekbrains/hw_les_01/views.py changed, reloading.
INFO 2023-10-28 16:55:23,995 autoreload 2926 8141001472 Watching for file changes with StatReloader
INFO 2023-10-28 16:55:26,027 views 2926 6122237952 Index page accessed
INFO 2023-10-28 16:55:26,028 basehttp 2926 6122237952 "GET / HTTP/1.1" 200 925
INFO 2023-10-28 16:56:07,019 autoreload 2926 8141001472 /Users/ruslanalbakov/Documents/ДЗ/Django/Geekbrains/hw_les_01/views.py changed, reloading.
INFO 2023-10-28 16:56:07,197 autoreload 2937 8141001472 Watching for file changes with StatReloader
INFO 2023-10-28 16:56:17,436 autoreload 2937 8141001472 /Users/ruslanalbakov/Documents/ДЗ/Django/Geekbrains/hw_les_01/views.py changed, reloading.
INFO 2023-10-28 16:56:17,587 autoreload 2946 8141001472 Watching for file changes with StatReloader
INFO 2023-10-28 16:56:18,702 autoreload 2946 8141001472 /Users/ruslanalbakov/Documents/ДЗ/Django/Geekbrains/hw_les_01/views.py changed, reloading.
INFO 2023-10-28 16:56:18,851 autoreload 2949 8141001472 Watching for file changes with StatReloader
INFO 2023-10-28 16:56:25,032 autoreload 2949 8141001472 /Users/ruslanalbakov/Documents/ДЗ/Django/Geekbrains/hw_les_01/views.py changed, reloading.
INFO 2023-10-28 16:56:25,188 autoreload 2956 8141001472 Watching for file changes with StatReloader
INFO 2023-10-28 16:56:29,349 autoreload 2956 8141001472 /Users/ruslanalbakov/Documents/ДЗ/Django/Geekbrains/hw_les_01/views.py changed, reloading.
INFO 2023-10-28 16:56:29,520 autoreload 2963 8141001472 Watching for file changes with StatReloader
INFO 2023-10-28 16:56:32,577 views 2963 6155448320 Index page accessed
INFO 2023-10-28 16:56:32,578 basehttp 2963 6155448320 "GET / HTTP/1.1" 200 939
INFO 2023-10-28 16:56:39,871 autoreload 2963 8141001472 /Users/ruslanalbakov/Documents/ДЗ/Django/Geekbrains/hw_les_01/views.py changed, reloading.
INFO 2023-10-28 16:56:40,050 autoreload 2971 8141001472 Watching for file changes with StatReloader
INFO 2023-10-28 16:56:46,243 autoreload 2971 8141001472 /Users/ruslanalbakov/Documents/ДЗ/Django/Geekbrains/hw_les_01/views.py changed, reloading.
INFO 2023-10-28 16:56:46,442 autoreload 2977 8141001472 Watching for file changes with StatReloader
INFO 2023-10-28 16:56:46,930 views 2977 6161739776 Index page accessed
INFO 2023-10-28 16:56:46,931 basehttp 2977 6161739776 "GET / HTTP/1.1" 200 940
INFO 2023-10-28 16:56:56,276 views 2977 6161739776 Index page accessed
INFO 2023-10-28 16:56:56,277 basehttp 2977 6161739776 "GET / HTTP/1.1" 200 940
INFO 2023-10-28 16:56:56,699 autoreload 2977 8141001472 /Users/ruslanalbakov/Documents/ДЗ/Django/Geekbrains/hw_les_01/views.py changed, reloading.
INFO 2023-10-28 16:56:56,882 autoreload 2983 8141001472 Watching for file changes with StatReloader
INFO 2023-10-28 16:56:57,710 views 2983 6126350336 Index page accessed
INFO 2023-10-28 16:56:57,711 basehttp 2983 6126350336 "GET / HTTP/1.1" 200 940
INFO 2023-10-28 16:57:48,904 autoreload 2983 8141001472 /Users/ruslanalbakov/Documents/ДЗ/Django/Geekbrains/hw_les_01/views.py changed, reloading.
INFO 2023-10-28 16:57:49,100 autoreload 2996 8141001472 Watching for file changes with StatReloader
INFO 2023-10-28 16:57:50,417 views 2996 6156087296 Index page accessed
INFO 2023-10-28 16:57:50,419 basehttp 2996 6156087296 "GET / HTTP/1.1" 200 942
INFO 2023-10-28 16:57:51,554 views 2996 6156087296 Index page accessed
INFO 2023-10-28 16:57:51,554 basehttp 2996 6156087296 "GET / HTTP/1.1" 200 942
INFO 2023-10-28 16:57:56,393 autoreload 2996 8141001472 /Users/ruslanalbakov/Documents/ДЗ/Django/Geekbrains/hw_les_01/views.py changed, reloading.
INFO 2023-10-28 16:57:56,583 autoreload 3004 8141001472 Watching for file changes with StatReloader
INFO 2023-10-28 17:00:13,087 autoreload 3004 8141001472 /Users/ruslanalbakov/Documents/ДЗ/Django/Geekbrains/hw_les_01/views.py changed, reloading.
INFO 2023-10-28 17:00:13,250 autoreload 3017 8141001472 Watching for file changes with StatReloader
INFO 2023-10-28 17:00:14,942 views 3017 6197522432 Index page accessed
INFO 2023-10-28 17:00:14,943 basehttp 3017 6197522432 "GET / HTTP/1.1" 200 942
INFO 2023-10-28 17:00:16,862 views 3017 6197522432 Index page accessed
INFO 2023-10-28 17:00:16,863 basehttp 3017 6197522432 "GET / HTTP/1.1" 200 942
INFO 2023-10-28 17:00:20,394 views 3017 6197522432 Index page accessed
INFO 2023-10-28 17:00:20,395 basehttp 3017 6197522432 "GET / HTTP/1.1" 200 942
INFO 2023-10-28 17:00:20,574 autoreload 3017 8141001472 /Users/ruslanalbakov/Documents/ДЗ/Django/Geekbrains/hw_les_01/views.py changed, reloading.
INFO 2023-10-28 17:00:20,757 autoreload 3026 8141001472 Watching for file changes with StatReloader
INFO 2023-10-28 17:00:21,879 views 3026 6170374144 Index page accessed
INFO 2023-10-28 17:00:21,880 basehttp 3026 6170374144 "GET / HTTP/1.1" 200 940
INFO 2023-10-28 17:00:25,663 views 3026 6170374144 Index page accessed
INFO 2023-10-28 17:00:25,664 basehttp 3026 6170374144 "GET / HTTP/1.1" 200 940
INFO 2023-10-28 17:00:45,323 autoreload 3026 8141001472 /Users/ruslanalbakov/Documents/ДЗ/Django/Geekbrains/hw_les_01/views.py changed, reloading.
INFO 2023-10-28 17:00:45,494 autoreload 3038 8141001472 Watching for file changes with StatReloader
INFO 2023-10-28 17:00:46,615 autoreload 3038 8141001472 /Users/ruslanalbakov/Documents/ДЗ/Django/Geekbrains/hw_les_01/views.py changed, reloading.
INFO 2023-10-28 17:00:46,765 autoreload 3041 8141001472 Watching for file changes with StatReloader
INFO 2023-10-28 17:00:58,054 autoreload 3041 8141001472 /Users/ruslanalbakov/Documents/ДЗ/Django/Geekbrains/hw_les_01/views.py changed, reloading.
INFO 2023-10-28 17:00:58,214 autoreload 3047 8141001472 Watching for file changes with StatReloader
INFO 2023-10-28 17:01:08,431 autoreload 3047 8141001472 /Users/ruslanalbakov/Documents/ДЗ/Django/Geekbrains/hw_les_01/views.py changed, reloading.
INFO 2023-10-28 17:01:08,597 autoreload 3057 8141001472 Watching for file changes with StatReloader
INFO 2023-10-28 17:01:12,771 autoreload 3057 8141001472 /Users/ruslanalbakov/Documents/ДЗ/Django/Geekbrains/hw_les_01/views.py changed, reloading.
INFO 2023-10-28 17:01:12,948 autoreload 3063 8141001472 Watching for file changes with StatReloader
INFO 2023-10-28 17:01:15,075 autoreload 3063 8141001472 /Users/ruslanalbakov/Documents/ДЗ/Django/Geekbrains/hw_les_01/views.py changed, reloading.
INFO 2023-10-28 17:01:15,223 autoreload 3069 8141001472 Watching for file changes with StatReloader
INFO 2023-10-28 17:01:16,331 autoreload 3069 8141001472 /Users/ruslanalbakov/Documents/ДЗ/Django/Geekbrains/hw_les_01/views.py changed, reloading.
INFO 2023-10-28 17:01:16,474 autoreload 3070 8141001472 Watching for file changes with StatReloader
INFO 2023-10-28 17:01:20,624 autoreload 3070 8141001472 /Users/ruslanalbakov/Documents/ДЗ/Django/Geekbrains/hw_les_01/views.py changed, reloading.
INFO 2023-10-28 17:01:20,778 autoreload 3077 8141001472 Watching for file changes with StatReloader
INFO 2023-10-28 17:01:25,945 autoreload 3077 8141001472 /Users/ruslanalbakov/Documents/ДЗ/Django/Geekbrains/hw_les_01/views.py changed, reloading.
INFO 2023-10-28 17:01:26,105 autoreload 3083 8141001472 Watching for file changes with StatReloader
INFO 2023-10-28 17:01:32,294 autoreload 3083 8141001472 /Users/ruslanalbakov/Documents/ДЗ/Django/Geekbrains/hw_les_01/views.py changed, reloading.
INFO 2023-10-28 17:01:32,462 autoreload 3089 8141001472 Watching for file changes with StatReloader
INFO 2023-10-28 17:01:37,630 autoreload 3089 8141001472 /Users/ruslanalbakov/Documents/ДЗ/Django/Geekbrains/hw_les_01/views.py changed, reloading.
INFO 2023-10-28 17:01:37,804 autoreload 3095 8141001472 Watching for file changes with StatReloader
INFO 2023-10-28 17:01:48,053 autoreload 3095 8141001472 /Users/ruslanalbakov/Documents/ДЗ/Django/Geekbrains/hw_les_01/views.py changed, reloading.
INFO 2023-10-28 17:01:48,232 autoreload 3101 8141001472 Watching for file changes with StatReloader
INFO 2023-10-28 17:01:50,365 autoreload 3101 8141001472 /Users/ruslanalbakov/Documents/ДЗ/Django/Geekbrains/hw_les_01/views.py changed, reloading.
INFO 2023-10-28 17:01:50,527 autoreload 3109 8141001472 Watching for file changes with StatReloader
INFO 2023-10-28 17:01:52,652 autoreload 3109 8141001472 /Users/ruslanalbakov/Documents/ДЗ/Django/Geekbrains/hw_les_01/views.py changed, reloading.
INFO 2023-10-28 17:01:52,829 autoreload 3110 8141001472 Watching for file changes with StatReloader
INFO 2023-10-28 17:02:05,101 autoreload 3110 8141001472 /Users/ruslanalbakov/Documents/ДЗ/Django/Geekbrains/hw_les_01/views.py changed, reloading.
INFO 2023-10-28 17:02:05,272 autoreload 3116 8141001472 Watching for file changes with StatReloader
INFO 2023-10-28 17:02:37,874 autoreload 3116 8141001472 /Users/ruslanalbakov/Documents/ДЗ/Django/Geekbrains/hw_les_01/views.py changed, reloading.
INFO 2023-10-28 17:02:38,026 autoreload 3124 8141001472 Watching for file changes with StatReloader
INFO 2023-10-28 17:02:40,157 autoreload 3124 8141001472 /Users/ruslanalbakov/Documents/ДЗ/Django/Geekbrains/hw_les_01/views.py changed, reloading.
INFO 2023-10-28 17:02:40,323 autoreload 3130 8141001472 Watching for file changes with StatReloader
INFO 2023-10-28 17:02:45,492 autoreload 3130 8141001472 /Users/ruslanalbakov/Documents/ДЗ/Django/Geekbrains/hw_les_01/views.py changed, reloading.
INFO 2023-10-28 17:02:45,659 autoreload 3137 8141001472 Watching for file changes with StatReloader
INFO 2023-10-28 17:02:48,725 autoreload 3137 8141001472 /Users/ruslanalbakov/Documents/ДЗ/Django/Geekbrains/hw_les_01/views.py changed, reloading.
INFO 2023-10-28 17:02:48,883 autoreload 3138 8141001472 Watching for file changes with StatReloader
INFO 2023-10-28 17:02:49,925 autoreload 3138 8141001472 /Users/ruslanalbakov/Documents/ДЗ/Django/Geekbrains/hw_les_01/views.py changed, reloading.
INFO 2023-10-28 17:02:50,088 autoreload 3145 8141001472 Watching for file changes with StatReloader
INFO 2023-10-28 17:02:51,127 autoreload 3145 8141001472 /Users/ruslanalbakov/Documents/ДЗ/Django/Geekbrains/hw_les_01/views.py changed, reloading.
INFO 2023-10-28 17:02:51,303 autoreload 3146 8141001472 Watching for file changes with StatReloader
INFO 2023-10-28 17:02:56,404 autoreload 3146 8141001472 /Users/ruslanalbakov/Documents/ДЗ/Django/Geekbrains/hw_les_01/views.py changed, reloading.
INFO 2023-10-28 17:02:56,561 autoreload 3152 8141001472 Watching for file changes with StatReloader
INFO 2023-10-28 17:02:57,672 autoreload 3152 8141001472 /Users/ruslanalbakov/Documents/ДЗ/Django/Geekbrains/hw_les_01/views.py changed, reloading.
INFO 2023-10-28 17:02:57,811 autoreload 3154 8141001472 Watching for file changes with StatReloader
INFO 2023-10-28 17:03:02,980 autoreload 3154 8141001472 /Users/ruslanalbakov/Documents/ДЗ/Django/Geekbrains/hw_les_01/views.py changed, reloading.
INFO 2023-10-28 17:03:03,153 autoreload 3160 8141001472 Watching for file changes with StatReloader
INFO 2023-10-28 17:03:06,300 autoreload 3160 8141001472 /Users/ruslanalbakov/Documents/ДЗ/Django/Geekbrains/hw_les_01/views.py changed, reloading.
INFO 2023-10-28 17:03:06,471 autoreload 3166 8141001472 Watching for file changes with StatReloader
INFO 2023-10-28 17:03:07,577 autoreload 3166 8141001472 /Users/ruslanalbakov/Documents/ДЗ/Django/Geekbrains/hw_les_01/views.py changed, reloading.
INFO 2023-10-28 17:03:07,725 autoreload 3167 8141001472 Watching for file changes with StatReloader
INFO 2023-10-28 17:03:10,876 autoreload 3167 8141001472 /Users/ruslanalbakov/Documents/ДЗ/Django/Geekbrains/hw_les_01/views.py changed, reloading.
INFO 2023-10-28 17:03:11,052 autoreload 3173 8141001472 Watching for file changes with StatReloader
INFO 2023-10-28 17:03:21,319 autoreload 3173 8141001472 /Users/ruslanalbakov/Documents/ДЗ/Django/Geekbrains/hw_les_01/views.py changed, reloading.
INFO 2023-10-28 17:03:21,487 autoreload 3179 8141001472 Watching for file changes with StatReloader
INFO 2023-10-28 17:03:26,656 autoreload 3179 8141001472 /Users/ruslanalbakov/Documents/ДЗ/Django/Geekbrains/hw_les_01/views.py changed, reloading.
INFO 2023-10-28 17:03:26,841 autoreload 3185 8141001472 Watching for file changes with StatReloader
INFO 2023-10-28 17:03:30,996 autoreload 3185 8141001472 /Users/ruslanalbakov/Documents/ДЗ/Django/Geekbrains/hw_les_01/views.py changed, reloading.
INFO 2023-10-28 17:03:31,165 autoreload 3191 8141001472 Watching for file changes with StatReloader
INFO 2023-10-28 17:03:32,303 autoreload 3191 8141001472 /Users/ruslanalbakov/Documents/ДЗ/Django/Geekbrains/hw_les_01/views.py changed, reloading.
INFO 2023-10-28 17:03:32,442 autoreload 3192 8141001472 Watching for file changes with StatReloader
INFO 2023-10-28 17:03:34,850 views 3192 6128250880 Index page accessed
INFO 2023-10-28 17:03:34,851 basehttp 3192 6128250880 "GET / HTTP/1.1" 200 968
INFO 2023-10-28 17:05:43,285 autoreload 3192 8141001472 /Users/ruslanalbakov/Documents/ДЗ/Django/Geekbrains/hw_les_01/views.py changed, reloading.
INFO 2023-10-28 17:05:43,452 autoreload 3209 8141001472 Watching for file changes with StatReloader
INFO 2023-10-28 17:05:45,495 autoreload 3209 8141001472 /Users/ruslanalbakov/Documents/ДЗ/Django/Geekbrains/hw_les_01/views.py changed, reloading.
INFO 2023-10-28 17:05:45,647 autoreload 3215 8141001472 Watching for file changes with StatReloader
INFO 2023-10-28 17:05:48,719 autoreload 3215 8141001472 /Users/ruslanalbakov/Documents/ДЗ/Django/Geekbrains/hw_les_01/views.py changed, reloading.
INFO 2023-10-28 17:05:48,882 autoreload 3216 8141001472 Watching for file changes with StatReloader
INFO 2023-10-28 17:05:49,920 autoreload 3216 8141001472 /Users/ruslanalbakov/Documents/ДЗ/Django/Geekbrains/hw_les_01/views.py changed, reloading.
INFO 2023-10-28 17:05:50,111 autoreload 3223 8141001472 Watching for file changes with StatReloader
INFO 2023-10-28 17:05:52,157 autoreload 3223 8141001472 /Users/ruslanalbakov/Documents/ДЗ/Django/Geekbrains/hw_les_01/views.py changed, reloading.
INFO 2023-10-28 17:05:52,330 autoreload 3224 8141001472 Watching for file changes with StatReloader
INFO 2023-10-28 17:05:55,396 autoreload 3224 8141001472 /Users/ruslanalbakov/Documents/ДЗ/Django/Geekbrains/hw_les_01/views.py changed, reloading.
INFO 2023-10-28 17:05:55,555 autoreload 3230 8141001472 Watching for file changes with StatReloader
INFO 2023-10-28 17:06:19,890 autoreload 3230 8141001472 /Users/ruslanalbakov/Documents/ДЗ/Django/Geekbrains/hw_les_01/views.py changed, reloading.
INFO 2023-10-28 17:06:20,062 autoreload 3236 8141001472 Watching for file changes with StatReloader
INFO 2023-10-28 17:06:29,217 autoreload 3236 8141001472 /Users/ruslanalbakov/Documents/ДЗ/Django/Geekbrains/hw_les_01/views.py changed, reloading.
INFO 2023-10-28 17:06:29,379 autoreload 3244 8141001472 Watching for file changes with StatReloader
INFO 2023-10-28 17:06:37,505 autoreload 3244 8141001472 /Users/ruslanalbakov/Documents/ДЗ/Django/Geekbrains/hw_les_01/views.py changed, reloading.
INFO 2023-10-28 17:06:37,674 autoreload 3250 8141001472 Watching for file changes with StatReloader
INFO 2023-10-28 17:06:46,819 autoreload 3250 8141001472 /Users/ruslanalbakov/Documents/ДЗ/Django/Geekbrains/hw_les_01/views.py changed, reloading.
INFO 2023-10-28 17:06:46,978 autoreload 3258 8141001472 Watching for file changes with StatReloader
INFO 2023-10-28 17:06:52,061 autoreload 3258 8141001472 /Users/ruslanalbakov/Documents/ДЗ/Django/Geekbrains/hw_les_01/views.py changed, reloading.
INFO 2023-10-28 17:06:52,228 autoreload 3266 8141001472 Watching for file changes with StatReloader
INFO 2023-10-28 17:06:55,283 autoreload 3266 8141001472 /Users/ruslanalbakov/Documents/ДЗ/Django/Geekbrains/hw_les_01/views.py changed, reloading.
INFO 2023-10-28 17:06:55,435 autoreload 3273 8141001472 Watching for file changes with StatReloader
INFO 2023-10-28 17:06:57,495 autoreload 3273 8141001472 /Users/ruslanalbakov/Documents/ДЗ/Django/Geekbrains/hw_les_01/views.py changed, reloading.
INFO 2023-10-28 17:06:57,662 autoreload 3274 8141001472 Watching for file changes with StatReloader
INFO 2023-10-28 17:07:10,872 autoreload 3274 8141001472 /Users/ruslanalbakov/Documents/ДЗ/Django/Geekbrains/hw_les_01/views.py changed, reloading.
INFO 2023-10-28 17:07:11,049 autoreload 3285 8141001472 Watching for file changes with StatReloader
INFO 2023-10-28 17:07:12,089 autoreload 3285 8141001472 /Users/ruslanalbakov/Documents/ДЗ/Django/Geekbrains/hw_les_01/views.py changed, reloading.
INFO 2023-10-28 17:07:12,251 autoreload 3288 8141001472 Watching for file changes with StatReloader
INFO 2023-10-28 17:07:16,338 autoreload 3288 8141001472 /Users/ruslanalbakov/Documents/ДЗ/Django/Geekbrains/hw_les_01/views.py changed, reloading.
INFO 2023-10-28 17:07:16,498 autoreload 3292 8141001472 Watching for file changes with StatReloader
INFO 2023-10-28 17:07:21,583 autoreload 3292 8141001472 /Users/ruslanalbakov/Documents/ДЗ/Django/Geekbrains/hw_les_01/views.py changed, reloading.
INFO 2023-10-28 17:07:21,762 autoreload 3298 8141001472 Watching for file changes with StatReloader
INFO 2023-10-28 17:07:28,889 autoreload 3298 8141001472 /Users/ruslanalbakov/Documents/ДЗ/Django/Geekbrains/hw_les_01/views.py changed, reloading.
INFO 2023-10-28 17:07:29,066 autoreload 3306 8141001472 Watching for file changes with StatReloader
INFO 2023-10-28 17:07:33,150 autoreload 3306 8141001472 /Users/ruslanalbakov/Documents/ДЗ/Django/Geekbrains/hw_les_01/views.py changed, reloading.
INFO 2023-10-28 17:07:33,313 autoreload 3312 8141001472 Watching for file changes with StatReloader
INFO 2023-10-28 17:07:34,348 autoreload 3312 8141001472 /Users/ruslanalbakov/Documents/ДЗ/Django/Geekbrains/hw_les_01/views.py changed, reloading.
INFO 2023-10-28 17:07:34,516 autoreload 3313 8141001472 Watching for file changes with StatReloader
INFO 2023-10-28 17:07:37,584 autoreload 3313 8141001472 /Users/ruslanalbakov/Documents/ДЗ/Django/Geekbrains/hw_les_01/views.py changed, reloading.
INFO 2023-10-28 17:07:37,743 autoreload 3319 8141001472 Watching for file changes with StatReloader
INFO 2023-10-28 17:07:38,783 autoreload 3319 8141001472 /Users/ruslanalbakov/Documents/ДЗ/Django/Geekbrains/hw_les_01/views.py changed, reloading.
INFO 2023-10-28 17:07:38,934 autoreload 3320 8141001472 Watching for file changes with StatReloader
INFO 2023-10-28 17:07:47,057 autoreload 3320 8141001472 /Users/ruslanalbakov/Documents/ДЗ/Django/Geekbrains/hw_les_01/views.py changed, reloading.
INFO 2023-10-28 17:07:47,219 autoreload 3326 8141001472 Watching for file changes with StatReloader
INFO 2023-10-28 17:07:59,419 autoreload 3326 8141001472 /Users/ruslanalbakov/Documents/ДЗ/Django/Geekbrains/hw_les_01/views.py changed, reloading.
INFO 2023-10-28 17:07:59,601 autoreload 3335 8141001472 Watching for file changes with StatReloader
INFO 2023-10-28 17:08:02,315 views 3335 6135427072 Index page accessed
INFO 2023-10-28 17:08:02,316 basehttp 3335 6135427072 "GET / HTTP/1.1" 200 1064
INFO 2023-10-28 17:08:20,149 autoreload 3335 8141001472 /Users/ruslanalbakov/Documents/ДЗ/Django/Geekbrains/hw_les_01/views.py changed, reloading.
INFO 2023-10-28 17:08:20,332 autoreload 3345 8141001472 Watching for file changes with StatReloader
INFO 2023-10-28 17:08:21,162 views 3345 6130888704 Index page accessed
INFO 2023-10-28 17:08:21,163 basehttp 3345 6130888704 "GET / HTTP/1.1" 200 1064
INFO 2023-10-28 17:08:58,079 autoreload 3345 8141001472 /Users/ruslanalbakov/Documents/ДЗ/Django/Geekbrains/hw_les_01/views.py changed, reloading.
INFO 2023-10-28 17:08:58,220 autoreload 3355 8141001472 Watching for file changes with StatReloader
INFO 2023-10-28 17:09:04,410 autoreload 3355 8141001472 /Users/ruslanalbakov/Documents/ДЗ/Django/Geekbrains/hw_les_01/views.py changed, reloading.
INFO 2023-10-28 17:09:04,576 autoreload 3363 8141001472 Watching for file changes with StatReloader
INFO 2023-10-28 17:09:06,754 views 3363 6203420672 Index page accessed
INFO 2023-10-28 17:09:06,755 basehttp 3363 6203420672 "GET / HTTP/1.1" 200 1072
INFO 2023-10-28 17:09:07,711 views 3363 6203420672 Index page accessed
INFO 2023-10-28 17:09:07,711 basehttp 3363 6203420672 "GET / HTTP/1.1" 200 1072
INFO 2023-10-28 17:09:08,896 views 3363 6203420672 Index page accessed
INFO 2023-10-28 17:09:08,897 basehttp 3363 6203420672 "GET / HTTP/1.1" 200 1072
INFO 2023-10-28 17:09:14,686 views 3363 6203420672 Index page accessed
INFO 2023-10-28 17:09:14,688 basehttp 3363 6203420672 "GET / HTTP/1.1" 200 1072
INFO 2023-10-28 17:09:21,977 autoreload 3363 8141001472 /Users/ruslanalbakov/Documents/ДЗ/Django/Geekbrains/hw_les_01/views.py changed, reloading.
INFO 2023-10-28 17:09:22,156 autoreload 3373 8141001472 Watching for file changes with StatReloader
INFO 2023-10-28 17:09:25,298 autoreload 3373 8141001472 /Users/ruslanalbakov/Documents/ДЗ/Django/Geekbrains/hw_les_01/views.py changed, reloading.
INFO 2023-10-28 17:09:25,486 autoreload 3379 8141001472 Watching for file changes with StatReloader
INFO 2023-10-28 17:09:26,215 views 3379 6160592896 Index page accessed
INFO 2023-10-28 17:09:26,216 basehttp 3379 6160592896 "GET / HTTP/1.1" 200 1066
INFO 2023-10-28 17:09:28,808 views 3379 6160592896 Index page accessed
INFO 2023-10-28 17:09:28,808 basehttp 3379 6160592896 "GET / HTTP/1.1" 200 1066
INFO 2023-10-28 17:09:43,898 autoreload 3379 8141001472 /Users/ruslanalbakov/Documents/ДЗ/Django/Geekbrains/hw_les_01/views.py changed, reloading.
INFO 2023-10-28 17:09:44,068 autoreload 3389 8141001472 Watching for file changes with StatReloader
INFO 2023-10-28 17:11:27,096 autoreload 3389 8141001472 /Users/ruslanalbakov/Documents/ДЗ/Django/Geekbrains/hw_les_01/views.py changed, reloading.
INFO 2023-10-28 17:11:27,259 autoreload 3414 8141001472 Watching for file changes with StatReloader
INFO 2023-10-28 17:11:29,392 autoreload 3414 8141001472 /Users/ruslanalbakov/Documents/ДЗ/Django/Geekbrains/hw_les_01/views.py changed, reloading.
INFO 2023-10-28 17:11:29,563 autoreload 3421 8141001472 Watching for file changes with StatReloader
INFO 2023-10-28 17:11:32,716 autoreload 3421 8141001472 /Users/ruslanalbakov/Documents/ДЗ/Django/Geekbrains/hw_les_01/views.py changed, reloading.
INFO 2023-10-28 17:11:32,876 autoreload 3422 8141001472 Watching for file changes with StatReloader
INFO 2023-10-28 17:11:34,009 autoreload 3422 8141001472 /Users/ruslanalbakov/Documents/ДЗ/Django/Geekbrains/hw_les_01/views.py changed, reloading.
INFO 2023-10-28 17:11:34,149 autoreload 3425 8141001472 Watching for file changes with StatReloader
INFO 2023-10-28 17:11:50,389 autoreload 3425 8141001472 /Users/ruslanalbakov/Documents/ДЗ/Django/Geekbrains/hw_les_01/views.py changed, reloading.
INFO 2023-10-28 17:11:50,574 autoreload 3434 8141001472 Watching for file changes with StatReloader
INFO 2023-10-28 17:11:52,627 autoreload 3434 8141001472 /Users/ruslanalbakov/Documents/ДЗ/Django/Geekbrains/hw_les_01/views.py changed, reloading.
INFO 2023-10-28 17:11:52,792 autoreload 3440 8141001472 Watching for file changes with StatReloader
INFO 2023-10-28 17:11:54,843 autoreload 3440 8141001472 /Users/ruslanalbakov/Documents/ДЗ/Django/Geekbrains/hw_les_01/views.py changed, reloading.
INFO 2023-10-28 17:11:54,998 autoreload 3441 8141001472 Watching for file changes with StatReloader
INFO 2023-10-28 17:12:04,127 autoreload 3441 8141001472 /Users/ruslanalbakov/Documents/ДЗ/Django/Geekbrains/hw_les_01/views.py changed, reloading.
INFO 2023-10-28 17:12:04,284 autoreload 3447 8141001472 Watching for file changes with StatReloader
INFO 2023-10-28 17:12:06,330 autoreload 3447 8141001472 /Users/ruslanalbakov/Documents/ДЗ/Django/Geekbrains/hw_les_01/views.py changed, reloading.
INFO 2023-10-28 17:12:06,497 autoreload 3453 8141001472 Watching for file changes with StatReloader
INFO 2023-10-28 17:12:12,595 autoreload 3453 8141001472 /Users/ruslanalbakov/Documents/ДЗ/Django/Geekbrains/hw_les_01/views.py changed, reloading.
INFO 2023-10-28 17:12:12,786 autoreload 3459 8141001472 Watching for file changes with StatReloader
INFO 2023-10-28 17:16:48,103 autoreload 3459 8141001472 /Users/ruslanalbakov/Documents/ДЗ/Django/Geekbrains/hw_les_01/views.py changed, reloading.
INFO 2023-10-28 17:16:48,260 autoreload 3477 8141001472 Watching for file changes with StatReloader
INFO 2023-10-28 17:16:52,416 autoreload 3477 8141001472 /Users/ruslanalbakov/Documents/ДЗ/Django/Geekbrains/hw_les_01/views.py changed, reloading.
INFO 2023-10-28 17:16:52,600 autoreload 3484 8141001472 Watching for file changes with StatReloader
INFO 2023-10-28 17:16:53,837 views 3484 6166032384 Index page accessed
INFO 2023-10-28 17:16:53,839 basehttp 3484 6166032384 "GET / HTTP/1.1" 200 1034
INFO 2023-10-28 17:16:59,880 autoreload 3484 8141001472 /Users/ruslanalbakov/Documents/ДЗ/Django/Geekbrains/hw_les_01/views.py changed, reloading.
INFO 2023-10-28 17:17:00,058 autoreload 3492 8141001472 Watching for file changes with StatReloader
INFO 2023-10-28 17:17:10,318 autoreload 3492 8141001472 /Users/ruslanalbakov/Documents/ДЗ/Django/Geekbrains/hw_les_01/views.py changed, reloading.
INFO 2023-10-28 17:17:10,484 autoreload 3498 8141001472 Watching for file changes with StatReloader
INFO 2023-10-28 17:17:13,641 autoreload 3498 8141001472 /Users/ruslanalbakov/Documents/ДЗ/Django/Geekbrains/hw_les_01/views.py changed, reloading.
INFO 2023-10-28 17:17:13,821 autoreload 3505 8141001472 Watching for file changes with StatReloader
INFO 2023-10-28 17:18:24,154 autoreload 3505 8141001472 /Users/ruslanalbakov/Documents/ДЗ/Django/Geekbrains/hw_les_01/views.py changed, reloading.
INFO 2023-10-28 17:18:24,312 autoreload 3519 8141001472 Watching for file changes with StatReloader
INFO 2023-10-28 17:18:25,424 autoreload 3519 8141001472 /Users/ruslanalbakov/Documents/ДЗ/Django/Geekbrains/hw_les_01/views.py changed, reloading.
INFO 2023-10-28 17:18:25,571 autoreload 3522 8141001472 Watching for file changes with StatReloader
INFO 2023-10-28 17:18:27,625 autoreload 3522 8141001472 /Users/ruslanalbakov/Documents/ДЗ/Django/Geekbrains/hw_les_01/views.py changed, reloading.
INFO 2023-10-28 17:18:27,797 autoreload 3526 8141001472 Watching for file changes with StatReloader
INFO 2023-10-28 17:18:37,083 autoreload 3526 8141001472 /Users/ruslanalbakov/Documents/ДЗ/Django/Geekbrains/hw_les_01/views.py changed, reloading.
INFO 2023-10-28 17:18:37,252 autoreload 3532 8141001472 Watching for file changes with StatReloader
INFO 2023-10-28 17:18:40,957 views 3532 6191296512 Index page accessed
INFO 2023-10-28 17:18:40,958 basehttp 3532 6191296512 "GET / HTTP/1.1" 200 1060
INFO 2023-10-28 17:18:42,366 views 3532 6191296512 Index page accessed
INFO 2023-10-28 17:18:42,367 basehttp 3532 6191296512 "GET / HTTP/1.1" 200 1060
INFO 2023-10-28 17:18:46,554 autoreload 3532 8141001472 /Users/ruslanalbakov/Documents/ДЗ/Django/Geekbrains/hw_les_01/views.py changed, reloading.
INFO 2023-10-28 17:18:46,758 autoreload 3540 8141001472 Watching for file changes with StatReloader
INFO 2023-10-28 17:18:47,582 views 3540 6128349184 Index page accessed
INFO 2023-10-28 17:18:47,584 basehttp 3540 6128349184 "GET / HTTP/1.1" 200 1059
INFO 2023-10-28 17:19:12,206 autoreload 3540 8141001472 /Users/ruslanalbakov/Documents/ДЗ/Django/Geekbrains/hw_les_01/views.py changed, reloading.
INFO 2023-10-28 17:19:12,391 autoreload 3551 8141001472 Watching for file changes with StatReloader
INFO 2023-10-28 17:19:44,806 views 3551 6164164608 Index page accessed
INFO 2023-10-28 17:19:44,807 basehttp 3551 6164164608 "GET / HTTP/1.1" 200 1060
INFO 2023-10-28 17:19:45,942 views 3551 6164164608 Index page accessed
INFO 2023-10-28 17:19:45,942 basehttp 3551 6164164608 "GET / HTTP/1.1" 200 1060
INFO 2023-10-28 17:20:13,521 autoreload 3551 8141001472 /Users/ruslanalbakov/Documents/ДЗ/Django/Geekbrains/hw_les_01/views.py changed, reloading.
INFO 2023-10-28 17:20:13,689 autoreload 3567 8141001472 Watching for file changes with StatReloader
INFO 2023-10-28 17:20:16,555 views 3567 6135066624 Index page accessed
INFO 2023-10-28 17:20:16,556 basehttp 3567 6135066624 "GET / HTTP/1.1" 200 1054
INFO 2023-10-28 17:20:17,858 views 3567 6135066624 Index page accessed
INFO 2023-10-28 17:20:17,859 basehttp 3567 6135066624 "GET / HTTP/1.1" 200 1054
INFO 2023-10-28 17:20:24,007 autoreload 3567 8141001472 /Users/ruslanalbakov/Documents/ДЗ/Django/Geekbrains/hw_les_01/views.py changed, reloading.
INFO 2023-10-28 17:20:24,204 autoreload 3579 8141001472 Watching for file changes with StatReloader
INFO 2023-10-28 17:20:24,430 views 3579 6134493184 Index page accessed
INFO 2023-10-28 17:20:24,430 basehttp 3579 6134493184 "GET / HTTP/1.1" 200 1051
INFO 2023-10-28 17:20:30,412 autoreload 3579 8141001472 /Users/ruslanalbakov/Documents/ДЗ/Django/Geekbrains/hw_les_01/views.py changed, reloading.
INFO 2023-10-28 17:20:30,584 autoreload 3588 8141001472 Watching for file changes with StatReloader
INFO 2023-10-28 17:20:31,450 views 3588 6201782272 Index page accessed
INFO 2023-10-28 17:20:31,451 basehttp 3588 6201782272 "GET / HTTP/1.1" 200 1054
INFO 2023-10-28 17:20:34,090 views 3588 6201782272 Index page accessed
INFO 2023-10-28 17:20:34,091 basehttp 3588 6201782272 "GET / HTTP/1.1" 200 1054
INFO 2023-10-28 17:20:40,847 autoreload 3588 8141001472 /Users/ruslanalbakov/Documents/ДЗ/Django/Geekbrains/hw_les_01/views.py changed, reloading.
INFO 2023-10-28 17:20:41,017 autoreload 3597 8141001472 Watching for file changes with StatReloader
INFO 2023-10-28 17:20:42,834 views 3597 6156136448 Index page accessed
INFO 2023-10-28 17:20:42,835 basehttp 3597 6156136448 "GET / HTTP/1.1" 200 1054
INFO 2023-10-28 17:20:43,863 views 3597 6156136448 Index page accessed
INFO 2023-10-28 17:20:43,864 basehttp 3597 6156136448 "GET / HTTP/1.1" 200 1054
INFO 2023-10-28 17:20:59,478 autoreload 3597 8141001472 /Users/ruslanalbakov/Documents/ДЗ/Django/Geekbrains/hw_les_01/views.py changed, reloading.
INFO 2023-10-28 17:20:59,644 autoreload 3603 8141001472 Watching for file changes with StatReloader
INFO 2023-10-28 17:21:03,820 views 3603 6134083584 Index page accessed
INFO 2023-10-28 17:21:03,821 basehttp 3603 6134083584 "GET / HTTP/1.1" 200 1058
INFO 2023-10-28 17:22:28,678 autoreload 3603 8141001472 /Users/ruslanalbakov/Documents/ДЗ/Django/Geekbrains/hw_les_01/views.py changed, reloading.
INFO 2023-10-28 17:22:28,854 autoreload 3616 8141001472 Watching for file changes with StatReloader
INFO 2023-10-28 17:22:29,819 views 3616 6166212608 Index page accessed
INFO 2023-10-28 17:22:29,820 basehttp 3616 6166212608 "GET / HTTP/1.1" 200 1034
INFO 2023-10-28 17:22:48,252 autoreload 3616 8141001472 /Users/ruslanalbakov/Documents/ДЗ/Django/Geekbrains/hw_les_01/views.py changed, reloading.
INFO 2023-10-28 17:22:48,446 autoreload 3625 8141001472 Watching for file changes with StatReloader
INFO 2023-10-28 17:22:51,589 autoreload 3625 8141001472 /Users/ruslanalbakov/Documents/ДЗ/Django/Geekbrains/hw_les_01/views.py changed, reloading.
INFO 2023-10-28 17:22:51,788 autoreload 3631 8141001472 Watching for file changes with StatReloader
INFO 2023-10-28 17:22:52,515 views 3631 6129397760 Index page accessed
INFO 2023-10-28 17:22:52,516 basehttp 3631 6129397760 "GET / HTTP/1.1" 200 1047
INFO 2023-10-28 17:24:26,746 autoreload 3631 8141001472 /Users/ruslanalbakov/Documents/ДЗ/Django/Geekbrains/hw_les_01/views.py changed, reloading.
INFO 2023-10-28 17:24:26,937 autoreload 3640 8141001472 Watching for file changes with StatReloader
INFO 2023-10-28 17:24:27,508 views 3640 6138310656 Index page accessed
INFO 2023-10-28 17:24:27,509 basehttp 3640 6138310656 "GET / HTTP/1.1" 200 1054
INFO 2023-10-28 17:24:29,081 views 3640 6138310656 Index page accessed
INFO 2023-10-28 17:24:29,082 basehttp 3640 6138310656 "GET / HTTP/1.1" 200 1054
INFO 2023-10-28 17:24:36,411 views 3640 6138310656 Index page accessed
INFO 2023-10-28 17:24:36,412 basehttp 3640 6138310656 "GET / HTTP/1.1" 200 1054
INFO 2023-10-28 17:25:29,300 autoreload 3640 8141001472 /Users/ruslanalbakov/Documents/ДЗ/Django/Geekbrains/hw_les_01/views.py changed, reloading.
INFO 2023-10-28 17:25:29,465 autoreload 3652 8141001472 Watching for file changes with StatReloader
INFO 2023-10-28 17:25:30,607 autoreload 3652 8141001472 /Users/ruslanalbakov/Documents/ДЗ/Django/Geekbrains/hw_les_01/views.py changed, reloading.
INFO 2023-10-28 17:25:30,752 autoreload 3655 8141001472 Watching for file changes with StatReloader
INFO 2023-10-28 17:25:30,803 views 3655 6161985536 Index page accessed
INFO 2023-10-28 17:25:30,804 basehttp 3655 6161985536 "GET / HTTP/1.1" 200 1055
INFO 2023-10-28 17:25:37,471 views 3655 6161985536 Index page accessed
INFO 2023-10-28 17:25:37,472 basehttp 3655 6161985536 "GET / HTTP/1.1" 200 1055
INFO 2023-10-28 17:26:23,945 autoreload 3655 8141001472 /Users/ruslanalbakov/Documents/ДЗ/Django/Geekbrains/hw_les_01/views.py changed, reloading.
INFO 2023-10-28 17:26:24,104 autoreload 3665 8141001472 Watching for file changes with StatReloader
INFO 2023-10-28 17:26:28,261 autoreload 3665 8141001472 /Users/ruslanalbakov/Documents/ДЗ/Django/Geekbrains/hw_les_01/views.py changed, reloading.
INFO 2023-10-28 17:26:28,444 autoreload 3671 8141001472 Watching for file changes with StatReloader
INFO 2023-10-28 17:26:29,315 views 3671 6156038144 Index page accessed
INFO 2023-10-28 17:26:29,316 basehttp 3671 6156038144 "GET / HTTP/1.1" 200 1050
INFO 2023-10-28 17:36:14,011 autoreload 3849 8141001472 Watching for file changes with StatReloader
INFO 2023-10-28 17:36:15,494 views 3849 6194294784 Index page accessed
INFO 2023-10-28 17:36:15,494 basehttp 3849 6194294784 "GET / HTTP/1.1" 200 1055
INFO 2023-10-28 17:36:17,249 basehttp 3849 6194294784 "GET /about HTTP/1.1" 301 0
INFO 2023-10-28 17:36:17,257 views 3849 6194294784 About page accessed
INFO 2023-10-28 17:36:17,258 basehttp 3849 6194294784 "GET /about/ HTTP/1.1" 200 984
INFO 2023-10-28 17:37:39,784 autoreload 3885 8141001472 Watching for file changes with StatReloader
INFO 2023-10-28 17:37:45,084 views 3885 6158413824 About page accessed
INFO 2023-10-28 17:37:45,085 basehttp 3885 6158413824 "GET /about/ HTTP/1.1" 200 991
INFO 2023-10-28 17:37:46,541 views 3885 6158413824 About page accessed
INFO 2023-10-28 17:37:46,542 basehttp 3885 6158413824 "GET /about/ HTTP/1.1" 200 991
INFO 2023-10-28 17:37:53,453 views 3885 6158413824 About page accessed
INFO 2023-10-28 17:37:53,454 basehttp 3885 6158413824 "GET /about/ HTTP/1.1" 200 991
INFO 2023-10-28 17:38:09,443 autoreload 3885 8141001472 /Users/ruslanalbakov/Documents/ДЗ/Django/Geekbrains/hw_les_01/views.py changed, reloading.
INFO 2023-10-28 17:38:09,602 autoreload 3897 8141001472 Watching for file changes with StatReloader
INFO 2023-10-28 17:38:11,078 views 3897 6125481984 About page accessed
INFO 2023-10-28 17:38:11,078 basehttp 3897 6125481984 "GET /about/ HTTP/1.1" 200 992
INFO 2023-10-28 17:38:14,295 views 3897 6125481984 Index page accessed
INFO 2023-10-28 17:38:14,296 basehttp 3897 6125481984 "GET / HTTP/1.1" 200 1055
INFO 2023-10-28 17:38:18,912 views 3897 6125481984 About page accessed
INFO 2023-10-28 17:38:18,913 basehttp 3897 6125481984 "GET /about/ HTTP/1.1" 200 992
INFO 2023-10-28 17:38:20,531 views 3897 6125481984 Index page accessed
INFO 2023-10-28 17:38:20,532 basehttp 3897 6125481984 "GET / HTTP/1.1" 200 1055
INFO 2023-10-28 17:38:28,024 views 3897 6125481984 About page accessed
INFO 2023-10-28 17:38:28,025 basehttp 3897 6125481984 "GET /about/ HTTP/1.1" 200 992
INFO 2023-10-28 18:20:42,254 autoreload 3897 8141001472 /Users/ruslanalbakov/Documents/ДЗ/Django/Geekbrains/hw_les_01/views.py changed, reloading.
INFO 2023-10-28 18:20:42,411 autoreload 3926 8141001472 Watching for file changes with StatReloader
INFO 2023-10-28 18:20:48,561 autoreload 3926 8141001472 /Users/ruslanalbakov/Documents/ДЗ/Django/Geekbrains/hw_les_01/views.py changed, reloading.
INFO 2023-10-28 18:20:48,725 autoreload 3934 8141001472 Watching for file changes with StatReloader
INFO 2023-10-28 18:20:56,934 autoreload 3934 8141001472 /Users/ruslanalbakov/Documents/ДЗ/Django/Geekbrains/hw_les_01/views.py changed, reloading.
INFO 2023-10-28 18:20:57,099 autoreload 3940 8141001472 Watching for file changes with StatReloader
INFO 2023-10-28 18:20:59,217 autoreload 3940 8141001472 /Users/ruslanalbakov/Documents/ДЗ/Django/Geekbrains/hw_les_01/views.py changed, reloading.
INFO 2023-10-28 18:20:59,377 autoreload 3946 8141001472 Watching for file changes with StatReloader
INFO 2023-10-28 18:21:04,550 autoreload 3946 8141001472 /Users/ruslanalbakov/Documents/ДЗ/Django/Geekbrains/hw_les_01/views.py changed, reloading.
INFO 2023-10-28 18:21:04,709 autoreload 3952 8141001472 Watching for file changes with StatReloader
INFO 2023-10-28 18:21:08,862 autoreload 3952 8141001472 /Users/ruslanalbakov/Documents/ДЗ/Django/Geekbrains/hw_les_01/views.py changed, reloading.
INFO 2023-10-28 18:21:09,018 autoreload 3958 8141001472 Watching for file changes with StatReloader
INFO 2023-10-28 18:21:10,140 autoreload 3958 8141001472 /Users/ruslanalbakov/Documents/ДЗ/Django/Geekbrains/hw_les_01/views.py changed, reloading.
INFO 2023-10-28 18:21:10,296 autoreload 3959 8141001472 Watching for file changes with StatReloader
INFO 2023-10-28 18:21:11,773 views 3959 6192410624 About page accessed
INFO 2023-10-28 18:21:11,775 basehttp 3959 6192410624 "GET /about/ HTTP/1.1" 200 1042
INFO 2023-10-28 18:21:27,789 autoreload 3959 8141001472 /Users/ruslanalbakov/Documents/ДЗ/Django/Geekbrains/hw_les_01/views.py changed, reloading.
INFO 2023-10-28 18:21:27,950 autoreload 3971 8141001472 Watching for file changes with StatReloader
INFO 2023-10-28 18:21:48,640 views 3971 6128775168 Index page accessed
INFO 2023-10-28 18:21:48,641 basehttp 3971 6128775168 "GET / HTTP/1.1" 200 1055
INFO 2023-10-28 18:22:05,884 autoreload 3971 8141001472 /Users/ruslanalbakov/Documents/ДЗ/Django/Geekbrains/hw_les_01/views.py changed, reloading.
INFO 2023-10-28 18:22:06,048 autoreload 3986 8141001472 Watching for file changes with StatReloader
INFO 2023-10-28 18:28:27,932 autoreload 4172 8141001472 Watching for file changes with StatReloader
INFO 2023-10-28 18:28:29,610 views 4172 6132822016 Index page accessed
INFO 2023-10-28 18:28:29,611 basehttp 4172 6132822016 "GET / HTTP/1.1" 200 1056
INFO 2023-10-28 18:28:32,688 views 4172 6132822016 About page accessed
INFO 2023-10-28 18:28:32,689 basehttp 4172 6132822016 "GET /about/ HTTP/1.1" 200 1044
INFO 2023-10-28 18:30:20,452 autoreload 4243 8141001472 Watching for file changes with StatReloader
INFO 2023-10-28 18:30:54,934 views 4243 6134083584 About page accessed
INFO 2023-10-28 18:30:54,935 basehttp 4243 6134083584 "GET /about/ HTTP/1.1" 200 1044
INFO 2023-10-28 18:30:57,674 views 4243 6134083584 About page accessed
INFO 2023-10-28 18:30:57,675 basehttp 4243 6134083584 "GET /about/ HTTP/1.1" 200 1044
INFO 2023-10-28 18:30:58,491 views 4243 6134083584 Index page accessed
INFO 2023-10-28 18:30:58,491 basehttp 4243 6134083584 "GET / HTTP/1.1" 200 1056
INFO 2023-10-28 18:35:18,102 views 4243 6134083584 Index page accessed
INFO 2023-10-28 18:35:18,103 basehttp 4243 6134083584 "GET / HTTP/1.1" 200 1056
INFO 2023-10-28 18:36:02,825 basehttp 4243 6150909952 code 400, message Bad request syntax ('\x16\x03\x01\x02\x00\x01\x00\x01ü\x03\x03}\x97\x14á½²\x9c\x80')
ERROR 2023-10-28 18:36:02,827 basehttp 4243 6150909952 You're accessing the development server over HTTPS, but it only supports HTTP.
INFO 2023-10-28 18:36:02,843 basehttp 4243 6150909952 code 400, message Bad request version ('0\x00,zz\x13\x01\x13\x02\x13\x03À,À+Ì©À0À/Ì¨À')
ERROR 2023-10-28 18:36:02,843 basehttp 4243 6150909952 You're accessing the development server over HTTPS, but it only supports HTTP.
INFO 2023-10-28 18:36:02,859 basehttp 4243 6150909952 code 400, message Bad HTTP/0.9 request type ('\x16\x03\x01\x00}\x01\x00\x00y\x03\x01')
ERROR 2023-10-28 18:36:02,859 basehttp 4243 6150909952 You're accessing the development server over HTTPS, but it only supports HTTP.
INFO 2023-10-28 18:36:02,963 basehttp 4243 6150909952 code 400, message Bad request version ('=N¥»ha\x03ù¿,\x04ÉÁÌ6®uå(\x81ÁL¾#iõò\x82\x94\x81Xû\x00*ÚÚ\x13\x01\x13\x02\x13\x03À,À+Ì©À0À/Ì¨À')
ERROR 2023-10-28 18:36:02,964 basehttp 4243 6150909952 You're accessing the development server over HTTPS, but it only supports HTTP.
INFO 2023-10-28 18:36:02,981 basehttp 4243 6150909952 code 400, message Bad request version ('ÌÔÃ¢þN\x00,::\x13\x01\x13\x02\x13\x03À,À+Ì©À0À/Ì¨À')
ERROR 2023-10-28 18:36:02,981 basehttp 4243 6150909952 You're accessing the development server over HTTPS, but it only supports HTTP.
INFO 2023-10-28 18:36:02,994 basehttp 4243 6150909952 code 400, message Bad request syntax ('\x16\x03\x01\x00}\x01\x00\x00y\x03\x01')
ERROR 2023-10-28 18:36:02,994 basehttp 4243 6150909952 You're accessing the development server over HTTPS, but it only supports HTTP.
INFO 2023-10-28 18:36:37,448 views 4243 6150909952 Index page accessed
INFO 2023-10-28 18:36:37,449 basehttp 4243 6150909952 "GET / HTTP/1.1" 200 1056
WARNING 2023-10-28 18:36:38,218 log 4243 6150909952 Not Found: /favicon.ico
WARNING 2023-10-28 18:36:38,218 basehttp 4243 6150909952 "GET /favicon.ico HTTP/1.1" 404 2442
INFO 2023-10-28 18:36:46,241 basehttp 4243 6150909952 "GET /about HTTP/1.1" 301 0
INFO 2023-10-28 18:36:46,276 views 4243 6150909952 About page accessed
INFO 2023-10-28 18:36:46,277 basehttp 4243 6150909952 "GET /about/ HTTP/1.1" 200 1044
INFO 2023-10-28 18:36:49,403 views 4243 6150909952 Index page accessed
INFO 2023-10-28 18:36:49,405 basehttp 4243 6150909952 "GET / HTTP/1.1" 200 1056
INFO 2023-10-28 18:36:53,818 basehttp 4243 6150909952 "GET /about HTTP/1.1" 301 0
INFO 2023-10-28 18:36:53,918 views 4243 6150909952 About page accessed
INFO 2023-10-28 18:36:53,919 basehttp 4243 6150909952 "GET /about/ HTTP/1.1" 200 1044
INFO 2023-10-28 18:36:59,544 views 4243 6150909952 Index page accessed
INFO 2023-10-28 18:36:59,545 basehttp 4243 6150909952 "GET / HTTP/1.1" 200 1056
INFO 2023-10-28 18:37:05,848 basehttp 4243 6150909952 "GET /about HTTP/1.1" 301 0
INFO 2023-10-28 18:37:05,878 views 4243 6150909952 About page accessed
INFO 2023-10-28 18:37:05,879 basehttp 4243 6150909952 "GET /about/ HTTP/1.1" 200 1044
INFO 2023-10-28 18:37:12,341 views 4243 6150909952 Index page accessed
INFO 2023-10-28 18:37:12,342 basehttp 4243 6150909952 "GET / HTTP/1.1" 200 1056
INFO 2023-10-28 18:37:29,552 views 4243 6167736320 Index page accessed
INFO 2023-10-28 18:37:29,553 basehttp 4243 6167736320 "GET / HTTP/1.1" 200 1056
INFO 2023-10-28 18:37:33,651 basehttp 4243 6134083584 "GET /about HTTP/1.1" 301 0
INFO 2023-10-28 18:37:33,669 views 4243 6167736320 About page accessed
INFO 2023-10-28 18:37:33,669 basehttp 4243 6167736320 "GET /about/ HTTP/1.1" 200 1044
INFO 2023-10-28 18:37:45,007 views 4243 6167736320 Index page accessed
INFO 2023-10-28 18:37:45,007 basehttp 4243 6167736320 "GET / HTTP/1.1" 200 1056
INFO 2023-10-28 18:37:54,426 basehttp 4243 6167736320 - Broken pipe from ('192.168.1.14', 52733)
INFO 2023-11-04 10:06:39,537 autoreload 4865 7944835840 Watching for file changes with StatReloader
INFO 2023-11-04 10:06:50,507 views 4865 6138163200 Index page accessed
INFO 2023-11-04 10:06:50,508 basehttp 4865 6138163200 "GET / HTTP/1.1" 200 1056
WARNING 2023-11-04 10:06:50,580 log 4865 6138163200 Not Found: /favicon.ico
WARNING 2023-11-04 10:06:50,581 basehttp 4865 6138163200 "GET /favicon.ico HTTP/1.1" 404 2440
WARNING 2023-11-04 10:06:50,583 log 4865 6154989568 Not Found: /apple-touch-icon-precomposed.png
WARNING 2023-11-04 10:06:50,583 basehttp 4865 6154989568 "GET /apple-touch-icon-precomposed.png HTTP/1.1" 404 2503
WARNING 2023-11-04 10:06:50,585 log 4865 6154989568 Not Found: /apple-touch-icon.png
WARNING 2023-11-04 10:06:50,585 basehttp 4865 6154989568 "GET /apple-touch-icon.png HTTP/1.1" 404 2467
INFO 2023-11-04 10:06:58,478 basehttp 4865 6138163200 "GET /about HTTP/1.1" 301 0
INFO 2023-11-04 10:06:58,486 views 4865 6138163200 About page accessed
INFO 2023-11-04 10:06:58,487 basehttp 4865 6138163200 "GET /about/ HTTP/1.1" 200 1044
INFO 2023-11-04 10:07:35,559 autoreload 4865 7944835840 /Users/ruslanalbakov/Documents/ДЗ/Django/Geekbrains/lesson01/urls.py changed, reloading.
INFO 2023-11-04 10:07:35,726 autoreload 4890 7944835840 Watching for file changes with StatReloader
INFO 2023-11-04 10:07:38,878 autoreload 4890 7944835840 /Users/ruslanalbakov/Documents/ДЗ/Django/Geekbrains/lesson01/urls.py changed, reloading.
INFO 2023-11-04 10:07:39,045 autoreload 4897 7944835840 Watching for file changes with StatReloader
INFO 2023-11-04 10:07:43,620 views 4897 6191525888 Index page accessed
INFO 2023-11-04 10:07:43,621 basehttp 4897 6191525888 "GET / HTTP/1.1" 200 1056
INFO 2023-11-04 10:07:46,113 views 4897 6191525888 Index page accessed
INFO 2023-11-04 10:07:46,114 basehttp 4897 6191525888 "GET / HTTP/1.1" 200 1056
INFO 2023-11-04 10:07:55,161 views 4897 6191525888 Index page accessed
INFO 2023-11-04 10:07:55,163 basehttp 4897 6191525888 "GET / HTTP/1.1" 200 1056
WARNING 2023-11-04 10:07:55,802 log 4897 6191525888 Not Found: /games
WARNING 2023-11-04 10:07:55,803 basehttp 4897 6191525888 "GET //games HTTP/1.1" 404 2633
WARNING 2023-11-04 10:08:06,194 log 4897 6191525888 Not Found: /games
WARNING 2023-11-04 10:08:06,195 basehttp 4897 6191525888 "GET /games HTTP/1.1" 404 2633
WARNING 2023-11-04 10:08:09,205 log 4897 6191525888 Not Found: /games/
WARNING 2023-11-04 10:08:09,206 basehttp 4897 6191525888 "GET /games/ HTTP/1.1" 404 2882
ERROR 2023-11-04 10:08:17,566 log 4897 6191525888 Internal Server Error: /games/coin
Traceback (most recent call last):
  File "/Users/ruslanalbakov/Documents/ДЗ/Django/venv/lib/python3.11/site-packages/django/db/backends/utils.py", line 89, in _execute
    return self.cursor.execute(sql, params)
           ^^^^^^^^^^^^^^^^^^^^^^^^^^^^^^^^
  File "/Users/ruslanalbakov/Documents/ДЗ/Django/venv/lib/python3.11/site-packages/django/db/backends/sqlite3/base.py", line 328, in execute
    return super().execute(query, params)
           ^^^^^^^^^^^^^^^^^^^^^^^^^^^^^^
sqlite3.OperationalError: no such table: lesapp2_handtails

The above exception was the direct cause of the following exception:

Traceback (most recent call last):
  File "/Users/ruslanalbakov/Documents/ДЗ/Django/venv/lib/python3.11/site-packages/django/core/handlers/exception.py", line 55, in inner
    response = get_response(request)
               ^^^^^^^^^^^^^^^^^^^^^
  File "/Users/ruslanalbakov/Documents/ДЗ/Django/venv/lib/python3.11/site-packages/django/core/handlers/base.py", line 197, in _get_response
    response = wrapped_callback(request, *callback_args, **callback_kwargs)
               ^^^^^^^^^^^^^^^^^^^^^^^^^^^^^^^^^^^^^^^^^^^^^^^^^^^^^^^^^^^^
  File "/Users/ruslanalbakov/Documents/ДЗ/Django/Geekbrains/lesapp2/views.py", line 17, in handtails
    res.save()
  File "/Users/ruslanalbakov/Documents/ДЗ/Django/venv/lib/python3.11/site-packages/django/db/models/base.py", line 814, in save
    self.save_base(
  File "/Users/ruslanalbakov/Documents/ДЗ/Django/venv/lib/python3.11/site-packages/django/db/models/base.py", line 877, in save_base
    updated = self._save_table(
              ^^^^^^^^^^^^^^^^^
  File "/Users/ruslanalbakov/Documents/ДЗ/Django/venv/lib/python3.11/site-packages/django/db/models/base.py", line 1020, in _save_table
    results = self._do_insert(
              ^^^^^^^^^^^^^^^^
  File "/Users/ruslanalbakov/Documents/ДЗ/Django/venv/lib/python3.11/site-packages/django/db/models/base.py", line 1061, in _do_insert
    return manager._insert(
           ^^^^^^^^^^^^^^^^
  File "/Users/ruslanalbakov/Documents/ДЗ/Django/venv/lib/python3.11/site-packages/django/db/models/manager.py", line 87, in manager_method
    return getattr(self.get_queryset(), name)(*args, **kwargs)
           ^^^^^^^^^^^^^^^^^^^^^^^^^^^^^^^^^^^^^^^^^^^^^^^^^^^
  File "/Users/ruslanalbakov/Documents/ДЗ/Django/venv/lib/python3.11/site-packages/django/db/models/query.py", line 1805, in _insert
    return query.get_compiler(using=using).execute_sql(returning_fields)
           ^^^^^^^^^^^^^^^^^^^^^^^^^^^^^^^^^^^^^^^^^^^^^^^^^^^^^^^^^^^^^
  File "/Users/ruslanalbakov/Documents/ДЗ/Django/venv/lib/python3.11/site-packages/django/db/models/sql/compiler.py", line 1822, in execute_sql
    cursor.execute(sql, params)
  File "/Users/ruslanalbakov/Documents/ДЗ/Django/venv/lib/python3.11/site-packages/django/db/backends/utils.py", line 102, in execute
    return super().execute(sql, params)
           ^^^^^^^^^^^^^^^^^^^^^^^^^^^^
  File "/Users/ruslanalbakov/Documents/ДЗ/Django/venv/lib/python3.11/site-packages/django/db/backends/utils.py", line 67, in execute
    return self._execute_with_wrappers(
           ^^^^^^^^^^^^^^^^^^^^^^^^^^^^
  File "/Users/ruslanalbakov/Documents/ДЗ/Django/venv/lib/python3.11/site-packages/django/db/backends/utils.py", line 80, in _execute_with_wrappers
    return executor(sql, params, many, context)
           ^^^^^^^^^^^^^^^^^^^^^^^^^^^^^^^^^^^^
  File "/Users/ruslanalbakov/Documents/ДЗ/Django/venv/lib/python3.11/site-packages/django/db/backends/utils.py", line 84, in _execute
    with self.db.wrap_database_errors:
  File "/Users/ruslanalbakov/Documents/ДЗ/Django/venv/lib/python3.11/site-packages/django/db/utils.py", line 91, in __exit__
    raise dj_exc_value.with_traceback(traceback) from exc_value
  File "/Users/ruslanalbakov/Documents/ДЗ/Django/venv/lib/python3.11/site-packages/django/db/backends/utils.py", line 89, in _execute
    return self.cursor.execute(sql, params)
           ^^^^^^^^^^^^^^^^^^^^^^^^^^^^^^^^
  File "/Users/ruslanalbakov/Documents/ДЗ/Django/venv/lib/python3.11/site-packages/django/db/backends/sqlite3/base.py", line 328, in execute
    return super().execute(query, params)
           ^^^^^^^^^^^^^^^^^^^^^^^^^^^^^^
django.db.utils.OperationalError: no such table: lesapp2_handtails
ERROR 2023-11-04 10:08:17,569 basehttp 4897 6191525888 "GET /games/coin HTTP/1.1" 500 140392
ERROR 2023-11-04 10:09:05,793 log 4897 6191525888 Internal Server Error: /games/coin
Traceback (most recent call last):
  File "/Users/ruslanalbakov/Documents/ДЗ/Django/venv/lib/python3.11/site-packages/django/db/backends/utils.py", line 89, in _execute
    return self.cursor.execute(sql, params)
           ^^^^^^^^^^^^^^^^^^^^^^^^^^^^^^^^
  File "/Users/ruslanalbakov/Documents/ДЗ/Django/venv/lib/python3.11/site-packages/django/db/backends/sqlite3/base.py", line 328, in execute
    return super().execute(query, params)
           ^^^^^^^^^^^^^^^^^^^^^^^^^^^^^^
sqlite3.OperationalError: no such table: lesapp2_handtails

The above exception was the direct cause of the following exception:

Traceback (most recent call last):
  File "/Users/ruslanalbakov/Documents/ДЗ/Django/venv/lib/python3.11/site-packages/django/core/handlers/exception.py", line 55, in inner
    response = get_response(request)
               ^^^^^^^^^^^^^^^^^^^^^
  File "/Users/ruslanalbakov/Documents/ДЗ/Django/venv/lib/python3.11/site-packages/django/core/handlers/base.py", line 197, in _get_response
    response = wrapped_callback(request, *callback_args, **callback_kwargs)
               ^^^^^^^^^^^^^^^^^^^^^^^^^^^^^^^^^^^^^^^^^^^^^^^^^^^^^^^^^^^^
  File "/Users/ruslanalbakov/Documents/ДЗ/Django/Geekbrains/lesapp2/views.py", line 17, in handtails
    res.save()
  File "/Users/ruslanalbakov/Documents/ДЗ/Django/venv/lib/python3.11/site-packages/django/db/models/base.py", line 814, in save
    self.save_base(
  File "/Users/ruslanalbakov/Documents/ДЗ/Django/venv/lib/python3.11/site-packages/django/db/models/base.py", line 877, in save_base
    updated = self._save_table(
              ^^^^^^^^^^^^^^^^^
  File "/Users/ruslanalbakov/Documents/ДЗ/Django/venv/lib/python3.11/site-packages/django/db/models/base.py", line 1020, in _save_table
    results = self._do_insert(
              ^^^^^^^^^^^^^^^^
  File "/Users/ruslanalbakov/Documents/ДЗ/Django/venv/lib/python3.11/site-packages/django/db/models/base.py", line 1061, in _do_insert
    return manager._insert(
           ^^^^^^^^^^^^^^^^
  File "/Users/ruslanalbakov/Documents/ДЗ/Django/venv/lib/python3.11/site-packages/django/db/models/manager.py", line 87, in manager_method
    return getattr(self.get_queryset(), name)(*args, **kwargs)
           ^^^^^^^^^^^^^^^^^^^^^^^^^^^^^^^^^^^^^^^^^^^^^^^^^^^
  File "/Users/ruslanalbakov/Documents/ДЗ/Django/venv/lib/python3.11/site-packages/django/db/models/query.py", line 1805, in _insert
    return query.get_compiler(using=using).execute_sql(returning_fields)
           ^^^^^^^^^^^^^^^^^^^^^^^^^^^^^^^^^^^^^^^^^^^^^^^^^^^^^^^^^^^^^
  File "/Users/ruslanalbakov/Documents/ДЗ/Django/venv/lib/python3.11/site-packages/django/db/models/sql/compiler.py", line 1822, in execute_sql
    cursor.execute(sql, params)
  File "/Users/ruslanalbakov/Documents/ДЗ/Django/venv/lib/python3.11/site-packages/django/db/backends/utils.py", line 102, in execute
    return super().execute(sql, params)
           ^^^^^^^^^^^^^^^^^^^^^^^^^^^^
  File "/Users/ruslanalbakov/Documents/ДЗ/Django/venv/lib/python3.11/site-packages/django/db/backends/utils.py", line 67, in execute
    return self._execute_with_wrappers(
           ^^^^^^^^^^^^^^^^^^^^^^^^^^^^
  File "/Users/ruslanalbakov/Documents/ДЗ/Django/venv/lib/python3.11/site-packages/django/db/backends/utils.py", line 80, in _execute_with_wrappers
    return executor(sql, params, many, context)
           ^^^^^^^^^^^^^^^^^^^^^^^^^^^^^^^^^^^^
  File "/Users/ruslanalbakov/Documents/ДЗ/Django/venv/lib/python3.11/site-packages/django/db/backends/utils.py", line 84, in _execute
    with self.db.wrap_database_errors:
  File "/Users/ruslanalbakov/Documents/ДЗ/Django/venv/lib/python3.11/site-packages/django/db/utils.py", line 91, in __exit__
    raise dj_exc_value.with_traceback(traceback) from exc_value
  File "/Users/ruslanalbakov/Documents/ДЗ/Django/venv/lib/python3.11/site-packages/django/db/backends/utils.py", line 89, in _execute
    return self.cursor.execute(sql, params)
           ^^^^^^^^^^^^^^^^^^^^^^^^^^^^^^^^
  File "/Users/ruslanalbakov/Documents/ДЗ/Django/venv/lib/python3.11/site-packages/django/db/backends/sqlite3/base.py", line 328, in execute
    return super().execute(query, params)
           ^^^^^^^^^^^^^^^^^^^^^^^^^^^^^^
django.db.utils.OperationalError: no such table: lesapp2_handtails
ERROR 2023-11-04 10:09:05,795 basehttp 4897 6191525888 "GET /games/coin HTTP/1.1" 500 140392
WARNING 2023-11-04 10:09:06,506 log 4897 6191525888 Not Found: /games/
WARNING 2023-11-04 10:09:06,506 basehttp 4897 6191525888 "GET /games/ HTTP/1.1" 404 2882
ERROR 2023-11-04 10:09:11,758 log 4897 6191525888 Internal Server Error: /games/last_coins
Traceback (most recent call last):
  File "/Users/ruslanalbakov/Documents/ДЗ/Django/venv/lib/python3.11/site-packages/django/db/backends/utils.py", line 89, in _execute
    return self.cursor.execute(sql, params)
           ^^^^^^^^^^^^^^^^^^^^^^^^^^^^^^^^
  File "/Users/ruslanalbakov/Documents/ДЗ/Django/venv/lib/python3.11/site-packages/django/db/backends/sqlite3/base.py", line 328, in execute
    return super().execute(query, params)
           ^^^^^^^^^^^^^^^^^^^^^^^^^^^^^^
sqlite3.OperationalError: no such table: lesapp2_handtails

The above exception was the direct cause of the following exception:

Traceback (most recent call last):
  File "/Users/ruslanalbakov/Documents/ДЗ/Django/venv/lib/python3.11/site-packages/django/core/handlers/exception.py", line 55, in inner
    response = get_response(request)
               ^^^^^^^^^^^^^^^^^^^^^
  File "/Users/ruslanalbakov/Documents/ДЗ/Django/venv/lib/python3.11/site-packages/django/core/handlers/base.py", line 197, in _get_response
    response = wrapped_callback(request, *callback_args, **callback_kwargs)
               ^^^^^^^^^^^^^^^^^^^^^^^^^^^^^^^^^^^^^^^^^^^^^^^^^^^^^^^^^^^^
  File "/Users/ruslanalbakov/Documents/ДЗ/Django/Geekbrains/lesapp2/views.py", line 21, in last_coins
    data = Handtails.get_last(5)
           ^^^^^^^^^^^^^^^^^^^^^
  File "/Users/ruslanalbakov/Documents/ДЗ/Django/Geekbrains/lesapp2/models.py", line 14, in get_last
    hand_count = sum(flip.side == 'Орел' for flip in last_n_stat)
                    ^^^^^^^^^^^^^^^^^^^^^^^^^^^^^^^^^^^^^^^^^^^^^
  File "/Users/ruslanalbakov/Documents/ДЗ/Django/venv/lib/python3.11/site-packages/django/db/models/query.py", line 398, in __iter__
    self._fetch_all()
  File "/Users/ruslanalbakov/Documents/ДЗ/Django/venv/lib/python3.11/site-packages/django/db/models/query.py", line 1881, in _fetch_all
    self._result_cache = list(self._iterable_class(self))
                         ^^^^^^^^^^^^^^^^^^^^^^^^^^^^^^^^
  File "/Users/ruslanalbakov/Documents/ДЗ/Django/venv/lib/python3.11/site-packages/django/db/models/query.py", line 91, in __iter__
    results = compiler.execute_sql(
              ^^^^^^^^^^^^^^^^^^^^^
  File "/Users/ruslanalbakov/Documents/ДЗ/Django/venv/lib/python3.11/site-packages/django/db/models/sql/compiler.py", line 1562, in execute_sql
    cursor.execute(sql, params)
  File "/Users/ruslanalbakov/Documents/ДЗ/Django/venv/lib/python3.11/site-packages/django/db/backends/utils.py", line 102, in execute
    return super().execute(sql, params)
           ^^^^^^^^^^^^^^^^^^^^^^^^^^^^
  File "/Users/ruslanalbakov/Documents/ДЗ/Django/venv/lib/python3.11/site-packages/django/db/backends/utils.py", line 67, in execute
    return self._execute_with_wrappers(
           ^^^^^^^^^^^^^^^^^^^^^^^^^^^^
  File "/Users/ruslanalbakov/Documents/ДЗ/Django/venv/lib/python3.11/site-packages/django/db/backends/utils.py", line 80, in _execute_with_wrappers
    return executor(sql, params, many, context)
           ^^^^^^^^^^^^^^^^^^^^^^^^^^^^^^^^^^^^
  File "/Users/ruslanalbakov/Documents/ДЗ/Django/venv/lib/python3.11/site-packages/django/db/backends/utils.py", line 84, in _execute
    with self.db.wrap_database_errors:
  File "/Users/ruslanalbakov/Documents/ДЗ/Django/venv/lib/python3.11/site-packages/django/db/utils.py", line 91, in __exit__
    raise dj_exc_value.with_traceback(traceback) from exc_value
  File "/Users/ruslanalbakov/Documents/ДЗ/Django/venv/lib/python3.11/site-packages/django/db/backends/utils.py", line 89, in _execute
    return self.cursor.execute(sql, params)
           ^^^^^^^^^^^^^^^^^^^^^^^^^^^^^^^^
  File "/Users/ruslanalbakov/Documents/ДЗ/Django/venv/lib/python3.11/site-packages/django/db/backends/sqlite3/base.py", line 328, in execute
    return super().execute(query, params)
           ^^^^^^^^^^^^^^^^^^^^^^^^^^^^^^
django.db.utils.OperationalError: no such table: lesapp2_handtails
ERROR 2023-11-04 10:09:11,760 basehttp 4897 6191525888 "GET /games/last_coins HTTP/1.1" 500 124823
WARNING 2023-11-04 10:10:44,363 log 4897 6191525888 Not Found: /games
WARNING 2023-11-04 10:10:44,364 basehttp 4897 6191525888 "GET /games HTTP/1.1" 404 2633
INFO 2023-11-04 10:10:45,167 views 4897 6191525888 Index page accessed
INFO 2023-11-04 10:10:45,168 basehttp 4897 6191525888 "GET / HTTP/1.1" 200 1056
INFO 2023-11-04 10:10:46,042 basehttp 4897 6191525888 "GET /les3/ HTTP/1.1" 200 489
INFO 2023-11-04 10:10:50,472 basehttp 4897 6191525888 "GET /les3/ HTTP/1.1" 200 489
INFO 2023-11-04 10:10:50,595 basehttp 4897 6191525888 "GET /les3 HTTP/1.1" 301 0
INFO 2023-11-04 10:10:50,603 basehttp 4897 6191525888 "GET /les3/ HTTP/1.1" 200 489
INFO 2023-11-04 10:11:49,405 autoreload 4897 7944835840 /Users/ruslanalbakov/Documents/ДЗ/Django/Geekbrains/lesson01/urls.py changed, reloading.
INFO 2023-11-04 10:11:49,573 autoreload 4987 7944835840 Watching for file changes with StatReloader
INFO 2023-11-04 10:11:52,715 autoreload 4987 7944835840 /Users/ruslanalbakov/Documents/ДЗ/Django/Geekbrains/lesson01/urls.py changed, reloading.
INFO 2023-11-04 10:11:52,888 autoreload 4995 7944835840 Watching for file changes with StatReloader
INFO 2023-11-04 10:11:54,775 basehttp 4995 6131609600 "GET /les3/ HTTP/1.1" 200 489
INFO 2023-11-04 10:11:56,830 basehttp 4995 6131609600 "GET /les3/ HTTP/1.1" 200 489
INFO 2023-11-04 10:11:57,792 views 4995 6131609600 Index page accessed
INFO 2023-11-04 10:11:57,793 basehttp 4995 6131609600 "GET / HTTP/1.1" 200 13
INFO 2023-11-04 10:12:00,869 views 4995 6131609600 Index page accessed
INFO 2023-11-04 10:12:00,869 basehttp 4995 6131609600 "GET / HTTP/1.1" 200 13
INFO 2023-11-04 10:12:03,206 views 4995 6131609600 Index page accessed
INFO 2023-11-04 10:12:03,207 basehttp 4995 6131609600 "GET / HTTP/1.1" 200 13
INFO 2023-11-04 10:12:03,959 basehttp 4995 6131609600 "GET /les3/ HTTP/1.1" 200 489
INFO 2023-11-04 10:12:06,537 basehttp 4995 6131609600 "GET /les3/ HTTP/1.1" 200 489
INFO 2023-11-04 10:12:07,553 views 4995 6131609600 Index page accessed
INFO 2023-11-04 10:12:07,554 basehttp 4995 6131609600 "GET / HTTP/1.1" 200 13
DEBUG 2023-11-04 10:12:08,215 views 4995 6131609600 Отработала функция "Орел и решка"
INFO 2023-11-04 10:12:08,216 basehttp 4995 6131609600 "GET /coins/ HTTP/1.1" 200 8
WARNING 2023-11-04 10:12:10,202 log 4995 6131609600 Not Found: /cgames
WARNING 2023-11-04 10:12:10,203 basehttp 4995 6131609600 "GET /cgames HTTP/1.1" 404 3133
DEBUG 2023-11-04 10:12:17,300 views 4995 6131609600 Отработала функция "Орел и решка"
INFO 2023-11-04 10:12:17,300 basehttp 4995 6131609600 "GET /coins/ HTTP/1.1" 200 8
INFO 2023-11-04 10:12:17,575 views 4995 6131609600 Index page accessed
INFO 2023-11-04 10:12:17,575 basehttp 4995 6131609600 "GET / HTTP/1.1" 200 13
ERROR 2023-11-04 10:12:18,014 views 4995 6131609600 Error in about page: division by zero
Traceback (most recent call last):
  File "/Users/ruslanalbakov/Documents/ДЗ/Django/Geekbrains/myapp/views.py", line 14, in about
    result = 1 / 0
             ~~^~~
ZeroDivisionError: division by zero
INFO 2023-11-04 10:12:18,016 basehttp 4995 6131609600 "GET /about/ HTTP/1.1" 200 27
INFO 2023-11-04 10:12:27,610 views 4995 6131609600 Index page accessed
INFO 2023-11-04 10:12:27,611 basehttp 4995 6131609600 "GET / HTTP/1.1" 200 13
DEBUG 2023-11-04 10:12:27,846 views 4995 6131609600 Отработала функция "Орел и решка"
INFO 2023-11-04 10:12:27,847 basehttp 4995 6131609600 "GET /coins/ HTTP/1.1" 200 10
INFO 2023-11-04 10:12:27,923 basehttp 4995 6131609600 "GET /coins HTTP/1.1" 301 0
DEBUG 2023-11-04 10:12:27,929 views 4995 6131609600 Отработала функция "Орел и решка"
INFO 2023-11-04 10:12:27,930 basehttp 4995 6131609600 "GET /coins/ HTTP/1.1" 200 8
DEBUG 2023-11-04 10:12:39,548 views 4995 6131609600 Отработала функция "Орел и решка"
INFO 2023-11-04 10:12:39,549 basehttp 4995 6131609600 "GET /coins/ HTTP/1.1" 200 10
INFO 2023-11-04 10:12:40,197 views 4995 6131609600 Index page accessed
INFO 2023-11-04 10:12:40,197 basehttp 4995 6131609600 "GET / HTTP/1.1" 200 13
INFO 2023-11-04 10:12:40,562 basehttp 4995 6131609600 "GET /nums/ HTTP/1.1" 200 22
WARNING 2023-11-04 10:12:41,056 log 4995 6131609600 Not Found: /num
WARNING 2023-11-04 10:12:41,056 basehttp 4995 6131609600 "GET /num HTTP/1.1" 404 3124
INFO 2023-11-04 10:12:41,256 basehttp 4995 6131609600 "GET /nums/ HTTP/1.1" 200 21
INFO 2023-11-04 10:12:43,410 basehttp 4995 6131609600 "GET /nums/ HTTP/1.1" 200 22
INFO 2023-11-04 10:12:51,285 views 4995 6131609600 Index page accessed
INFO 2023-11-04 10:12:51,285 basehttp 4995 6131609600 "GET / HTTP/1.1" 200 13
WARNING 2023-11-04 10:12:51,632 log 4995 6131609600 Not Found: /games
WARNING 2023-11-04 10:12:51,633 basehttp 4995 6131609600 "GET /games HTTP/1.1" 404 3130
WARNING 2023-11-04 10:12:54,839 log 4995 6131609600 Not Found: /games/
WARNING 2023-11-04 10:12:54,840 basehttp 4995 6131609600 "GET /games/ HTTP/1.1" 404 3379
ERROR 2023-11-04 10:12:59,203 log 4995 6131609600 Internal Server Error: /games/coin
Traceback (most recent call last):
  File "/Users/ruslanalbakov/Documents/ДЗ/Django/venv/lib/python3.11/site-packages/django/db/backends/utils.py", line 89, in _execute
    return self.cursor.execute(sql, params)
           ^^^^^^^^^^^^^^^^^^^^^^^^^^^^^^^^
  File "/Users/ruslanalbakov/Documents/ДЗ/Django/venv/lib/python3.11/site-packages/django/db/backends/sqlite3/base.py", line 328, in execute
    return super().execute(query, params)
           ^^^^^^^^^^^^^^^^^^^^^^^^^^^^^^
sqlite3.OperationalError: no such table: lesapp2_handtails

The above exception was the direct cause of the following exception:

Traceback (most recent call last):
  File "/Users/ruslanalbakov/Documents/ДЗ/Django/venv/lib/python3.11/site-packages/django/core/handlers/exception.py", line 55, in inner
    response = get_response(request)
               ^^^^^^^^^^^^^^^^^^^^^
  File "/Users/ruslanalbakov/Documents/ДЗ/Django/venv/lib/python3.11/site-packages/django/core/handlers/base.py", line 197, in _get_response
    response = wrapped_callback(request, *callback_args, **callback_kwargs)
               ^^^^^^^^^^^^^^^^^^^^^^^^^^^^^^^^^^^^^^^^^^^^^^^^^^^^^^^^^^^^
  File "/Users/ruslanalbakov/Documents/ДЗ/Django/Geekbrains/lesapp2/views.py", line 17, in handtails
    res.save()
  File "/Users/ruslanalbakov/Documents/ДЗ/Django/venv/lib/python3.11/site-packages/django/db/models/base.py", line 814, in save
    self.save_base(
  File "/Users/ruslanalbakov/Documents/ДЗ/Django/venv/lib/python3.11/site-packages/django/db/models/base.py", line 877, in save_base
    updated = self._save_table(
              ^^^^^^^^^^^^^^^^^
  File "/Users/ruslanalbakov/Documents/ДЗ/Django/venv/lib/python3.11/site-packages/django/db/models/base.py", line 1020, in _save_table
    results = self._do_insert(
              ^^^^^^^^^^^^^^^^
  File "/Users/ruslanalbakov/Documents/ДЗ/Django/venv/lib/python3.11/site-packages/django/db/models/base.py", line 1061, in _do_insert
    return manager._insert(
           ^^^^^^^^^^^^^^^^
  File "/Users/ruslanalbakov/Documents/ДЗ/Django/venv/lib/python3.11/site-packages/django/db/models/manager.py", line 87, in manager_method
    return getattr(self.get_queryset(), name)(*args, **kwargs)
           ^^^^^^^^^^^^^^^^^^^^^^^^^^^^^^^^^^^^^^^^^^^^^^^^^^^
  File "/Users/ruslanalbakov/Documents/ДЗ/Django/venv/lib/python3.11/site-packages/django/db/models/query.py", line 1805, in _insert
    return query.get_compiler(using=using).execute_sql(returning_fields)
           ^^^^^^^^^^^^^^^^^^^^^^^^^^^^^^^^^^^^^^^^^^^^^^^^^^^^^^^^^^^^^
  File "/Users/ruslanalbakov/Documents/ДЗ/Django/venv/lib/python3.11/site-packages/django/db/models/sql/compiler.py", line 1822, in execute_sql
    cursor.execute(sql, params)
  File "/Users/ruslanalbakov/Documents/ДЗ/Django/venv/lib/python3.11/site-packages/django/db/backends/utils.py", line 102, in execute
    return super().execute(sql, params)
           ^^^^^^^^^^^^^^^^^^^^^^^^^^^^
  File "/Users/ruslanalbakov/Documents/ДЗ/Django/venv/lib/python3.11/site-packages/django/db/backends/utils.py", line 67, in execute
    return self._execute_with_wrappers(
           ^^^^^^^^^^^^^^^^^^^^^^^^^^^^
  File "/Users/ruslanalbakov/Documents/ДЗ/Django/venv/lib/python3.11/site-packages/django/db/backends/utils.py", line 80, in _execute_with_wrappers
    return executor(sql, params, many, context)
           ^^^^^^^^^^^^^^^^^^^^^^^^^^^^^^^^^^^^
  File "/Users/ruslanalbakov/Documents/ДЗ/Django/venv/lib/python3.11/site-packages/django/db/backends/utils.py", line 84, in _execute
    with self.db.wrap_database_errors:
  File "/Users/ruslanalbakov/Documents/ДЗ/Django/venv/lib/python3.11/site-packages/django/db/utils.py", line 91, in __exit__
    raise dj_exc_value.with_traceback(traceback) from exc_value
  File "/Users/ruslanalbakov/Documents/ДЗ/Django/venv/lib/python3.11/site-packages/django/db/backends/utils.py", line 89, in _execute
    return self.cursor.execute(sql, params)
           ^^^^^^^^^^^^^^^^^^^^^^^^^^^^^^^^
  File "/Users/ruslanalbakov/Documents/ДЗ/Django/venv/lib/python3.11/site-packages/django/db/backends/sqlite3/base.py", line 328, in execute
    return super().execute(query, params)
           ^^^^^^^^^^^^^^^^^^^^^^^^^^^^^^
django.db.utils.OperationalError: no such table: lesapp2_handtails
ERROR 2023-11-04 10:12:59,206 basehttp 4995 6131609600 "GET /games/coin HTTP/1.1" 500 140392
INFO 2023-11-04 10:18:56,367 autoreload 5141 7944835840 Watching for file changes with StatReloader
INFO 2023-11-04 10:19:03,185 views 5141 6124777472 Index page accessed
INFO 2023-11-04 10:19:03,185 basehttp 5141 6124777472 "GET / HTTP/1.1" 200 13
DEBUG 2023-11-04 10:19:08,116 views 5141 6124777472 Отработала функция "Орел и решка"
INFO 2023-11-04 10:19:08,117 basehttp 5141 6124777472 "GET /coins/ HTTP/1.1" 200 8
DEBUG 2023-11-04 10:19:12,663 views 5141 6124777472 Отработала функция "Орел и решка"
INFO 2023-11-04 10:19:12,664 basehttp 5141 6124777472 "GET /coins/ HTTP/1.1" 200 10
INFO 2023-11-04 10:19:13,223 views 5141 6124777472 Index page accessed
INFO 2023-11-04 10:19:13,224 basehttp 5141 6124777472 "GET / HTTP/1.1" 200 13
ERROR 2023-11-04 10:19:15,044 log 5141 6124777472 Internal Server Error: /games/last_coins
Traceback (most recent call last):
  File "/Users/ruslanalbakov/Documents/ДЗ/Django/venv/lib/python3.11/site-packages/django/db/backends/utils.py", line 89, in _execute
    return self.cursor.execute(sql, params)
           ^^^^^^^^^^^^^^^^^^^^^^^^^^^^^^^^
  File "/Users/ruslanalbakov/Documents/ДЗ/Django/venv/lib/python3.11/site-packages/django/db/backends/sqlite3/base.py", line 328, in execute
    return super().execute(query, params)
           ^^^^^^^^^^^^^^^^^^^^^^^^^^^^^^
sqlite3.OperationalError: no such table: lesapp2_handtails

The above exception was the direct cause of the following exception:

Traceback (most recent call last):
  File "/Users/ruslanalbakov/Documents/ДЗ/Django/venv/lib/python3.11/site-packages/django/core/handlers/exception.py", line 55, in inner
    response = get_response(request)
               ^^^^^^^^^^^^^^^^^^^^^
  File "/Users/ruslanalbakov/Documents/ДЗ/Django/venv/lib/python3.11/site-packages/django/core/handlers/base.py", line 197, in _get_response
    response = wrapped_callback(request, *callback_args, **callback_kwargs)
               ^^^^^^^^^^^^^^^^^^^^^^^^^^^^^^^^^^^^^^^^^^^^^^^^^^^^^^^^^^^^
  File "/Users/ruslanalbakov/Documents/ДЗ/Django/Geekbrains/lesapp2/views.py", line 21, in last_coins
    data = Handtails.get_last(5)
           ^^^^^^^^^^^^^^^^^^^^^
  File "/Users/ruslanalbakov/Documents/ДЗ/Django/Geekbrains/lesapp2/models.py", line 14, in get_last
    hand_count = sum(flip.side == 'Орел' for flip in last_n_stat)
                    ^^^^^^^^^^^^^^^^^^^^^^^^^^^^^^^^^^^^^^^^^^^^^
  File "/Users/ruslanalbakov/Documents/ДЗ/Django/venv/lib/python3.11/site-packages/django/db/models/query.py", line 398, in __iter__
    self._fetch_all()
  File "/Users/ruslanalbakov/Documents/ДЗ/Django/venv/lib/python3.11/site-packages/django/db/models/query.py", line 1881, in _fetch_all
    self._result_cache = list(self._iterable_class(self))
                         ^^^^^^^^^^^^^^^^^^^^^^^^^^^^^^^^
  File "/Users/ruslanalbakov/Documents/ДЗ/Django/venv/lib/python3.11/site-packages/django/db/models/query.py", line 91, in __iter__
    results = compiler.execute_sql(
              ^^^^^^^^^^^^^^^^^^^^^
  File "/Users/ruslanalbakov/Documents/ДЗ/Django/venv/lib/python3.11/site-packages/django/db/models/sql/compiler.py", line 1562, in execute_sql
    cursor.execute(sql, params)
  File "/Users/ruslanalbakov/Documents/ДЗ/Django/venv/lib/python3.11/site-packages/django/db/backends/utils.py", line 102, in execute
    return super().execute(sql, params)
           ^^^^^^^^^^^^^^^^^^^^^^^^^^^^
  File "/Users/ruslanalbakov/Documents/ДЗ/Django/venv/lib/python3.11/site-packages/django/db/backends/utils.py", line 67, in execute
    return self._execute_with_wrappers(
           ^^^^^^^^^^^^^^^^^^^^^^^^^^^^
  File "/Users/ruslanalbakov/Documents/ДЗ/Django/venv/lib/python3.11/site-packages/django/db/backends/utils.py", line 80, in _execute_with_wrappers
    return executor(sql, params, many, context)
           ^^^^^^^^^^^^^^^^^^^^^^^^^^^^^^^^^^^^
  File "/Users/ruslanalbakov/Documents/ДЗ/Django/venv/lib/python3.11/site-packages/django/db/backends/utils.py", line 84, in _execute
    with self.db.wrap_database_errors:
  File "/Users/ruslanalbakov/Documents/ДЗ/Django/venv/lib/python3.11/site-packages/django/db/utils.py", line 91, in __exit__
    raise dj_exc_value.with_traceback(traceback) from exc_value
  File "/Users/ruslanalbakov/Documents/ДЗ/Django/venv/lib/python3.11/site-packages/django/db/backends/utils.py", line 89, in _execute
    return self.cursor.execute(sql, params)
           ^^^^^^^^^^^^^^^^^^^^^^^^^^^^^^^^
  File "/Users/ruslanalbakov/Documents/ДЗ/Django/venv/lib/python3.11/site-packages/django/db/backends/sqlite3/base.py", line 328, in execute
    return super().execute(query, params)
           ^^^^^^^^^^^^^^^^^^^^^^^^^^^^^^
django.db.utils.OperationalError: no such table: lesapp2_handtails
ERROR 2023-11-04 10:19:15,048 basehttp 5141 6124777472 "GET /games/last_coins HTTP/1.1" 500 124823
WARNING 2023-11-04 10:19:15,257 log 5141 6124777472 Not Found: /games
WARNING 2023-11-04 10:19:15,258 basehttp 5141 6124777472 "GET /games HTTP/1.1" 404 3130
ERROR 2023-11-04 10:19:18,409 log 5141 6124777472 Internal Server Error: /games/coin
Traceback (most recent call last):
  File "/Users/ruslanalbakov/Documents/ДЗ/Django/venv/lib/python3.11/site-packages/django/db/backends/utils.py", line 89, in _execute
    return self.cursor.execute(sql, params)
           ^^^^^^^^^^^^^^^^^^^^^^^^^^^^^^^^
  File "/Users/ruslanalbakov/Documents/ДЗ/Django/venv/lib/python3.11/site-packages/django/db/backends/sqlite3/base.py", line 328, in execute
    return super().execute(query, params)
           ^^^^^^^^^^^^^^^^^^^^^^^^^^^^^^
sqlite3.OperationalError: no such table: lesapp2_handtails

The above exception was the direct cause of the following exception:

Traceback (most recent call last):
  File "/Users/ruslanalbakov/Documents/ДЗ/Django/venv/lib/python3.11/site-packages/django/core/handlers/exception.py", line 55, in inner
    response = get_response(request)
               ^^^^^^^^^^^^^^^^^^^^^
  File "/Users/ruslanalbakov/Documents/ДЗ/Django/venv/lib/python3.11/site-packages/django/core/handlers/base.py", line 197, in _get_response
    response = wrapped_callback(request, *callback_args, **callback_kwargs)
               ^^^^^^^^^^^^^^^^^^^^^^^^^^^^^^^^^^^^^^^^^^^^^^^^^^^^^^^^^^^^
  File "/Users/ruslanalbakov/Documents/ДЗ/Django/Geekbrains/lesapp2/views.py", line 17, in handtails
    res.save()
  File "/Users/ruslanalbakov/Documents/ДЗ/Django/venv/lib/python3.11/site-packages/django/db/models/base.py", line 814, in save
    self.save_base(
  File "/Users/ruslanalbakov/Documents/ДЗ/Django/venv/lib/python3.11/site-packages/django/db/models/base.py", line 877, in save_base
    updated = self._save_table(
              ^^^^^^^^^^^^^^^^^
  File "/Users/ruslanalbakov/Documents/ДЗ/Django/venv/lib/python3.11/site-packages/django/db/models/base.py", line 1020, in _save_table
    results = self._do_insert(
              ^^^^^^^^^^^^^^^^
  File "/Users/ruslanalbakov/Documents/ДЗ/Django/venv/lib/python3.11/site-packages/django/db/models/base.py", line 1061, in _do_insert
    return manager._insert(
           ^^^^^^^^^^^^^^^^
  File "/Users/ruslanalbakov/Documents/ДЗ/Django/venv/lib/python3.11/site-packages/django/db/models/manager.py", line 87, in manager_method
    return getattr(self.get_queryset(), name)(*args, **kwargs)
           ^^^^^^^^^^^^^^^^^^^^^^^^^^^^^^^^^^^^^^^^^^^^^^^^^^^
  File "/Users/ruslanalbakov/Documents/ДЗ/Django/venv/lib/python3.11/site-packages/django/db/models/query.py", line 1805, in _insert
    return query.get_compiler(using=using).execute_sql(returning_fields)
           ^^^^^^^^^^^^^^^^^^^^^^^^^^^^^^^^^^^^^^^^^^^^^^^^^^^^^^^^^^^^^
  File "/Users/ruslanalbakov/Documents/ДЗ/Django/venv/lib/python3.11/site-packages/django/db/models/sql/compiler.py", line 1822, in execute_sql
    cursor.execute(sql, params)
  File "/Users/ruslanalbakov/Documents/ДЗ/Django/venv/lib/python3.11/site-packages/django/db/backends/utils.py", line 102, in execute
    return super().execute(sql, params)
           ^^^^^^^^^^^^^^^^^^^^^^^^^^^^
  File "/Users/ruslanalbakov/Documents/ДЗ/Django/venv/lib/python3.11/site-packages/django/db/backends/utils.py", line 67, in execute
    return self._execute_with_wrappers(
           ^^^^^^^^^^^^^^^^^^^^^^^^^^^^
  File "/Users/ruslanalbakov/Documents/ДЗ/Django/venv/lib/python3.11/site-packages/django/db/backends/utils.py", line 80, in _execute_with_wrappers
    return executor(sql, params, many, context)
           ^^^^^^^^^^^^^^^^^^^^^^^^^^^^^^^^^^^^
  File "/Users/ruslanalbakov/Documents/ДЗ/Django/venv/lib/python3.11/site-packages/django/db/backends/utils.py", line 84, in _execute
    with self.db.wrap_database_errors:
  File "/Users/ruslanalbakov/Documents/ДЗ/Django/venv/lib/python3.11/site-packages/django/db/utils.py", line 91, in __exit__
    raise dj_exc_value.with_traceback(traceback) from exc_value
  File "/Users/ruslanalbakov/Documents/ДЗ/Django/venv/lib/python3.11/site-packages/django/db/backends/utils.py", line 89, in _execute
    return self.cursor.execute(sql, params)
           ^^^^^^^^^^^^^^^^^^^^^^^^^^^^^^^^
  File "/Users/ruslanalbakov/Documents/ДЗ/Django/venv/lib/python3.11/site-packages/django/db/backends/sqlite3/base.py", line 328, in execute
    return super().execute(query, params)
           ^^^^^^^^^^^^^^^^^^^^^^^^^^^^^^
django.db.utils.OperationalError: no such table: lesapp2_handtails
ERROR 2023-11-04 10:19:18,412 basehttp 5141 6124777472 "GET /games/coin HTTP/1.1" 500 140372
INFO 2023-11-04 10:25:11,884 autoreload 5241 7944835840 Watching for file changes with StatReloader
INFO 2023-11-04 10:25:14,848 views 5241 6130888704 Index page accessed
INFO 2023-11-04 10:25:14,848 basehttp 5241 6130888704 "GET / HTTP/1.1" 200 13
INFO 2023-11-04 10:25:17,857 views 5241 6130888704 Index page accessed
INFO 2023-11-04 10:25:17,858 basehttp 5241 6130888704 "GET / HTTP/1.1" 200 13
INFO 2023-11-04 10:25:19,119 basehttp 5241 6130888704 "GET /games/coin HTTP/1.1" 200 10
INFO 2023-11-04 10:25:22,396 basehttp 5241 6130888704 "GET /games/coin HTTP/1.1" 200 8
INFO 2023-11-04 10:25:25,616 basehttp 5241 6130888704 "GET /games/coin HTTP/1.1" 200 10
WARNING 2023-11-04 10:25:25,857 log 5241 6130888704 Not Found: /games/
WARNING 2023-11-04 10:25:25,857 basehttp 5241 6130888704 "GET /games/ HTTP/1.1" 404 3379
INFO 2023-11-04 10:25:30,892 basehttp 5241 6130888704 "GET /games/last_coins HTTP/1.1" 200 23
WARNING 2023-11-04 10:25:38,341 log 5241 6130888704 Not Found: /games
WARNING 2023-11-04 10:25:38,342 basehttp 5241 6130888704 "GET /games HTTP/1.1" 404 3130
INFO 2023-11-04 10:25:38,994 basehttp 5241 6130888704 "GET /games/last_coins HTTP/1.1" 200 23
INFO 2023-11-04 10:25:39,483 views 5241 6130888704 Index page accessed
INFO 2023-11-04 10:25:39,484 basehttp 5241 6130888704 "GET / HTTP/1.1" 200 13
INFO 2023-11-04 10:25:40,030 basehttp 5241 6130888704 "GET /les3/ HTTP/1.1" 200 489
INFO 2023-11-04 10:25:40,067 basehttp 5241 6130888704 "GET /les3/ HTTP/1.1" 200 489
INFO 2023-11-04 10:25:43,721 basehttp 5241 6130888704 "GET /les3/ HTTP/1.1" 200 489
INFO 2023-11-04 10:25:44,029 basehttp 5241 6130888704 "GET /les3/ HTTP/1.1" 200 489
INFO 2023-11-04 10:28:21,749 autoreload 5316 7944835840 Watching for file changes with StatReloader
INFO 2023-11-04 10:28:23,639 views 5316 6201815040 Index page accessed
INFO 2023-11-04 10:28:23,640 basehttp 5316 6201815040 "GET / HTTP/1.1" 200 13
INFO 2023-11-04 10:28:29,391 views 5316 6201815040 Index page accessed
INFO 2023-11-04 10:28:29,392 basehttp 5316 6201815040 "GET / HTTP/1.1" 200 13
WARNING 2023-11-04 10:28:29,930 log 5316 6201815040 Not Found: /hello
WARNING 2023-11-04 10:28:29,930 basehttp 5316 6201815040 "GET /hello HTTP/1.1" 404 3130
INFO 2023-11-04 10:28:59,543 views 5316 6201815040 Index page accessed
INFO 2023-11-04 10:28:59,544 basehttp 5316 6201815040 "GET / HTTP/1.1" 200 13
INFO 2023-11-04 10:29:00,177 basehttp 5316 6201815040 "GET /les3/ HTTP/1.1" 200 489
INFO 2023-11-04 10:29:00,493 basehttp 5316 6201815040 "GET /les3/ HTTP/1.1" 200 489
INFO 2023-11-04 10:29:03,774 basehttp 5316 6201815040 "GET /les3/hello2/ HTTP/1.1" 200 23
INFO 2023-11-04 10:29:06,452 basehttp 5316 6201815040 "GET /les3/hello/ HTTP/1.1" 200 26
INFO 2023-11-04 10:29:06,643 basehttp 5316 6201815040 "GET /les3/hello HTTP/1.1" 301 0
INFO 2023-11-04 10:29:06,651 basehttp 5316 6201815040 "GET /les3/hello/ HTTP/1.1" 200 26
INFO 2023-11-04 10:29:33,753 basehttp 5316 6201815040 "GET /les3/hello2/ HTTP/1.1" 200 23
INFO 2023-11-04 10:30:02,252 basehttp 5316 6201815040 "GET /les3/hello2/ HTTP/1.1" 200 23
INFO 2023-11-04 10:30:03,471 basehttp 5316 6201815040 "GET /les3/ HTTP/1.1" 200 489
INFO 2023-11-04 10:30:04,102 basehttp 5316 6201815040 "GET /les3/posts/2022/12/ghbdtn/ HTTP/1.1" 200 367
WARNING 2023-11-04 10:30:04,202 log 5316 6201815040 Not Found: /les3/posts
WARNING 2023-11-04 10:30:04,202 basehttp 5316 6201815040 "GET /les3/posts HTTP/1.1" 404 5095
INFO 2023-11-04 10:30:09,728 basehttp 5316 6201815040 "GET /les3/posts/2022/12/ghbdtn/ HTTP/1.1" 200 367
INFO 2023-11-04 10:30:14,846 basehttp 5316 6201815040 "GET /les3/posts/2022/12/ghbdtn/ HTTP/1.1" 200 367
INFO 2023-11-04 10:30:16,024 basehttp 5316 6201815040 "GET /les3/posts/2022/12/ HTTP/1.1" 200 22
INFO 2023-11-04 10:30:24,414 basehttp 5316 6201815040 "GET /les3/posts/2022/12/ HTTP/1.1" 200 22
INFO 2023-11-04 10:30:26,174 basehttp 5316 6201815040 "GET /les3/ HTTP/1.1" 200 489
INFO 2023-11-04 10:30:32,678 basehttp 5316 6201815040 "GET /les3/if/ HTTP/1.1" 200 581
INFO 2023-11-04 10:30:37,022 basehttp 5316 6201815040 "GET /les3/if/ HTTP/1.1" 200 581
INFO 2023-11-04 10:30:37,392 basehttp 5316 6201815040 "GET /les3/ HTTP/1.1" 200 489
INFO 2023-11-04 10:30:38,315 basehttp 5316 6201815040 "GET /les3/for/ HTTP/1.1" 200 1026
INFO 2023-11-04 10:30:48,788 basehttp 5316 6201815040 "GET /les3/ HTTP/1.1" 200 489
WARNING 2023-11-04 10:30:49,043 log 5316 6201815040 Not Found: /les3/author/2/
WARNING 2023-11-04 10:30:49,044 basehttp 5316 6201815040 "GET /les3/author/2/ HTTP/1.1" 404 5077
WARNING 2023-11-04 10:30:49,109 log 5316 6201815040 Not Found: /les3/author
WARNING 2023-11-04 10:30:49,110 basehttp 5316 6201815040 "GET /les3/author HTTP/1.1" 404 5098
WARNING 2023-11-04 10:30:57,016 log 5316 6201815040 Not Found: /les3/author/2/
WARNING 2023-11-04 10:30:57,017 basehttp 5316 6201815040 "GET /les3/author/2/ HTTP/1.1" 404 5077
WARNING 2023-11-04 10:31:12,322 log 5316 6201815040 Not Found: /les3/author/2/
WARNING 2023-11-04 10:31:12,323 basehttp 5316 6201815040 "GET /les3/author/2/ HTTP/1.1" 404 5077
WARNING 2023-11-04 10:31:12,553 log 5316 6201815040 Not Found: /les3/author/1/
WARNING 2023-11-04 10:31:12,554 basehttp 5316 6201815040 "GET /les3/author/1/ HTTP/1.1" 404 5077
WARNING 2023-11-04 10:31:12,798 log 5316 6201815040 Not Found: /les3/author/
WARNING 2023-11-04 10:31:12,799 basehttp 5316 6201815040 "GET /les3/author/ HTTP/1.1" 404 5101
WARNING 2023-11-04 10:31:19,742 log 5316 6201815040 Not Found: /les3/author
WARNING 2023-11-04 10:31:19,743 basehttp 5316 6201815040 "GET /les3/author HTTP/1.1" 404 5098
WARNING 2023-11-04 10:31:20,584 log 5316 6201815040 Not Found: /les3/author/1/
WARNING 2023-11-04 10:31:20,584 basehttp 5316 6201815040 "GET /les3/author/1/ HTTP/1.1" 404 5077
INFO 2023-11-04 10:31:21,536 basehttp 5316 6201815040 "GET /les3/about/ HTTP/1.1" 200 222
WARNING 2023-11-04 10:31:37,323 log 5316 6201815040 Not Found: /les3/author/
WARNING 2023-11-04 10:31:37,324 basehttp 5316 6201815040 "GET /les3/author/ HTTP/1.1" 404 5101
WARNING 2023-11-04 10:31:39,029 log 5316 6201815040 Not Found: /les3/author/2/
WARNING 2023-11-04 10:31:39,030 basehttp 5316 6201815040 "GET /les3/author/2/ HTTP/1.1" 404 5077
INFO 2023-11-04 10:31:40,930 basehttp 5316 6201815040 "GET /les3/author/3 HTTP/1.1" 301 0
WARNING 2023-11-04 10:31:40,946 log 5316 6201815040 Not Found: /les3/author/3/
WARNING 2023-11-04 10:31:40,947 basehttp 5316 6201815040 "GET /les3/author/3/ HTTP/1.1" 404 5077
INFO 2023-11-04 10:33:00,989 autoreload 5458 7944835840 Watching for file changes with StatReloader
INFO 2023-11-04 10:33:03,990 basehttp 5458 6157725696 "GET /les3/author/3/ HTTP/1.1" 200 1282
INFO 2023-11-04 10:33:06,604 basehttp 5458 6157725696 "GET /les3/post/30/ HTTP/1.1" 200 572
WARNING 2023-11-04 10:33:12,072 log 5458 6157725696 Not Found: /les3/author/
WARNING 2023-11-04 10:33:12,073 basehttp 5458 6157725696 "GET /les3/author/ HTTP/1.1" 404 5101
INFO 2023-11-04 10:33:13,142 basehttp 5458 6157725696 "GET /les3/author/2/ HTTP/1.1" 200 1294
WARNING 2023-11-04 10:33:17,169 log 5458 6157725696 Not Found: /les3/author/
WARNING 2023-11-04 10:33:17,170 basehttp 5458 6157725696 "GET /les3/author/ HTTP/1.1" 404 5101
INFO 2023-11-04 10:33:18,101 basehttp 5458 6157725696 "GET /les3/author/5/ HTTP/1.1" 200 1289
INFO 2023-11-04 10:33:19,144 basehttp 5458 6157725696 "GET /les3/author/5/ HTTP/1.1" 200 1289
INFO 2023-11-04 10:33:19,258 basehttp 5458 6157725696 "GET /les3/author/5/ HTTP/1.1" 200 1289
INFO 2023-11-04 10:33:21,556 basehttp 5458 6157725696 "GET /les3/post/50/ HTTP/1.1" 200 572
INFO 2023-11-04 10:33:33,862 basehttp 5458 6157725696 "GET /les3/author/3/ HTTP/1.1" 200 1282
INFO 2023-11-04 10:33:34,784 basehttp 5458 6157725696 "GET /les3/about/ HTTP/1.1" 200 222
INFO 2023-11-04 10:33:35,015 basehttp 5458 6157725696 "GET /les3/ HTTP/1.1" 200 489
INFO 2023-11-04 10:33:35,649 basehttp 5458 6157725696 "GET /les3/post/50/ HTTP/1.1" 200 572
INFO 2023-11-04 10:47:36,886 autoreload 5680 7944835840 Watching for file changes with StatReloader
INFO 2023-11-04 10:48:03,391 autoreload 5680 7944835840 /Users/ruslanalbakov/Documents/ДЗ/Django/Geekbrains/lesapp2/urls.py changed, reloading.
INFO 2023-11-04 10:48:03,554 autoreload 5695 7944835840 Watching for file changes with StatReloader
INFO 2023-11-04 10:48:06,692 autoreload 5695 7944835840 /Users/ruslanalbakov/Documents/ДЗ/Django/Geekbrains/lesapp2/urls.py changed, reloading.
INFO 2023-11-04 10:48:06,857 autoreload 5701 7944835840 Watching for file changes with StatReloader
INFO 2023-11-04 10:48:14,072 autoreload 5701 7944835840 /Users/ruslanalbakov/Documents/ДЗ/Django/Geekbrains/lesapp2/urls.py changed, reloading.
INFO 2023-11-04 10:48:14,233 autoreload 5708 7944835840 Watching for file changes with StatReloader
INFO 2023-11-04 10:48:17,346 autoreload 5708 7944835840 /Users/ruslanalbakov/Documents/ДЗ/Django/Geekbrains/lesapp2/urls.py changed, reloading.
INFO 2023-11-04 10:48:17,497 autoreload 5714 7944835840 Watching for file changes with StatReloader
INFO 2023-11-04 10:48:20,635 autoreload 5714 7944835840 /Users/ruslanalbakov/Documents/ДЗ/Django/Geekbrains/lesapp2/urls.py changed, reloading.
INFO 2023-11-04 10:48:20,791 autoreload 5720 7944835840 Watching for file changes with StatReloader
INFO 2023-11-04 10:48:47,924 basehttp 5720 6161526784 "GET /les3/post/50/ HTTP/1.1" 200 572
INFO 2023-11-04 10:48:49,067 basehttp 5720 6161526784 "GET /les3/ HTTP/1.1" 200 489
INFO 2023-11-04 10:48:49,871 views 5720 6161526784 Index page accessed
INFO 2023-11-04 10:48:49,872 basehttp 5720 6161526784 "GET / HTTP/1.1" 200 13
INFO 2023-11-04 10:48:50,903 basehttp 5720 6161526784 "GET /games/last_coins HTTP/1.1" 200 23
WARNING 2023-11-04 10:48:51,554 log 5720 6161526784 Not Found: /games
WARNING 2023-11-04 10:48:51,555 basehttp 5720 6161526784 "GET /games HTTP/1.1" 404 3130
WARNING 2023-11-04 10:49:00,458 log 5720 6161526784 Not Found: /games/
WARNING 2023-11-04 10:49:00,459 basehttp 5720 6161526784 "GET /games/ HTTP/1.1" 404 3551
INFO 2023-11-04 10:49:06,754 basehttp 5720 6161526784 "GET /games/index HTTP/1.1" 200 130
INFO 2023-11-04 10:49:59,589 autoreload 5720 7944835840 /Users/ruslanalbakov/Documents/ДЗ/Django/Geekbrains/lesapp2/views.py changed, reloading.
INFO 2023-11-04 10:49:59,759 autoreload 5769 7944835840 Watching for file changes with StatReloader
INFO 2023-11-04 10:50:02,262 basehttp 5769 6169964544 "GET /games/index HTTP/1.1" 200 104
INFO 2023-11-04 10:50:11,103 autoreload 5769 7944835840 /Users/ruslanalbakov/Documents/ДЗ/Django/Geekbrains/lesapp2/views.py changed, reloading.
INFO 2023-11-04 10:50:11,265 autoreload 5777 7944835840 Watching for file changes with StatReloader
INFO 2023-11-04 10:50:12,308 basehttp 5777 6204829696 "GET /games/index HTTP/1.1" 200 130
INFO 2023-11-04 10:50:15,423 autoreload 5777 7944835840 /Users/ruslanalbakov/Documents/ДЗ/Django/Geekbrains/lesapp2/views.py changed, reloading.
INFO 2023-11-04 10:50:15,606 autoreload 5785 7944835840 Watching for file changes with StatReloader
INFO 2023-11-04 10:50:15,716 basehttp 5785 6135476224 "GET /games/index HTTP/1.1" 200 133
INFO 2023-11-04 10:56:16,953 autoreload 5785 7944835840 /Users/ruslanalbakov/Documents/ДЗ/Django/Geekbrains/lesapp2/views.py changed, reloading.
INFO 2023-11-04 10:56:17,123 autoreload 5815 7944835840 Watching for file changes with StatReloader
INFO 2023-11-04 10:56:23,323 autoreload 5815 7944835840 /Users/ruslanalbakov/Documents/ДЗ/Django/Geekbrains/lesapp2/views.py changed, reloading.
INFO 2023-11-04 10:56:23,485 autoreload 5823 7944835840 Watching for file changes with StatReloader
INFO 2023-11-04 10:56:26,546 autoreload 5823 7944835840 /Users/ruslanalbakov/Documents/ДЗ/Django/Geekbrains/lesapp2/views.py changed, reloading.
INFO 2023-11-04 10:56:26,706 autoreload 5828 7944835840 Watching for file changes with StatReloader
INFO 2023-11-04 10:56:27,821 autoreload 5828 7944835840 /Users/ruslanalbakov/Documents/ДЗ/Django/Geekbrains/lesapp2/views.py changed, reloading.
INFO 2023-11-04 10:56:27,966 autoreload 5829 7944835840 Watching for file changes with StatReloader
INFO 2023-11-04 10:56:31,132 autoreload 5829 7944835840 /Users/ruslanalbakov/Documents/ДЗ/Django/Geekbrains/lesapp2/views.py changed, reloading.
INFO 2023-11-04 10:56:31,301 autoreload 5835 7944835840 Watching for file changes with StatReloader
INFO 2023-11-04 10:56:32,427 autoreload 5835 7944835840 /Users/ruslanalbakov/Documents/ДЗ/Django/Geekbrains/lesapp2/views.py changed, reloading.
INFO 2023-11-04 10:56:32,572 autoreload 5836 7944835840 Watching for file changes with StatReloader
INFO 2023-11-04 10:56:35,706 autoreload 5836 7944835840 /Users/ruslanalbakov/Documents/ДЗ/Django/Geekbrains/lesapp2/views.py changed, reloading.
INFO 2023-11-04 10:56:35,873 autoreload 5842 7944835840 Watching for file changes with StatReloader
INFO 2023-11-04 10:56:52,214 autoreload 5842 7944835840 /Users/ruslanalbakov/Documents/ДЗ/Django/Geekbrains/lesapp2/views.py changed, reloading.
INFO 2023-11-04 10:56:52,385 autoreload 5848 7944835840 Watching for file changes with StatReloader
INFO 2023-11-04 10:56:53,501 autoreload 5848 7944835840 /Users/ruslanalbakov/Documents/ДЗ/Django/Geekbrains/lesapp2/views.py changed, reloading.
INFO 2023-11-04 10:56:53,645 autoreload 5851 7944835840 Watching for file changes with StatReloader
INFO 2023-11-04 10:57:08,948 autoreload 5851 7944835840 /Users/ruslanalbakov/Documents/ДЗ/Django/Geekbrains/lesapp2/views.py changed, reloading.
INFO 2023-11-04 10:57:09,107 autoreload 5858 7944835840 Watching for file changes with StatReloader
INFO 2023-11-04 10:57:34,567 autoreload 5858 7944835840 /Users/ruslanalbakov/Documents/ДЗ/Django/Geekbrains/lesapp2/views.py changed, reloading.
INFO 2023-11-04 10:57:34,747 autoreload 5866 7944835840 Watching for file changes with StatReloader
INFO 2023-11-04 10:57:35,858 autoreload 5866 7944835840 /Users/ruslanalbakov/Documents/ДЗ/Django/Geekbrains/lesapp2/views.py changed, reloading.
INFO 2023-11-04 10:57:35,996 autoreload 5869 7944835840 Watching for file changes with StatReloader
INFO 2023-11-04 10:57:37,122 autoreload 5869 7944835840 /Users/ruslanalbakov/Documents/ДЗ/Django/Geekbrains/lesapp2/views.py changed, reloading.
INFO 2023-11-04 10:57:37,263 autoreload 5870 7944835840 Watching for file changes with StatReloader
INFO 2023-11-04 10:57:39,384 autoreload 5870 7944835840 /Users/ruslanalbakov/Documents/ДЗ/Django/Geekbrains/lesapp2/views.py changed, reloading.
INFO 2023-11-04 10:57:39,560 autoreload 5874 7944835840 Watching for file changes with StatReloader
INFO 2023-11-04 10:57:44,715 autoreload 5874 7944835840 /Users/ruslanalbakov/Documents/ДЗ/Django/Geekbrains/lesapp2/views.py changed, reloading.
INFO 2023-11-04 10:57:44,890 autoreload 5880 7944835840 Watching for file changes with StatReloader
INFO 2023-11-04 10:57:59,245 autoreload 5880 7944835840 /Users/ruslanalbakov/Documents/ДЗ/Django/Geekbrains/lesapp2/views.py changed, reloading.
INFO 2023-11-04 10:57:59,432 autoreload 5888 7944835840 Watching for file changes with StatReloader
INFO 2023-11-04 10:59:21,428 basehttp 5888 6167949312 "GET /games/index HTTP/1.1" 200 133
WARNING 2023-11-04 10:59:31,794 log 5888 6167949312 Not Found: /games/games
WARNING 2023-11-04 10:59:31,794 basehttp 5888 6167949312 "GET /games/games HTTP/1.1" 404 3566
WARNING 2023-11-04 10:59:35,628 log 5888 6167949312 Not Found: /games/
WARNING 2023-11-04 10:59:35,629 basehttp 5888 6167949312 "GET /games/ HTTP/1.1" 404 3551
INFO 2023-11-04 10:59:36,110 basehttp 5888 6167949312 "GET /games/coin HTTP/1.1" 200 139
INFO 2023-11-04 10:59:56,542 basehttp 5888 6167949312 "GET /games/coin HTTP/1.1" 200 139
INFO 2023-11-04 11:00:52,750 autoreload 5888 7944835840 /Users/ruslanalbakov/Documents/ДЗ/Django/Geekbrains/lesapp2/views.py changed, reloading.
INFO 2023-11-04 11:00:52,936 autoreload 5921 7944835840 Watching for file changes with StatReloader
INFO 2023-11-04 11:00:54,605 basehttp 5921 6199767040 "GET /games/coin HTTP/1.1" 200 127
INFO 2023-11-04 11:00:55,487 basehttp 5921 6199767040 "GET /games/coin HTTP/1.1" 200 127
INFO 2023-11-04 11:00:56,246 basehttp 5921 6199767040 "GET /games/coin HTTP/1.1" 200 127
INFO 2023-11-04 11:00:56,925 basehttp 5921 6199767040 "GET /games/coin HTTP/1.1" 200 129
INFO 2023-11-04 11:01:03,209 basehttp 5921 6199767040 "GET /games/coin HTTP/1.1" 200 127
INFO 2023-11-04 11:01:03,286 autoreload 5921 7944835840 /Users/ruslanalbakov/Documents/ДЗ/Django/Geekbrains/lesapp2/views.py changed, reloading.
INFO 2023-11-04 11:01:03,457 autoreload 5929 7944835840 Watching for file changes with StatReloader
ERROR 2023-11-04 11:01:03,920 log 5929 6201602048 Internal Server Error: /games/coin
Traceback (most recent call last):
  File "/Users/ruslanalbakov/Documents/ДЗ/Django/venv/lib/python3.11/site-packages/django/core/handlers/exception.py", line 55, in inner
    response = get_response(request)
               ^^^^^^^^^^^^^^^^^^^^^
  File "/Users/ruslanalbakov/Documents/ДЗ/Django/venv/lib/python3.11/site-packages/django/core/handlers/base.py", line 197, in _get_response
    response = wrapped_callback(request, *callback_args, **callback_kwargs)
               ^^^^^^^^^^^^^^^^^^^^^^^^^^^^^^^^^^^^^^^^^^^^^^^^^^^^^^^^^^^^
  File "/Users/ruslanalbakov/Documents/ДЗ/Django/Geekbrains/lesapp2/views.py", line 19, in handtails
    "content": side}
               ^^^^
NameError: name 'side' is not defined
ERROR 2023-11-04 11:01:03,921 basehttp 5929 6201602048 "GET /games/coin HTTP/1.1" 500 62175
ERROR 2023-11-04 11:01:05,088 log 5929 6201602048 Internal Server Error: /games/coin
Traceback (most recent call last):
  File "/Users/ruslanalbakov/Documents/ДЗ/Django/venv/lib/python3.11/site-packages/django/core/handlers/exception.py", line 55, in inner
    response = get_response(request)
               ^^^^^^^^^^^^^^^^^^^^^
  File "/Users/ruslanalbakov/Documents/ДЗ/Django/venv/lib/python3.11/site-packages/django/core/handlers/base.py", line 197, in _get_response
    response = wrapped_callback(request, *callback_args, **callback_kwargs)
               ^^^^^^^^^^^^^^^^^^^^^^^^^^^^^^^^^^^^^^^^^^^^^^^^^^^^^^^^^^^^
  File "/Users/ruslanalbakov/Documents/ДЗ/Django/Geekbrains/lesapp2/views.py", line 19, in handtails
    "content": side}
               ^^^^
NameError: name 'side' is not defined
ERROR 2023-11-04 11:01:05,089 basehttp 5929 6201602048 "GET /games/coin HTTP/1.1" 500 62175
ERROR 2023-11-04 11:01:08,005 log 5929 6201602048 Internal Server Error: /games/coin
Traceback (most recent call last):
  File "/Users/ruslanalbakov/Documents/ДЗ/Django/venv/lib/python3.11/site-packages/django/core/handlers/exception.py", line 55, in inner
    response = get_response(request)
               ^^^^^^^^^^^^^^^^^^^^^
  File "/Users/ruslanalbakov/Documents/ДЗ/Django/venv/lib/python3.11/site-packages/django/core/handlers/base.py", line 197, in _get_response
    response = wrapped_callback(request, *callback_args, **callback_kwargs)
               ^^^^^^^^^^^^^^^^^^^^^^^^^^^^^^^^^^^^^^^^^^^^^^^^^^^^^^^^^^^^
  File "/Users/ruslanalbakov/Documents/ДЗ/Django/Geekbrains/lesapp2/views.py", line 19, in handtails
    "content": side}
               ^^^^
NameError: name 'side' is not defined
ERROR 2023-11-04 11:01:08,006 basehttp 5929 6201602048 "GET /games/coin HTTP/1.1" 500 62175
INFO 2023-11-04 11:01:13,748 autoreload 5929 7944835840 /Users/ruslanalbakov/Documents/ДЗ/Django/Geekbrains/lesapp2/views.py changed, reloading.
INFO 2023-11-04 11:01:13,925 autoreload 5944 7944835840 Watching for file changes with StatReloader
INFO 2023-11-04 11:01:14,122 basehttp 5944 6197751808 "GET /games/coin HTTP/1.1" 200 142
INFO 2023-11-04 11:01:15,055 basehttp 5944 6197751808 "GET /games/coin HTTP/1.1" 200 142
INFO 2023-11-04 11:01:23,153 autoreload 5944 7944835840 /Users/ruslanalbakov/Documents/ДЗ/Django/Geekbrains/lesapp2/views.py changed, reloading.
INFO 2023-11-04 11:01:23,345 autoreload 5954 7944835840 Watching for file changes with StatReloader
INFO 2023-11-04 11:01:23,613 basehttp 5954 6204026880 "GET /games/coin HTTP/1.1" 200 129
INFO 2023-11-04 11:01:24,197 basehttp 5954 6204026880 "GET /games/coin HTTP/1.1" 200 129
INFO 2023-11-04 11:01:28,554 autoreload 5954 7944835840 /Users/ruslanalbakov/Documents/ДЗ/Django/Geekbrains/lesapp2/views.py changed, reloading.
INFO 2023-11-04 11:01:28,722 autoreload 5960 7944835840 Watching for file changes with StatReloader
INFO 2023-11-04 11:01:31,866 autoreload 5960 7944835840 /Users/ruslanalbakov/Documents/ДЗ/Django/Geekbrains/lesapp2/views.py changed, reloading.
INFO 2023-11-04 11:01:32,029 autoreload 5966 7944835840 Watching for file changes with StatReloader
INFO 2023-11-04 11:01:33,142 autoreload 5966 7944835840 /Users/ruslanalbakov/Documents/ДЗ/Django/Geekbrains/lesapp2/views.py changed, reloading.
INFO 2023-11-04 11:01:33,290 autoreload 5967 7944835840 Watching for file changes with StatReloader
INFO 2023-11-04 11:01:36,424 autoreload 5967 7944835840 /Users/ruslanalbakov/Documents/ДЗ/Django/Geekbrains/lesapp2/views.py changed, reloading.
INFO 2023-11-04 11:01:36,590 autoreload 5973 7944835840 Watching for file changes with StatReloader
INFO 2023-11-04 11:01:42,775 autoreload 5973 7944835840 /Users/ruslanalbakov/Documents/ДЗ/Django/Geekbrains/lesapp2/views.py changed, reloading.
INFO 2023-11-04 11:01:42,939 autoreload 5980 7944835840 Watching for file changes with StatReloader
INFO 2023-11-04 11:01:48,084 autoreload 5980 7944835840 /Users/ruslanalbakov/Documents/ДЗ/Django/Geekbrains/lesapp2/views.py changed, reloading.
INFO 2023-11-04 11:01:48,265 autoreload 5986 7944835840 Watching for file changes with StatReloader
INFO 2023-11-04 11:01:48,496 basehttp 5986 6171553792 "GET /games/coin HTTP/1.1" 200 129
INFO 2023-11-04 11:01:49,233 basehttp 5986 6171553792 "GET /games/coin HTTP/1.1" 200 127
INFO 2023-11-04 11:02:24,014 autoreload 5986 7944835840 /Users/ruslanalbakov/Documents/ДЗ/Django/Geekbrains/lesapp2/views.py changed, reloading.
INFO 2023-11-04 11:02:24,191 autoreload 5994 7944835840 Watching for file changes with StatReloader
INFO 2023-11-04 11:02:33,401 autoreload 5994 7944835840 /Users/ruslanalbakov/Documents/ДЗ/Django/Geekbrains/lesapp2/views.py changed, reloading.
INFO 2023-11-04 11:02:33,574 autoreload 6002 7944835840 Watching for file changes with StatReloader
INFO 2023-11-04 11:02:35,627 autoreload 6002 7944835840 /Users/ruslanalbakov/Documents/ДЗ/Django/Geekbrains/lesapp2/views.py changed, reloading.
INFO 2023-11-04 11:02:35,799 autoreload 6008 7944835840 Watching for file changes with StatReloader
INFO 2023-11-04 11:02:52,182 autoreload 6008 7944835840 /Users/ruslanalbakov/Documents/ДЗ/Django/Geekbrains/lesapp2/views.py changed, reloading.
INFO 2023-11-04 11:02:52,363 autoreload 6015 7944835840 Watching for file changes with StatReloader
INFO 2023-11-04 11:02:54,491 autoreload 6015 7944835840 /Users/ruslanalbakov/Documents/ДЗ/Django/Geekbrains/lesapp2/views.py changed, reloading.
INFO 2023-11-04 11:02:54,645 autoreload 6021 7944835840 Watching for file changes with StatReloader
INFO 2023-11-04 11:03:06,557 basehttp 6021 6203961344 "GET /games/coin HTTP/1.1" 200 127
WARNING 2023-11-04 11:03:09,586 log 6021 6203961344 Not Found: /games/
WARNING 2023-11-04 11:03:09,587 basehttp 6021 6203961344 "GET /games/ HTTP/1.1" 404 3551
INFO 2023-11-04 11:03:10,164 basehttp 6021 6203961344 "GET /games/last_coins HTTP/1.1" 200 162
INFO 2023-11-04 11:04:01,992 basehttp 6021 6203961344 "GET /games/last_coins HTTP/1.1" 200 162
INFO 2023-11-04 11:04:04,311 basehttp 6021 6203961344 "GET /games/last_coins HTTP/1.1" 200 162
WARNING 2023-11-04 11:04:05,699 log 6021 6203961344 Not Found: /games/
WARNING 2023-11-04 11:04:05,699 basehttp 6021 6203961344 "GET /games/ HTTP/1.1" 404 3551
INFO 2023-11-04 11:04:11,593 basehttp 6021 6203961344 "GET /games/index HTTP/1.1" 200 133
INFO 2023-11-04 11:04:14,507 basehttp 6021 6203961344 "GET /games/index HTTP/1.1" 200 133
WARNING 2023-11-04 11:04:14,826 log 6021 6203961344 Not Found: /games/
WARNING 2023-11-04 11:04:14,827 basehttp 6021 6203961344 "GET /games/ HTTP/1.1" 404 3551
INFO 2023-11-04 11:04:15,100 basehttp 6021 6203961344 "GET /games/coin HTTP/1.1" 200 127
INFO 2023-11-04 11:05:39,703 basehttp 6021 6203961344 "GET /games/coin HTTP/1.1" 200 129
INFO 2023-11-04 11:05:42,822 basehttp 6021 6203961344 "GET /games/coin HTTP/1.1" 200 127
WARNING 2023-11-04 11:05:43,127 log 6021 6203961344 Not Found: /games/
WARNING 2023-11-04 11:05:43,128 basehttp 6021 6203961344 "GET /games/ HTTP/1.1" 404 3551
INFO 2023-11-04 11:05:43,623 basehttp 6021 6203961344 "GET /games/last_coins HTTP/1.1" 200 162
INFO 2023-11-04 11:06:26,885 autoreload 6021 7944835840 /Users/ruslanalbakov/Documents/ДЗ/Django/Geekbrains/lesapp2/views.py changed, reloading.
INFO 2023-11-04 11:06:27,057 autoreload 6083 7944835840 Watching for file changes with StatReloader
INFO 2023-11-04 11:06:28,185 autoreload 6083 7944835840 /Users/ruslanalbakov/Documents/ДЗ/Django/Geekbrains/lesapp2/views.py changed, reloading.
INFO 2023-11-04 11:06:28,338 autoreload 6086 7944835840 Watching for file changes with StatReloader
INFO 2023-11-04 11:06:32,487 autoreload 6086 7944835840 /Users/ruslanalbakov/Documents/ДЗ/Django/Geekbrains/lesapp2/views.py changed, reloading.
INFO 2023-11-04 11:06:32,664 autoreload 6090 7944835840 Watching for file changes with StatReloader
INFO 2023-11-04 11:06:35,837 basehttp 6090 6169276416 "GET /games/last_coins HTTP/1.1" 200 162
INFO 2023-11-04 11:06:37,957 basehttp 6090 6169276416 "GET /games/last_coins HTTP/1.1" 200 162
WARNING 2023-11-04 11:06:40,354 log 6090 6169276416 Not Found: /games/
WARNING 2023-11-04 11:06:40,355 basehttp 6090 6169276416 "GET /games/ HTTP/1.1" 404 3551
INFO 2023-11-04 11:06:40,765 basehttp 6090 6169276416 "GET /games/coin HTTP/1.1" 200 129
INFO 2023-11-04 11:08:52,636 basehttp 6090 6169276416 "GET /games/coin HTTP/1.1" 200 127
WARNING 2023-11-04 11:08:52,870 log 6090 6169276416 Not Found: /games/
WARNING 2023-11-04 11:08:52,871 basehttp 6090 6169276416 "GET /games/ HTTP/1.1" 404 3551
ERROR 2023-11-04 11:08:53,478 log 6090 6169276416 Internal Server Error: /games/index
Traceback (most recent call last):
  File "/Users/ruslanalbakov/Documents/ДЗ/Django/venv/lib/python3.11/site-packages/django/core/handlers/exception.py", line 55, in inner
    response = get_response(request)
               ^^^^^^^^^^^^^^^^^^^^^
  File "/Users/ruslanalbakov/Documents/ДЗ/Django/venv/lib/python3.11/site-packages/django/core/handlers/base.py", line 197, in _get_response
    response = wrapped_callback(request, *callback_args, **callback_kwargs)
               ^^^^^^^^^^^^^^^^^^^^^^^^^^^^^^^^^^^^^^^^^^^^^^^^^^^^^^^^^^^^
  File "/Users/ruslanalbakov/Documents/ДЗ/Django/Geekbrains/lesapp2/views.py", line 31, in index
    return render(request, "lesapp2/index.html", context)
           ^^^^^^^^^^^^^^^^^^^^^^^^^^^^^^^^^^^^^^^^^^^^^^
  File "/Users/ruslanalbakov/Documents/ДЗ/Django/venv/lib/python3.11/site-packages/django/shortcuts.py", line 24, in render
    content = loader.render_to_string(template_name, context, request, using=using)
              ^^^^^^^^^^^^^^^^^^^^^^^^^^^^^^^^^^^^^^^^^^^^^^^^^^^^^^^^^^^^^^^^^^^^^
  File "/Users/ruslanalbakov/Documents/ДЗ/Django/venv/lib/python3.11/site-packages/django/template/loader.py", line 61, in render_to_string
    template = get_template(template_name, using=using)
               ^^^^^^^^^^^^^^^^^^^^^^^^^^^^^^^^^^^^^^^^
  File "/Users/ruslanalbakov/Documents/ДЗ/Django/venv/lib/python3.11/site-packages/django/template/loader.py", line 19, in get_template
    raise TemplateDoesNotExist(template_name, chain=chain)
django.template.exceptions.TemplateDoesNotExist: lesapp2/index.html
ERROR 2023-11-04 11:08:53,480 basehttp 6090 6169276416 "GET /games/index HTTP/1.1" 500 76844
INFO 2023-11-04 11:09:02,771 autoreload 6090 7944835840 /Users/ruslanalbakov/Documents/ДЗ/Django/Geekbrains/lesapp2/views.py changed, reloading.
INFO 2023-11-04 11:09:02,963 autoreload 6116 7944835840 Watching for file changes with StatReloader
INFO 2023-11-04 11:09:03,205 basehttp 6116 6134673408 "GET /games/index HTTP/1.1" 200 133
INFO 2023-11-04 12:04:24,061 autoreload 6116 7944835840 /Users/ruslanalbakov/Documents/ДЗ/Django/Geekbrains/lesapp2/models.py changed, reloading.
INFO 2023-11-04 12:04:24,241 autoreload 6189 7944835840 Watching for file changes with StatReloader
INFO 2023-11-04 12:04:46,652 autoreload 6189 7944835840 /Users/ruslanalbakov/Documents/ДЗ/Django/Geekbrains/lesapp2/models.py changed, reloading.
INFO 2023-11-04 12:04:46,831 autoreload 6205 7944835840 Watching for file changes with StatReloader
INFO 2023-11-04 12:04:59,133 autoreload 6205 7944835840 /Users/ruslanalbakov/Documents/ДЗ/Django/Geekbrains/lesapp2/models.py changed, reloading.
INFO 2023-11-04 12:04:59,300 autoreload 6213 7944835840 Watching for file changes with StatReloader
INFO 2023-11-04 12:05:04,469 autoreload 6213 7944835840 /Users/ruslanalbakov/Documents/ДЗ/Django/Geekbrains/lesapp2/models.py changed, reloading.
INFO 2023-11-04 12:05:04,652 autoreload 6219 7944835840 Watching for file changes with StatReloader
INFO 2023-11-04 12:05:12,907 autoreload 6219 7944835840 /Users/ruslanalbakov/Documents/ДЗ/Django/Geekbrains/lesapp2/models.py changed, reloading.
INFO 2023-11-04 12:05:13,069 autoreload 6228 7944835840 Watching for file changes with StatReloader
INFO 2023-11-04 12:05:29,447 autoreload 6228 7944835840 /Users/ruslanalbakov/Documents/ДЗ/Django/Geekbrains/lesapp2/models.py changed, reloading.
INFO 2023-11-04 12:05:29,621 autoreload 6234 7944835840 Watching for file changes with StatReloader
INFO 2023-11-04 12:05:31,766 autoreload 6234 7944835840 /Users/ruslanalbakov/Documents/ДЗ/Django/Geekbrains/lesapp2/models.py changed, reloading.
INFO 2023-11-04 12:05:31,944 autoreload 6237 7944835840 Watching for file changes with StatReloader
INFO 2023-11-04 12:05:48,285 autoreload 6237 7944835840 /Users/ruslanalbakov/Documents/ДЗ/Django/Geekbrains/lesapp2/models.py changed, reloading.
INFO 2023-11-04 12:05:48,461 autoreload 6246 7944835840 Watching for file changes with StatReloader
INFO 2023-11-04 12:05:49,617 autoreload 6246 7944835840 /Users/ruslanalbakov/Documents/ДЗ/Django/Geekbrains/lesapp2/models.py changed, reloading.
INFO 2023-11-04 12:05:49,788 autoreload 6249 7944835840 Watching for file changes with StatReloader
INFO 2023-11-04 12:05:57,032 autoreload 6249 7944835840 /Users/ruslanalbakov/Documents/ДЗ/Django/Geekbrains/lesapp2/models.py changed, reloading.
INFO 2023-11-04 12:05:57,192 autoreload 6255 7944835840 Watching for file changes with StatReloader
INFO 2023-11-04 12:05:59,350 autoreload 6255 7944835840 /Users/ruslanalbakov/Documents/ДЗ/Django/Geekbrains/lesapp2/models.py changed, reloading.
INFO 2023-11-04 12:05:59,503 autoreload 6261 7944835840 Watching for file changes with StatReloader
INFO 2023-11-04 12:06:03,655 autoreload 6261 7944835840 /Users/ruslanalbakov/Documents/ДЗ/Django/Geekbrains/lesapp2/models.py changed, reloading.
INFO 2023-11-04 12:06:03,813 autoreload 6266 7944835840 Watching for file changes with StatReloader
INFO 2023-11-04 12:06:04,961 autoreload 6266 7944835840 /Users/ruslanalbakov/Documents/ДЗ/Django/Geekbrains/lesapp2/models.py changed, reloading.
INFO 2023-11-04 12:06:05,127 autoreload 6269 7944835840 Watching for file changes with StatReloader
INFO 2023-11-04 12:06:22,532 autoreload 6269 7944835840 /Users/ruslanalbakov/Documents/ДЗ/Django/Geekbrains/lesapp2/models.py changed, reloading.
INFO 2023-11-04 12:06:22,714 autoreload 6275 7944835840 Watching for file changes with StatReloader
INFO 2023-11-04 12:06:25,853 autoreload 6275 7944835840 /Users/ruslanalbakov/Documents/ДЗ/Django/Geekbrains/lesapp2/models.py changed, reloading.
INFO 2023-11-04 12:06:26,012 autoreload 6281 7944835840 Watching for file changes with StatReloader
INFO 2023-11-04 12:06:28,184 autoreload 6281 7944835840 /Users/ruslanalbakov/Documents/ДЗ/Django/Geekbrains/lesapp2/models.py changed, reloading.
INFO 2023-11-04 12:06:28,366 autoreload 6282 7944835840 Watching for file changes with StatReloader
INFO 2023-11-04 12:06:33,549 autoreload 6282 7944835840 /Users/ruslanalbakov/Documents/ДЗ/Django/Geekbrains/lesapp2/models.py changed, reloading.
INFO 2023-11-04 12:06:33,726 autoreload 6290 7944835840 Watching for file changes with StatReloader
INFO 2023-11-04 12:06:37,904 autoreload 6290 7944835840 /Users/ruslanalbakov/Documents/ДЗ/Django/Geekbrains/lesapp2/models.py changed, reloading.
INFO 2023-11-04 12:06:38,077 autoreload 6294 7944835840 Watching for file changes with StatReloader
INFO 2023-11-04 12:06:40,218 autoreload 6294 7944835840 /Users/ruslanalbakov/Documents/ДЗ/Django/Geekbrains/lesapp2/models.py changed, reloading.
INFO 2023-11-04 12:06:40,380 autoreload 6300 7944835840 Watching for file changes with StatReloader
INFO 2023-11-04 12:06:42,499 autoreload 6300 7944835840 /Users/ruslanalbakov/Documents/ДЗ/Django/Geekbrains/lesapp2/models.py changed, reloading.
INFO 2023-11-04 12:06:42,663 autoreload 6301 7944835840 Watching for file changes with StatReloader
INFO 2023-11-04 12:06:45,798 autoreload 6301 7944835840 /Users/ruslanalbakov/Documents/ДЗ/Django/Geekbrains/lesapp2/models.py changed, reloading.
INFO 2023-11-04 12:06:45,955 autoreload 6307 7944835840 Watching for file changes with StatReloader
INFO 2023-11-04 12:06:52,168 autoreload 6307 7944835840 /Users/ruslanalbakov/Documents/ДЗ/Django/Geekbrains/lesapp2/models.py changed, reloading.
INFO 2023-11-04 12:06:52,325 autoreload 6313 7944835840 Watching for file changes with StatReloader
INFO 2023-11-04 12:06:55,471 autoreload 6313 7944835840 /Users/ruslanalbakov/Documents/ДЗ/Django/Geekbrains/lesapp2/models.py changed, reloading.
INFO 2023-11-04 12:06:55,652 autoreload 6319 7944835840 Watching for file changes with StatReloader
INFO 2023-11-04 12:06:59,811 autoreload 6319 7944835840 /Users/ruslanalbakov/Documents/ДЗ/Django/Geekbrains/lesapp2/models.py changed, reloading.
INFO 2023-11-04 12:06:59,988 autoreload 6325 7944835840 Watching for file changes with StatReloader
INFO 2023-11-04 12:24:10,027 autoreload 6888 7944835840 Watching for file changes with StatReloader
INFO 2023-11-04 12:24:12,258 views 6888 6126088192 Index page accessed
INFO 2023-11-04 12:24:12,259 basehttp 6888 6126088192 "GET / HTTP/1.1" 200 13
INFO 2023-11-04 12:24:14,957 views 6888 6126088192 Index page accessed
INFO 2023-11-04 12:24:14,958 basehttp 6888 6126088192 "GET / HTTP/1.1" 200 13
INFO 2023-11-04 12:24:16,008 views 6888 6126088192 Index page accessed
INFO 2023-11-04 12:24:16,009 basehttp 6888 6126088192 "GET / HTTP/1.1" 200 13
INFO 2023-11-04 12:24:18,239 basehttp 6888 6126088192 "GET /games/last_coins HTTP/1.1" 200 162
WARNING 2023-11-04 12:24:23,163 log 6888 6126088192 Not Found: /games/
WARNING 2023-11-04 12:24:23,164 basehttp 6888 6126088192 "GET /games/ HTTP/1.1" 404 3559
ERROR 2023-11-04 12:24:39,967 log 6888 6126088192 Internal Server Error: /games/fake_data
Traceback (most recent call last):
  File "/Users/ruslanalbakov/Documents/ДЗ/Django/venv/lib/python3.11/site-packages/django/core/handlers/exception.py", line 55, in inner
    response = get_response(request)
               ^^^^^^^^^^^^^^^^^^^^^
  File "/Users/ruslanalbakov/Documents/ДЗ/Django/venv/lib/python3.11/site-packages/django/core/handlers/base.py", line 204, in _get_response
    self.check_response(response, callback)
  File "/Users/ruslanalbakov/Documents/ДЗ/Django/venv/lib/python3.11/site-packages/django/core/handlers/base.py", line 332, in check_response
    raise ValueError(
ValueError: The view lesapp2.views.fake_author_and_post didn't return an HttpResponse object. It returned None instead.
ERROR 2023-11-04 12:24:39,967 basehttp 6888 6126088192 "GET /games/fake_data HTTP/1.1" 500 62705
INFO 2023-11-04 12:27:05,188 autoreload 6888 7944835840 /Users/ruslanalbakov/Documents/ДЗ/Django/Geekbrains/lesapp2/views.py changed, reloading.
INFO 2023-11-04 12:27:05,357 autoreload 6951 7944835840 Watching for file changes with StatReloader
INFO 2023-11-04 12:27:08,505 autoreload 6951 7944835840 /Users/ruslanalbakov/Documents/ДЗ/Django/Geekbrains/lesapp2/views.py changed, reloading.
INFO 2023-11-04 12:27:08,686 autoreload 6958 7944835840 Watching for file changes with StatReloader
INFO 2023-11-04 12:27:11,843 autoreload 6958 7944835840 /Users/ruslanalbakov/Documents/ДЗ/Django/Geekbrains/lesapp2/views.py changed, reloading.
INFO 2023-11-04 12:27:11,995 autoreload 6965 7944835840 Watching for file changes with StatReloader
INFO 2023-11-04 12:27:13,115 autoreload 6965 7944835840 /Users/ruslanalbakov/Documents/ДЗ/Django/Geekbrains/lesapp2/views.py changed, reloading.
INFO 2023-11-04 12:27:13,258 autoreload 6966 7944835840 Watching for file changes with StatReloader
INFO 2023-11-04 12:27:16,400 autoreload 6966 7944835840 /Users/ruslanalbakov/Documents/ДЗ/Django/Geekbrains/lesapp2/views.py changed, reloading.
INFO 2023-11-04 12:27:16,562 autoreload 6969 7944835840 Watching for file changes with StatReloader
INFO 2023-11-04 12:27:19,712 autoreload 6969 7944835840 /Users/ruslanalbakov/Documents/ДЗ/Django/Geekbrains/lesapp2/views.py changed, reloading.
INFO 2023-11-04 12:27:19,856 autoreload 6973 7944835840 Watching for file changes with StatReloader
INFO 2023-11-04 12:27:20,970 autoreload 6973 7944835840 /Users/ruslanalbakov/Documents/ДЗ/Django/Geekbrains/lesapp2/views.py changed, reloading.
INFO 2023-11-04 12:27:21,121 autoreload 6974 7944835840 Watching for file changes with StatReloader
INFO 2023-11-04 12:27:26,299 autoreload 6974 7944835840 /Users/ruslanalbakov/Documents/ДЗ/Django/Geekbrains/lesapp2/views.py changed, reloading.
INFO 2023-11-04 12:27:26,449 autoreload 6982 7944835840 Watching for file changes with StatReloader
INFO 2023-11-04 12:27:45,842 autoreload 6982 7944835840 /Users/ruslanalbakov/Documents/ДЗ/Django/Geekbrains/lesapp2/views.py changed, reloading.
INFO 2023-11-04 12:27:46,013 autoreload 6991 7944835840 Watching for file changes with StatReloader
INFO 2023-11-04 12:27:53,218 autoreload 6991 7944835840 /Users/ruslanalbakov/Documents/ДЗ/Django/Geekbrains/lesapp2/views.py changed, reloading.
INFO 2023-11-04 12:27:53,390 autoreload 6999 7944835840 Watching for file changes with StatReloader
INFO 2023-11-04 12:27:54,495 autoreload 6999 7944835840 /Users/ruslanalbakov/Documents/ДЗ/Django/Geekbrains/lesapp2/views.py changed, reloading.
INFO 2023-11-04 12:27:54,643 autoreload 7000 7944835840 Watching for file changes with StatReloader
INFO 2023-11-04 12:27:55,748 autoreload 7000 7944835840 /Users/ruslanalbakov/Documents/ДЗ/Django/Geekbrains/lesapp2/views.py changed, reloading.
INFO 2023-11-04 12:27:55,896 autoreload 7001 7944835840 Watching for file changes with StatReloader
INFO 2023-11-04 12:28:03,082 autoreload 7001 7944835840 /Users/ruslanalbakov/Documents/ДЗ/Django/Geekbrains/lesapp2/views.py changed, reloading.
INFO 2023-11-04 12:28:03,268 autoreload 7011 7944835840 Watching for file changes with StatReloader
INFO 2023-11-04 12:28:11,500 autoreload 7011 7944835840 /Users/ruslanalbakov/Documents/ДЗ/Django/Geekbrains/lesapp2/views.py changed, reloading.
INFO 2023-11-04 12:28:11,674 autoreload 7017 7944835840 Watching for file changes with StatReloader
INFO 2023-11-04 12:28:20,909 autoreload 7017 7944835840 /Users/ruslanalbakov/Documents/ДЗ/Django/Geekbrains/lesapp2/views.py changed, reloading.
INFO 2023-11-04 12:28:21,097 autoreload 7025 7944835840 Watching for file changes with StatReloader
INFO 2023-11-04 12:28:25,258 autoreload 7025 7944835840 /Users/ruslanalbakov/Documents/ДЗ/Django/Geekbrains/lesapp2/views.py changed, reloading.
INFO 2023-11-04 12:28:25,428 autoreload 7031 7944835840 Watching for file changes with StatReloader
INFO 2023-11-04 12:28:31,535 autoreload 7031 7944835840 /Users/ruslanalbakov/Documents/ДЗ/Django/Geekbrains/lesapp2/views.py changed, reloading.
INFO 2023-11-04 12:28:31,706 autoreload 7039 7944835840 Watching for file changes with StatReloader
INFO 2023-11-04 12:28:34,868 basehttp 7039 6162673664 "GET /games/fake_data HTTP/1.1" 200 130
INFO 2023-11-04 12:28:46,085 autoreload 7039 7944835840 /Users/ruslanalbakov/Documents/ДЗ/Django/Geekbrains/lesapp2/views.py changed, reloading.
INFO 2023-11-04 12:28:46,240 autoreload 7050 7944835840 Watching for file changes with StatReloader
INFO 2023-11-04 12:28:49,376 autoreload 7050 7944835840 /Users/ruslanalbakov/Documents/ДЗ/Django/Geekbrains/lesapp2/views.py changed, reloading.
INFO 2023-11-04 12:28:49,529 autoreload 7057 7944835840 Watching for file changes with StatReloader
INFO 2023-11-04 12:28:50,573 autoreload 7057 7944835840 /Users/ruslanalbakov/Documents/ДЗ/Django/Geekbrains/lesapp2/views.py changed, reloading.
INFO 2023-11-04 12:28:50,774 autoreload 7058 7944835840 Watching for file changes with StatReloader
INFO 2023-11-04 12:28:51,392 basehttp 7058 6161395712 "GET /games/fake_data HTTP/1.1" 200 2000
INFO 2023-11-04 12:35:37,031 autoreload 7058 7944835840 /Users/ruslanalbakov/Documents/ДЗ/Django/Geekbrains/lesapp2/views.py changed, reloading.
INFO 2023-11-04 12:35:37,219 autoreload 7079 7944835840 Watching for file changes with StatReloader
INFO 2023-11-04 12:35:39,341 autoreload 7079 7944835840 /Users/ruslanalbakov/Documents/ДЗ/Django/Geekbrains/lesapp2/views.py changed, reloading.
INFO 2023-11-04 12:35:39,496 autoreload 7086 7944835840 Watching for file changes with StatReloader
INFO 2023-11-04 12:35:48,736 autoreload 7086 7944835840 /Users/ruslanalbakov/Documents/ДЗ/Django/Geekbrains/lesapp2/views.py changed, reloading.
INFO 2023-11-04 12:35:48,901 autoreload 7092 7944835840 Watching for file changes with StatReloader
INFO 2023-11-04 12:35:53,054 autoreload 7092 7944835840 /Users/ruslanalbakov/Documents/ДЗ/Django/Geekbrains/lesapp2/views.py changed, reloading.
INFO 2023-11-04 12:35:53,216 autoreload 7098 7944835840 Watching for file changes with StatReloader
INFO 2023-11-04 12:35:56,272 autoreload 7098 7944835840 /Users/ruslanalbakov/Documents/ДЗ/Django/Geekbrains/lesapp2/views.py changed, reloading.
INFO 2023-11-04 12:35:56,431 autoreload 7104 7944835840 Watching for file changes with StatReloader
INFO 2023-11-04 12:35:57,477 autoreload 7104 7944835840 /Users/ruslanalbakov/Documents/ДЗ/Django/Geekbrains/lesapp2/views.py changed, reloading.
INFO 2023-11-04 12:35:57,666 autoreload 7105 7944835840 Watching for file changes with StatReloader
INFO 2023-11-04 12:36:02,750 autoreload 7105 7944835840 /Users/ruslanalbakov/Documents/ДЗ/Django/Geekbrains/lesapp2/views.py changed, reloading.
INFO 2023-11-04 12:36:02,929 autoreload 7111 7944835840 Watching for file changes with StatReloader
INFO 2023-11-04 12:36:03,977 autoreload 7111 7944835840 /Users/ruslanalbakov/Documents/ДЗ/Django/Geekbrains/lesapp2/views.py changed, reloading.
INFO 2023-11-04 12:36:04,155 autoreload 7112 7944835840 Watching for file changes with StatReloader
INFO 2023-11-04 12:36:28,676 autoreload 7112 7944835840 /Users/ruslanalbakov/Documents/ДЗ/Django/Geekbrains/lesapp2/views.py changed, reloading.
INFO 2023-11-04 12:36:28,888 autoreload 7120 7944835840 Watching for file changes with StatReloader
INFO 2023-11-04 12:36:36,086 autoreload 7120 7944835840 /Users/ruslanalbakov/Documents/ДЗ/Django/Geekbrains/lesapp2/views.py changed, reloading.
INFO 2023-11-04 12:36:36,269 autoreload 7128 7944835840 Watching for file changes with StatReloader
INFO 2023-11-04 12:37:06,767 autoreload 7128 7944835840 /Users/ruslanalbakov/Documents/ДЗ/Django/Geekbrains/lesapp2/views.py changed, reloading.
INFO 2023-11-04 12:37:06,942 autoreload 7138 7944835840 Watching for file changes with StatReloader
INFO 2023-11-04 12:37:34,548 autoreload 7138 7944835840 /Users/ruslanalbakov/Documents/ДЗ/Django/Geekbrains/lesapp2/views.py changed, reloading.
INFO 2023-11-04 12:37:34,729 autoreload 7146 7944835840 Watching for file changes with StatReloader
INFO 2023-11-04 12:37:35,847 autoreload 7146 7944835840 /Users/ruslanalbakov/Documents/ДЗ/Django/Geekbrains/lesapp2/views.py changed, reloading.
INFO 2023-11-04 12:37:35,995 autoreload 7150 7944835840 Watching for file changes with StatReloader
INFO 2023-11-04 12:37:38,127 autoreload 7150 7944835840 /Users/ruslanalbakov/Documents/ДЗ/Django/Geekbrains/lesapp2/views.py changed, reloading.
INFO 2023-11-04 12:37:38,311 autoreload 7154 7944835840 Watching for file changes with StatReloader
INFO 2023-11-04 12:37:43,495 autoreload 7154 7944835840 /Users/ruslanalbakov/Documents/ДЗ/Django/Geekbrains/lesapp2/views.py changed, reloading.
INFO 2023-11-04 12:37:43,671 autoreload 7160 7944835840 Watching for file changes with StatReloader
INFO 2023-11-04 12:37:48,876 autoreload 7160 7944835840 /Users/ruslanalbakov/Documents/ДЗ/Django/Geekbrains/lesapp2/views.py changed, reloading.
INFO 2023-11-04 12:37:49,052 autoreload 7166 7944835840 Watching for file changes with StatReloader
INFO 2023-11-04 12:37:55,259 autoreload 7166 7944835840 /Users/ruslanalbakov/Documents/ДЗ/Django/Geekbrains/lesapp2/views.py changed, reloading.
INFO 2023-11-04 12:37:55,423 autoreload 7172 7944835840 Watching for file changes with StatReloader
INFO 2023-11-04 12:37:57,556 autoreload 7172 7944835840 /Users/ruslanalbakov/Documents/ДЗ/Django/Geekbrains/lesapp2/views.py changed, reloading.
INFO 2023-11-04 12:37:57,711 autoreload 7178 7944835840 Watching for file changes with StatReloader
INFO 2023-11-04 12:37:59,850 autoreload 7178 7944835840 /Users/ruslanalbakov/Documents/ДЗ/Django/Geekbrains/lesapp2/views.py changed, reloading.
INFO 2023-11-04 12:37:59,994 autoreload 7179 7944835840 Watching for file changes with StatReloader
INFO 2023-11-04 12:38:01,121 autoreload 7179 7944835840 /Users/ruslanalbakov/Documents/ДЗ/Django/Geekbrains/lesapp2/views.py changed, reloading.
INFO 2023-11-04 12:38:01,276 autoreload 7180 7944835840 Watching for file changes with StatReloader
INFO 2023-11-04 12:39:04,349 autoreload 7180 7944835840 /Users/ruslanalbakov/Documents/ДЗ/Django/Geekbrains/lesapp2/views.py changed, reloading.
INFO 2023-11-04 12:39:04,515 autoreload 7195 7944835840 Watching for file changes with StatReloader
INFO 2023-11-04 12:39:10,690 autoreload 7195 7944835840 /Users/ruslanalbakov/Documents/ДЗ/Django/Geekbrains/lesapp2/views.py changed, reloading.
INFO 2023-11-04 12:39:10,870 autoreload 7204 7944835840 Watching for file changes with StatReloader
INFO 2023-11-04 12:39:15,039 autoreload 7204 7944835840 /Users/ruslanalbakov/Documents/ДЗ/Django/Geekbrains/lesapp2/views.py changed, reloading.
INFO 2023-11-04 12:39:15,210 autoreload 7208 7944835840 Watching for file changes with StatReloader
INFO 2023-11-04 12:39:21,417 autoreload 7208 7944835840 /Users/ruslanalbakov/Documents/ДЗ/Django/Geekbrains/lesapp2/views.py changed, reloading.
INFO 2023-11-04 12:39:21,592 autoreload 7216 7944835840 Watching for file changes with StatReloader
INFO 2023-11-04 12:39:23,728 autoreload 7216 7944835840 /Users/ruslanalbakov/Documents/ДЗ/Django/Geekbrains/lesapp2/views.py changed, reloading.
INFO 2023-11-04 12:39:23,901 autoreload 7218 7944835840 Watching for file changes with StatReloader
INFO 2023-11-04 12:39:25,006 autoreload 7218 7944835840 /Users/ruslanalbakov/Documents/ДЗ/Django/Geekbrains/lesapp2/views.py changed, reloading.
INFO 2023-11-04 12:39:25,146 autoreload 7222 7944835840 Watching for file changes with StatReloader
INFO 2023-11-04 12:39:28,274 autoreload 7222 7944835840 /Users/ruslanalbakov/Documents/ДЗ/Django/Geekbrains/lesapp2/views.py changed, reloading.
INFO 2023-11-04 12:39:28,453 autoreload 7225 7944835840 Watching for file changes with StatReloader
INFO 2023-11-04 12:39:31,519 autoreload 7225 7944835840 /Users/ruslanalbakov/Documents/ДЗ/Django/Geekbrains/lesapp2/views.py changed, reloading.
INFO 2023-11-04 12:39:31,690 autoreload 7231 7944835840 Watching for file changes with StatReloader
INFO 2023-11-04 12:39:39,916 autoreload 7231 7944835840 /Users/ruslanalbakov/Documents/ДЗ/Django/Geekbrains/lesapp2/views.py changed, reloading.
INFO 2023-11-04 12:39:40,083 autoreload 7237 7944835840 Watching for file changes with StatReloader
INFO 2023-11-04 12:39:44,233 autoreload 7237 7944835840 /Users/ruslanalbakov/Documents/ДЗ/Django/Geekbrains/lesapp2/views.py changed, reloading.
INFO 2023-11-04 12:39:44,392 autoreload 7243 7944835840 Watching for file changes with StatReloader
INFO 2023-11-04 12:39:45,513 autoreload 7243 7944835840 /Users/ruslanalbakov/Documents/ДЗ/Django/Geekbrains/lesapp2/views.py changed, reloading.
INFO 2023-11-04 12:39:45,659 autoreload 7244 7944835840 Watching for file changes with StatReloader
INFO 2023-11-04 12:39:48,821 autoreload 7244 7944835840 /Users/ruslanalbakov/Documents/ДЗ/Django/Geekbrains/lesapp2/views.py changed, reloading.
INFO 2023-11-04 12:39:48,997 autoreload 7250 7944835840 Watching for file changes with StatReloader
INFO 2023-11-04 12:40:10,368 autoreload 7250 7944835840 /Users/ruslanalbakov/Documents/ДЗ/Django/Geekbrains/lesapp2/views.py changed, reloading.
INFO 2023-11-04 12:40:10,539 autoreload 7256 7944835840 Watching for file changes with StatReloader
INFO 2023-11-04 12:40:12,668 autoreload 7256 7944835840 /Users/ruslanalbakov/Documents/ДЗ/Django/Geekbrains/lesapp2/views.py changed, reloading.
INFO 2023-11-04 12:40:12,835 autoreload 7262 7944835840 Watching for file changes with StatReloader
INFO 2023-11-04 12:40:33,221 autoreload 7262 7944835840 /Users/ruslanalbakov/Documents/ДЗ/Django/Geekbrains/lesapp2/views.py changed, reloading.
INFO 2023-11-04 12:40:33,388 autoreload 7272 7944835840 Watching for file changes with StatReloader
INFO 2023-11-04 12:40:35,436 autoreload 7272 7944835840 /Users/ruslanalbakov/Documents/ДЗ/Django/Geekbrains/lesapp2/views.py changed, reloading.
INFO 2023-11-04 12:40:35,593 autoreload 7278 7944835840 Watching for file changes with StatReloader
INFO 2023-11-04 12:40:36,707 autoreload 7278 7944835840 /Users/ruslanalbakov/Documents/ДЗ/Django/Geekbrains/lesapp2/views.py changed, reloading.
INFO 2023-11-04 12:40:36,847 autoreload 7279 7944835840 Watching for file changes with StatReloader
INFO 2023-11-04 12:40:46,069 autoreload 7279 7944835840 /Users/ruslanalbakov/Documents/ДЗ/Django/Geekbrains/lesapp2/views.py changed, reloading.
INFO 2023-11-04 12:40:46,248 autoreload 7286 7944835840 Watching for file changes with StatReloader
INFO 2023-11-04 12:40:47,375 autoreload 7286 7944835840 /Users/ruslanalbakov/Documents/ДЗ/Django/Geekbrains/lesapp2/views.py changed, reloading.
INFO 2023-11-04 12:40:47,524 autoreload 7289 7944835840 Watching for file changes with StatReloader
INFO 2023-11-04 12:40:48,643 autoreload 7289 7944835840 /Users/ruslanalbakov/Documents/ДЗ/Django/Geekbrains/lesapp2/views.py changed, reloading.
INFO 2023-11-04 12:40:48,800 autoreload 7290 7944835840 Watching for file changes with StatReloader
INFO 2023-11-04 12:40:51,942 autoreload 7290 7944835840 /Users/ruslanalbakov/Documents/ДЗ/Django/Geekbrains/lesapp2/views.py changed, reloading.
INFO 2023-11-04 12:40:52,125 autoreload 7294 7944835840 Watching for file changes with StatReloader
INFO 2023-11-04 12:40:59,226 autoreload 7294 7944835840 /Users/ruslanalbakov/Documents/ДЗ/Django/Geekbrains/lesapp2/views.py changed, reloading.
INFO 2023-11-04 12:40:59,380 autoreload 7306 7944835840 Watching for file changes with StatReloader
INFO 2023-11-04 12:41:00,427 autoreload 7306 7944835840 /Users/ruslanalbakov/Documents/ДЗ/Django/Geekbrains/lesapp2/views.py changed, reloading.
INFO 2023-11-04 12:41:00,577 autoreload 7307 7944835840 Watching for file changes with StatReloader
INFO 2023-11-04 12:41:02,718 autoreload 7307 7944835840 /Users/ruslanalbakov/Documents/ДЗ/Django/Geekbrains/lesapp2/views.py changed, reloading.
INFO 2023-11-04 12:41:02,872 autoreload 7313 7944835840 Watching for file changes with StatReloader
INFO 2023-11-04 12:41:06,024 autoreload 7313 7944835840 /Users/ruslanalbakov/Documents/ДЗ/Django/Geekbrains/lesapp2/views.py changed, reloading.
INFO 2023-11-04 12:41:06,205 autoreload 7314 7944835840 Watching for file changes with StatReloader
INFO 2023-11-04 12:41:13,422 autoreload 7314 7944835840 /Users/ruslanalbakov/Documents/ДЗ/Django/Geekbrains/lesapp2/views.py changed, reloading.
INFO 2023-11-04 12:41:13,584 autoreload 7322 7944835840 Watching for file changes with StatReloader
INFO 2023-11-04 12:41:15,722 autoreload 7322 7944835840 /Users/ruslanalbakov/Documents/ДЗ/Django/Geekbrains/lesapp2/views.py changed, reloading.
INFO 2023-11-04 12:41:15,884 autoreload 7326 7944835840 Watching for file changes with StatReloader
INFO 2023-11-04 12:41:25,097 autoreload 7326 7944835840 /Users/ruslanalbakov/Documents/ДЗ/Django/Geekbrains/lesapp2/views.py changed, reloading.
INFO 2023-11-04 12:41:25,284 autoreload 7333 7944835840 Watching for file changes with StatReloader
INFO 2023-11-04 12:41:26,411 autoreload 7333 7944835840 /Users/ruslanalbakov/Documents/ДЗ/Django/Geekbrains/lesapp2/views.py changed, reloading.
INFO 2023-11-04 12:41:26,568 autoreload 7336 7944835840 Watching for file changes with StatReloader
INFO 2023-11-04 12:41:34,794 autoreload 7336 7944835840 /Users/ruslanalbakov/Documents/ДЗ/Django/Geekbrains/lesapp2/views.py changed, reloading.
INFO 2023-11-04 12:41:34,959 autoreload 7342 7944835840 Watching for file changes with StatReloader
INFO 2023-11-04 12:41:37,096 autoreload 7342 7944835840 /Users/ruslanalbakov/Documents/ДЗ/Django/Geekbrains/lesapp2/views.py changed, reloading.
INFO 2023-11-04 12:41:37,245 autoreload 7348 7944835840 Watching for file changes with StatReloader
INFO 2023-11-04 12:41:39,367 autoreload 7348 7944835840 /Users/ruslanalbakov/Documents/ДЗ/Django/Geekbrains/lesapp2/views.py changed, reloading.
INFO 2023-11-04 12:41:39,541 autoreload 7349 7944835840 Watching for file changes with StatReloader
INFO 2023-11-04 12:41:41,687 autoreload 7349 7944835840 /Users/ruslanalbakov/Documents/ДЗ/Django/Geekbrains/lesapp2/views.py changed, reloading.
INFO 2023-11-04 12:41:41,858 autoreload 7355 7944835840 Watching for file changes with StatReloader
INFO 2023-11-04 12:41:43,982 autoreload 7355 7944835840 /Users/ruslanalbakov/Documents/ДЗ/Django/Geekbrains/lesapp2/views.py changed, reloading.
INFO 2023-11-04 12:41:44,161 autoreload 7356 7944835840 Watching for file changes with StatReloader
INFO 2023-11-04 12:41:48,247 autoreload 7356 7944835840 /Users/ruslanalbakov/Documents/ДЗ/Django/Geekbrains/lesapp2/views.py changed, reloading.
INFO 2023-11-04 12:41:48,409 autoreload 7362 7944835840 Watching for file changes with StatReloader
INFO 2023-11-04 12:41:49,452 autoreload 7362 7944835840 /Users/ruslanalbakov/Documents/ДЗ/Django/Geekbrains/lesapp2/views.py changed, reloading.
INFO 2023-11-04 12:41:49,622 autoreload 7363 7944835840 Watching for file changes with StatReloader
INFO 2023-11-04 12:42:12,118 autoreload 7363 7944835840 /Users/ruslanalbakov/Documents/ДЗ/Django/Geekbrains/lesapp2/views.py changed, reloading.
INFO 2023-11-04 12:42:12,307 autoreload 7369 7944835840 Watching for file changes with StatReloader
INFO 2023-11-04 12:42:19,536 autoreload 7369 7944835840 /Users/ruslanalbakov/Documents/ДЗ/Django/Geekbrains/lesapp2/views.py changed, reloading.
INFO 2023-11-04 12:42:19,703 autoreload 7378 7944835840 Watching for file changes with StatReloader
INFO 2023-11-04 12:43:02,440 autoreload 7378 7944835840 /Users/ruslanalbakov/Documents/ДЗ/Django/Geekbrains/lesapp2/views.py changed, reloading.
INFO 2023-11-04 12:43:02,623 autoreload 7394 7944835840 Watching for file changes with StatReloader
INFO 2023-11-04 12:46:00,324 autoreload 7394 7944835840 /Users/ruslanalbakov/Documents/ДЗ/Django/Geekbrains/lesapp2/views.py changed, reloading.
INFO 2023-11-04 12:46:00,521 autoreload 7491 7944835840 Watching for file changes with StatReloader
ERROR 2023-11-04 12:48:23,457 log 7491 6166278144 Internal Server Error: /games/fake_data
Traceback (most recent call last):
  File "/Users/ruslanalbakov/Documents/ДЗ/Django/venv/lib/python3.11/site-packages/django/core/handlers/exception.py", line 55, in inner
    response = get_response(request)
               ^^^^^^^^^^^^^^^^^^^^^
  File "/Users/ruslanalbakov/Documents/ДЗ/Django/venv/lib/python3.11/site-packages/django/core/handlers/base.py", line 204, in _get_response
    self.check_response(response, callback)
  File "/Users/ruslanalbakov/Documents/ДЗ/Django/venv/lib/python3.11/site-packages/django/core/handlers/base.py", line 332, in check_response
    raise ValueError(
ValueError: The view lesapp2.views.fake_author_and_post didn't return an HttpResponse object. It returned None instead.
ERROR 2023-11-04 12:48:23,458 basehttp 7491 6166278144 "GET /games/fake_data HTTP/1.1" 500 62705
INFO 2023-11-04 12:49:08,607 autoreload 7491 7944835840 /Users/ruslanalbakov/Documents/ДЗ/Django/Geekbrains/lesapp2/views.py changed, reloading.
INFO 2023-11-04 12:49:08,796 autoreload 7567 7944835840 Watching for file changes with StatReloader
INFO 2023-11-04 12:49:09,837 autoreload 7567 7944835840 /Users/ruslanalbakov/Documents/ДЗ/Django/Geekbrains/lesapp2/views.py changed, reloading.
INFO 2023-11-04 12:49:10,007 autoreload 7570 7944835840 Watching for file changes with StatReloader
INFO 2023-11-04 12:49:13,067 autoreload 7570 7944835840 /Users/ruslanalbakov/Documents/ДЗ/Django/Geekbrains/lesapp2/views.py changed, reloading.
INFO 2023-11-04 12:49:13,237 autoreload 7574 7944835840 Watching for file changes with StatReloader
ERROR 2023-11-04 12:49:16,124 log 7574 6132510720 Internal Server Error: /games/fake_data
Traceback (most recent call last):
  File "/Users/ruslanalbakov/Documents/ДЗ/Django/venv/lib/python3.11/site-packages/django/core/handlers/exception.py", line 55, in inner
    response = get_response(request)
               ^^^^^^^^^^^^^^^^^^^^^
  File "/Users/ruslanalbakov/Documents/ДЗ/Django/venv/lib/python3.11/site-packages/django/core/handlers/base.py", line 204, in _get_response
    self.check_response(response, callback)
  File "/Users/ruslanalbakov/Documents/ДЗ/Django/venv/lib/python3.11/site-packages/django/core/handlers/base.py", line 332, in check_response
    raise ValueError(
ValueError: The view lesapp2.views.fake_author_and_post didn't return an HttpResponse object. It returned None instead.
ERROR 2023-11-04 12:49:16,125 basehttp 7574 6132510720 "GET /games/fake_data HTTP/1.1" 500 62705
ERROR 2023-11-04 12:49:17,235 log 7574 6132510720 Internal Server Error: /games/fake_data
Traceback (most recent call last):
  File "/Users/ruslanalbakov/Documents/ДЗ/Django/venv/lib/python3.11/site-packages/django/core/handlers/exception.py", line 55, in inner
    response = get_response(request)
               ^^^^^^^^^^^^^^^^^^^^^
  File "/Users/ruslanalbakov/Documents/ДЗ/Django/venv/lib/python3.11/site-packages/django/core/handlers/base.py", line 204, in _get_response
    self.check_response(response, callback)
  File "/Users/ruslanalbakov/Documents/ДЗ/Django/venv/lib/python3.11/site-packages/django/core/handlers/base.py", line 332, in check_response
    raise ValueError(
ValueError: The view lesapp2.views.fake_author_and_post didn't return an HttpResponse object. It returned None instead.
ERROR 2023-11-04 12:49:17,236 basehttp 7574 6132510720 "GET /games/fake_data HTTP/1.1" 500 62705
INFO 2023-11-04 12:49:32,717 autoreload 7574 7944835840 /Users/ruslanalbakov/Documents/ДЗ/Django/Geekbrains/lesapp2/urls.py changed, reloading.
INFO 2023-11-04 12:49:32,888 autoreload 7585 7944835840 Watching for file changes with StatReloader
ERROR 2023-11-04 12:49:36,360 log 7585 6127284224 Internal Server Error: /games/fake_data
Traceback (most recent call last):
  File "/Users/ruslanalbakov/Documents/ДЗ/Django/venv/lib/python3.11/site-packages/django/core/handlers/exception.py", line 55, in inner
    response = get_response(request)
               ^^^^^^^^^^^^^^^^^^^^^
  File "/Users/ruslanalbakov/Documents/ДЗ/Django/venv/lib/python3.11/site-packages/django/core/handlers/base.py", line 197, in _get_response
    response = wrapped_callback(request, *callback_args, **callback_kwargs)
               ^^^^^^^^^^^^^^^^^^^^^^^^^^^^^^^^^^^^^^^^^^^^^^^^^^^^^^^^^^^^
TypeError: author_post() missing 1 required positional argument: 'author_id'
ERROR 2023-11-04 12:49:36,361 basehttp 7585 6127284224 "GET /games/fake_data HTTP/1.1" 500 58218
WARNING 2023-11-04 12:50:12,008 log 7585 6127284224 Not Found: /games/fake_data/3
WARNING 2023-11-04 12:50:12,009 basehttp 7585 6127284224 "GET /games/fake_data/3 HTTP/1.1" 404 3592
ERROR 2023-11-04 12:50:16,131 log 7585 6127284224 Internal Server Error: /games/fake_data
Traceback (most recent call last):
  File "/Users/ruslanalbakov/Documents/ДЗ/Django/venv/lib/python3.11/site-packages/django/core/handlers/exception.py", line 55, in inner
    response = get_response(request)
               ^^^^^^^^^^^^^^^^^^^^^
  File "/Users/ruslanalbakov/Documents/ДЗ/Django/venv/lib/python3.11/site-packages/django/core/handlers/base.py", line 197, in _get_response
    response = wrapped_callback(request, *callback_args, **callback_kwargs)
               ^^^^^^^^^^^^^^^^^^^^^^^^^^^^^^^^^^^^^^^^^^^^^^^^^^^^^^^^^^^^
TypeError: author_post() missing 1 required positional argument: 'author_id'
ERROR 2023-11-04 12:50:16,132 basehttp 7585 6127284224 "GET /games/fake_data HTTP/1.1" 500 58218
WARNING 2023-11-04 12:50:18,227 log 7585 6127284224 Not Found: /games/fake_data2
WARNING 2023-11-04 12:50:18,228 basehttp 7585 6127284224 "GET /games/fake_data2 HTTP/1.1" 404 3589
INFO 2023-11-04 12:55:33,455 autoreload 7585 7944835840 /Users/ruslanalbakov/Documents/ДЗ/Django/Geekbrains/lesapp2/urls.py changed, reloading.
INFO 2023-11-04 12:55:33,625 autoreload 7623 7944835840 Watching for file changes with StatReloader
INFO 2023-11-04 12:55:35,758 autoreload 7623 7944835840 /Users/ruslanalbakov/Documents/ДЗ/Django/Geekbrains/lesapp2/urls.py changed, reloading.
INFO 2023-11-04 12:55:35,936 autoreload 7629 7944835840 Watching for file changes with StatReloader
INFO 2023-11-04 12:55:42,122 autoreload 7629 7944835840 /Users/ruslanalbakov/Documents/ДЗ/Django/Geekbrains/lesapp2/urls.py changed, reloading.
INFO 2023-11-04 12:55:42,300 autoreload 7636 7944835840 Watching for file changes with StatReloader
INFO 2023-11-04 12:55:53,529 autoreload 7636 7944835840 /Users/ruslanalbakov/Documents/ДЗ/Django/Geekbrains/lesapp2/urls.py changed, reloading.
INFO 2023-11-04 12:55:53,703 autoreload 7647 7944835840 Watching for file changes with StatReloader
INFO 2023-11-04 12:55:55,756 autoreload 7647 7944835840 /Users/ruslanalbakov/Documents/ДЗ/Django/Geekbrains/lesapp2/urls.py changed, reloading.
INFO 2023-11-04 12:55:55,923 autoreload 7653 7944835840 Watching for file changes with StatReloader
WARNING 2023-11-04 12:56:03,358 log 7653 6133805056 Not Found: /games/fake_data
WARNING 2023-11-04 12:56:03,359 basehttp 7653 6133805056 "GET /games/fake_data HTTP/1.1" 404 3610
WARNING 2023-11-04 12:56:05,458 log 7653 6133805056 Not Found: /games/fake_data/3
WARNING 2023-11-04 12:56:05,459 basehttp 7653 6133805056 "GET /games/fake_data/3 HTTP/1.1" 404 3616
ERROR 2023-11-04 12:56:22,067 log 7653 6133805056 Internal Server Error: /games/author_post/3
Traceback (most recent call last):
  File "/Users/ruslanalbakov/Documents/ДЗ/Django/venv/lib/python3.11/site-packages/django/template/base.py", line 505, in parse
    compile_func = self.tags[command]
                   ~~~~~~~~~^^^^^^^^^
KeyError: 'endfor'

During handling of the above exception, another exception occurred:

Traceback (most recent call last):
  File "/Users/ruslanalbakov/Documents/ДЗ/Django/venv/lib/python3.11/site-packages/django/core/handlers/exception.py", line 55, in inner
    response = get_response(request)
               ^^^^^^^^^^^^^^^^^^^^^
  File "/Users/ruslanalbakov/Documents/ДЗ/Django/venv/lib/python3.11/site-packages/django/core/handlers/base.py", line 197, in _get_response
    response = wrapped_callback(request, *callback_args, **callback_kwargs)
               ^^^^^^^^^^^^^^^^^^^^^^^^^^^^^^^^^^^^^^^^^^^^^^^^^^^^^^^^^^^^
  File "/Users/ruslanalbakov/Documents/ДЗ/Django/Geekbrains/lesapp2/views.py", line 54, in author_post
    return render(request, "lesapp2/author_post.html", context)
           ^^^^^^^^^^^^^^^^^^^^^^^^^^^^^^^^^^^^^^^^^^^^^^^^^^^^
  File "/Users/ruslanalbakov/Documents/ДЗ/Django/venv/lib/python3.11/site-packages/django/shortcuts.py", line 24, in render
    content = loader.render_to_string(template_name, context, request, using=using)
              ^^^^^^^^^^^^^^^^^^^^^^^^^^^^^^^^^^^^^^^^^^^^^^^^^^^^^^^^^^^^^^^^^^^^^
  File "/Users/ruslanalbakov/Documents/ДЗ/Django/venv/lib/python3.11/site-packages/django/template/loader.py", line 61, in render_to_string
    template = get_template(template_name, using=using)
               ^^^^^^^^^^^^^^^^^^^^^^^^^^^^^^^^^^^^^^^^
  File "/Users/ruslanalbakov/Documents/ДЗ/Django/venv/lib/python3.11/site-packages/django/template/loader.py", line 15, in get_template
    return engine.get_template(template_name)
           ^^^^^^^^^^^^^^^^^^^^^^^^^^^^^^^^^^
  File "/Users/ruslanalbakov/Documents/ДЗ/Django/venv/lib/python3.11/site-packages/django/template/backends/django.py", line 33, in get_template
    return Template(self.engine.get_template(template_name), self)
                    ^^^^^^^^^^^^^^^^^^^^^^^^^^^^^^^^^^^^^^^
  File "/Users/ruslanalbakov/Documents/ДЗ/Django/venv/lib/python3.11/site-packages/django/template/engine.py", line 175, in get_template
    template, origin = self.find_template(template_name)
                       ^^^^^^^^^^^^^^^^^^^^^^^^^^^^^^^^^
  File "/Users/ruslanalbakov/Documents/ДЗ/Django/venv/lib/python3.11/site-packages/django/template/engine.py", line 157, in find_template
    template = loader.get_template(name, skip=skip)
               ^^^^^^^^^^^^^^^^^^^^^^^^^^^^^^^^^^^^
  File "/Users/ruslanalbakov/Documents/ДЗ/Django/venv/lib/python3.11/site-packages/django/template/loaders/cached.py", line 57, in get_template
    template = super().get_template(template_name, skip)
               ^^^^^^^^^^^^^^^^^^^^^^^^^^^^^^^^^^^^^^^^^
  File "/Users/ruslanalbakov/Documents/ДЗ/Django/venv/lib/python3.11/site-packages/django/template/loaders/base.py", line 28, in get_template
    return Template(
           ^^^^^^^^^
  File "/Users/ruslanalbakov/Documents/ДЗ/Django/venv/lib/python3.11/site-packages/django/template/base.py", line 154, in __init__
    self.nodelist = self.compile_nodelist()
                    ^^^^^^^^^^^^^^^^^^^^^^^
  File "/Users/ruslanalbakov/Documents/ДЗ/Django/venv/lib/python3.11/site-packages/django/template/base.py", line 200, in compile_nodelist
    return parser.parse()
           ^^^^^^^^^^^^^^
  File "/Users/ruslanalbakov/Documents/ДЗ/Django/venv/lib/python3.11/site-packages/django/template/base.py", line 513, in parse
    raise self.error(token, e)
  File "/Users/ruslanalbakov/Documents/ДЗ/Django/venv/lib/python3.11/site-packages/django/template/base.py", line 511, in parse
    compiled_result = compile_func(self, token)
                      ^^^^^^^^^^^^^^^^^^^^^^^^^
  File "/Users/ruslanalbakov/Documents/ДЗ/Django/venv/lib/python3.11/site-packages/django/template/loader_tags.py", line 293, in do_extends
    nodelist = parser.parse()
               ^^^^^^^^^^^^^^
  File "/Users/ruslanalbakov/Documents/ДЗ/Django/venv/lib/python3.11/site-packages/django/template/base.py", line 513, in parse
    raise self.error(token, e)
  File "/Users/ruslanalbakov/Documents/ДЗ/Django/venv/lib/python3.11/site-packages/django/template/base.py", line 511, in parse
    compiled_result = compile_func(self, token)
                      ^^^^^^^^^^^^^^^^^^^^^^^^^
  File "/Users/ruslanalbakov/Documents/ДЗ/Django/venv/lib/python3.11/site-packages/django/template/loader_tags.py", line 232, in do_block
    nodelist = parser.parse(("endblock",))
               ^^^^^^^^^^^^^^^^^^^^^^^^^^^
  File "/Users/ruslanalbakov/Documents/ДЗ/Django/venv/lib/python3.11/site-packages/django/template/base.py", line 507, in parse
    self.invalid_block_tag(token, command, parse_until)
  File "/Users/ruslanalbakov/Documents/ДЗ/Django/venv/lib/python3.11/site-packages/django/template/base.py", line 558, in invalid_block_tag
    raise self.error(
django.template.exceptions.TemplateSyntaxError: Invalid block tag on line 16: 'endfor', expected 'endblock'. Did you forget to register or load this tag?
ERROR 2023-11-04 12:56:22,070 basehttp 7653 6133805056 "GET /games/author_post/3 HTTP/1.1" 500 161557
ERROR 2023-11-04 12:57:17,475 log 7653 6133805056 Internal Server Error: /games/author_post/3
Traceback (most recent call last):
  File "/Users/ruslanalbakov/Documents/ДЗ/Django/venv/lib/python3.11/site-packages/django/template/base.py", line 505, in parse
    compile_func = self.tags[command]
                   ~~~~~~~~~^^^^^^^^^
KeyError: 'endfor'

During handling of the above exception, another exception occurred:

Traceback (most recent call last):
  File "/Users/ruslanalbakov/Documents/ДЗ/Django/venv/lib/python3.11/site-packages/django/core/handlers/exception.py", line 55, in inner
    response = get_response(request)
               ^^^^^^^^^^^^^^^^^^^^^
  File "/Users/ruslanalbakov/Documents/ДЗ/Django/venv/lib/python3.11/site-packages/django/core/handlers/base.py", line 197, in _get_response
    response = wrapped_callback(request, *callback_args, **callback_kwargs)
               ^^^^^^^^^^^^^^^^^^^^^^^^^^^^^^^^^^^^^^^^^^^^^^^^^^^^^^^^^^^^
  File "/Users/ruslanalbakov/Documents/ДЗ/Django/Geekbrains/lesapp2/views.py", line 54, in author_post
    return render(request, "lesapp2/author_post.html", context)
           ^^^^^^^^^^^^^^^^^^^^^^^^^^^^^^^^^^^^^^^^^^^^^^^^^^^^
  File "/Users/ruslanalbakov/Documents/ДЗ/Django/venv/lib/python3.11/site-packages/django/shortcuts.py", line 24, in render
    content = loader.render_to_string(template_name, context, request, using=using)
              ^^^^^^^^^^^^^^^^^^^^^^^^^^^^^^^^^^^^^^^^^^^^^^^^^^^^^^^^^^^^^^^^^^^^^
  File "/Users/ruslanalbakov/Documents/ДЗ/Django/venv/lib/python3.11/site-packages/django/template/loader.py", line 61, in render_to_string
    template = get_template(template_name, using=using)
               ^^^^^^^^^^^^^^^^^^^^^^^^^^^^^^^^^^^^^^^^
  File "/Users/ruslanalbakov/Documents/ДЗ/Django/venv/lib/python3.11/site-packages/django/template/loader.py", line 15, in get_template
    return engine.get_template(template_name)
           ^^^^^^^^^^^^^^^^^^^^^^^^^^^^^^^^^^
  File "/Users/ruslanalbakov/Documents/ДЗ/Django/venv/lib/python3.11/site-packages/django/template/backends/django.py", line 33, in get_template
    return Template(self.engine.get_template(template_name), self)
                    ^^^^^^^^^^^^^^^^^^^^^^^^^^^^^^^^^^^^^^^
  File "/Users/ruslanalbakov/Documents/ДЗ/Django/venv/lib/python3.11/site-packages/django/template/engine.py", line 175, in get_template
    template, origin = self.find_template(template_name)
                       ^^^^^^^^^^^^^^^^^^^^^^^^^^^^^^^^^
  File "/Users/ruslanalbakov/Documents/ДЗ/Django/venv/lib/python3.11/site-packages/django/template/engine.py", line 157, in find_template
    template = loader.get_template(name, skip=skip)
               ^^^^^^^^^^^^^^^^^^^^^^^^^^^^^^^^^^^^
  File "/Users/ruslanalbakov/Documents/ДЗ/Django/venv/lib/python3.11/site-packages/django/template/loaders/cached.py", line 57, in get_template
    template = super().get_template(template_name, skip)
               ^^^^^^^^^^^^^^^^^^^^^^^^^^^^^^^^^^^^^^^^^
  File "/Users/ruslanalbakov/Documents/ДЗ/Django/venv/lib/python3.11/site-packages/django/template/loaders/base.py", line 28, in get_template
    return Template(
           ^^^^^^^^^
  File "/Users/ruslanalbakov/Documents/ДЗ/Django/venv/lib/python3.11/site-packages/django/template/base.py", line 154, in __init__
    self.nodelist = self.compile_nodelist()
                    ^^^^^^^^^^^^^^^^^^^^^^^
  File "/Users/ruslanalbakov/Documents/ДЗ/Django/venv/lib/python3.11/site-packages/django/template/base.py", line 200, in compile_nodelist
    return parser.parse()
           ^^^^^^^^^^^^^^
  File "/Users/ruslanalbakov/Documents/ДЗ/Django/venv/lib/python3.11/site-packages/django/template/base.py", line 513, in parse
    raise self.error(token, e)
  File "/Users/ruslanalbakov/Documents/ДЗ/Django/venv/lib/python3.11/site-packages/django/template/base.py", line 511, in parse
    compiled_result = compile_func(self, token)
                      ^^^^^^^^^^^^^^^^^^^^^^^^^
  File "/Users/ruslanalbakov/Documents/ДЗ/Django/venv/lib/python3.11/site-packages/django/template/loader_tags.py", line 293, in do_extends
    nodelist = parser.parse()
               ^^^^^^^^^^^^^^
  File "/Users/ruslanalbakov/Documents/ДЗ/Django/venv/lib/python3.11/site-packages/django/template/base.py", line 513, in parse
    raise self.error(token, e)
  File "/Users/ruslanalbakov/Documents/ДЗ/Django/venv/lib/python3.11/site-packages/django/template/base.py", line 511, in parse
    compiled_result = compile_func(self, token)
                      ^^^^^^^^^^^^^^^^^^^^^^^^^
  File "/Users/ruslanalbakov/Documents/ДЗ/Django/venv/lib/python3.11/site-packages/django/template/loader_tags.py", line 232, in do_block
    nodelist = parser.parse(("endblock",))
               ^^^^^^^^^^^^^^^^^^^^^^^^^^^
  File "/Users/ruslanalbakov/Documents/ДЗ/Django/venv/lib/python3.11/site-packages/django/template/base.py", line 507, in parse
    self.invalid_block_tag(token, command, parse_until)
  File "/Users/ruslanalbakov/Documents/ДЗ/Django/venv/lib/python3.11/site-packages/django/template/base.py", line 558, in invalid_block_tag
    raise self.error(
django.template.exceptions.TemplateSyntaxError: Invalid block tag on line 16: 'endfor', expected 'endblock'. Did you forget to register or load this tag?
ERROR 2023-11-04 12:57:17,477 basehttp 7653 6133805056 "GET /games/author_post/3 HTTP/1.1" 500 161557
ERROR 2023-11-04 12:57:58,104 log 7653 6133805056 Internal Server Error: /games/author_post/3
Traceback (most recent call last):
  File "/Users/ruslanalbakov/Documents/ДЗ/Django/venv/lib/python3.11/site-packages/django/template/base.py", line 505, in parse
    compile_func = self.tags[command]
                   ~~~~~~~~~^^^^^^^^^
KeyError: 'endfor'

During handling of the above exception, another exception occurred:

Traceback (most recent call last):
  File "/Users/ruslanalbakov/Documents/ДЗ/Django/venv/lib/python3.11/site-packages/django/core/handlers/exception.py", line 55, in inner
    response = get_response(request)
               ^^^^^^^^^^^^^^^^^^^^^
  File "/Users/ruslanalbakov/Documents/ДЗ/Django/venv/lib/python3.11/site-packages/django/core/handlers/base.py", line 197, in _get_response
    response = wrapped_callback(request, *callback_args, **callback_kwargs)
               ^^^^^^^^^^^^^^^^^^^^^^^^^^^^^^^^^^^^^^^^^^^^^^^^^^^^^^^^^^^^
  File "/Users/ruslanalbakov/Documents/ДЗ/Django/Geekbrains/lesapp2/views.py", line 54, in author_post
    return render(request, "lesapp2/author_post.html", context)
           ^^^^^^^^^^^^^^^^^^^^^^^^^^^^^^^^^^^^^^^^^^^^^^^^^^^^
  File "/Users/ruslanalbakov/Documents/ДЗ/Django/venv/lib/python3.11/site-packages/django/shortcuts.py", line 24, in render
    content = loader.render_to_string(template_name, context, request, using=using)
              ^^^^^^^^^^^^^^^^^^^^^^^^^^^^^^^^^^^^^^^^^^^^^^^^^^^^^^^^^^^^^^^^^^^^^
  File "/Users/ruslanalbakov/Documents/ДЗ/Django/venv/lib/python3.11/site-packages/django/template/loader.py", line 61, in render_to_string
    template = get_template(template_name, using=using)
               ^^^^^^^^^^^^^^^^^^^^^^^^^^^^^^^^^^^^^^^^
  File "/Users/ruslanalbakov/Documents/ДЗ/Django/venv/lib/python3.11/site-packages/django/template/loader.py", line 15, in get_template
    return engine.get_template(template_name)
           ^^^^^^^^^^^^^^^^^^^^^^^^^^^^^^^^^^
  File "/Users/ruslanalbakov/Documents/ДЗ/Django/venv/lib/python3.11/site-packages/django/template/backends/django.py", line 33, in get_template
    return Template(self.engine.get_template(template_name), self)
                    ^^^^^^^^^^^^^^^^^^^^^^^^^^^^^^^^^^^^^^^
  File "/Users/ruslanalbakov/Documents/ДЗ/Django/venv/lib/python3.11/site-packages/django/template/engine.py", line 175, in get_template
    template, origin = self.find_template(template_name)
                       ^^^^^^^^^^^^^^^^^^^^^^^^^^^^^^^^^
  File "/Users/ruslanalbakov/Documents/ДЗ/Django/venv/lib/python3.11/site-packages/django/template/engine.py", line 157, in find_template
    template = loader.get_template(name, skip=skip)
               ^^^^^^^^^^^^^^^^^^^^^^^^^^^^^^^^^^^^
  File "/Users/ruslanalbakov/Documents/ДЗ/Django/venv/lib/python3.11/site-packages/django/template/loaders/cached.py", line 57, in get_template
    template = super().get_template(template_name, skip)
               ^^^^^^^^^^^^^^^^^^^^^^^^^^^^^^^^^^^^^^^^^
  File "/Users/ruslanalbakov/Documents/ДЗ/Django/venv/lib/python3.11/site-packages/django/template/loaders/base.py", line 28, in get_template
    return Template(
           ^^^^^^^^^
  File "/Users/ruslanalbakov/Documents/ДЗ/Django/venv/lib/python3.11/site-packages/django/template/base.py", line 154, in __init__
    self.nodelist = self.compile_nodelist()
                    ^^^^^^^^^^^^^^^^^^^^^^^
  File "/Users/ruslanalbakov/Documents/ДЗ/Django/venv/lib/python3.11/site-packages/django/template/base.py", line 200, in compile_nodelist
    return parser.parse()
           ^^^^^^^^^^^^^^
  File "/Users/ruslanalbakov/Documents/ДЗ/Django/venv/lib/python3.11/site-packages/django/template/base.py", line 513, in parse
    raise self.error(token, e)
  File "/Users/ruslanalbakov/Documents/ДЗ/Django/venv/lib/python3.11/site-packages/django/template/base.py", line 511, in parse
    compiled_result = compile_func(self, token)
                      ^^^^^^^^^^^^^^^^^^^^^^^^^
  File "/Users/ruslanalbakov/Documents/ДЗ/Django/venv/lib/python3.11/site-packages/django/template/loader_tags.py", line 293, in do_extends
    nodelist = parser.parse()
               ^^^^^^^^^^^^^^
  File "/Users/ruslanalbakov/Documents/ДЗ/Django/venv/lib/python3.11/site-packages/django/template/base.py", line 513, in parse
    raise self.error(token, e)
  File "/Users/ruslanalbakov/Documents/ДЗ/Django/venv/lib/python3.11/site-packages/django/template/base.py", line 511, in parse
    compiled_result = compile_func(self, token)
                      ^^^^^^^^^^^^^^^^^^^^^^^^^
  File "/Users/ruslanalbakov/Documents/ДЗ/Django/venv/lib/python3.11/site-packages/django/template/loader_tags.py", line 232, in do_block
    nodelist = parser.parse(("endblock",))
               ^^^^^^^^^^^^^^^^^^^^^^^^^^^
  File "/Users/ruslanalbakov/Documents/ДЗ/Django/venv/lib/python3.11/site-packages/django/template/base.py", line 507, in parse
    self.invalid_block_tag(token, command, parse_until)
  File "/Users/ruslanalbakov/Documents/ДЗ/Django/venv/lib/python3.11/site-packages/django/template/base.py", line 558, in invalid_block_tag
    raise self.error(
django.template.exceptions.TemplateSyntaxError: Invalid block tag on line 16: 'endfor', expected 'endblock'. Did you forget to register or load this tag?
ERROR 2023-11-04 12:57:58,105 basehttp 7653 6133805056 "GET /games/author_post/3 HTTP/1.1" 500 161557
ERROR 2023-11-04 13:00:52,369 log 7653 6133805056 Internal Server Error: /games/author_post/3
Traceback (most recent call last):
  File "/Users/ruslanalbakov/Documents/ДЗ/Django/venv/lib/python3.11/site-packages/django/template/base.py", line 505, in parse
    compile_func = self.tags[command]
                   ~~~~~~~~~^^^^^^^^^
KeyError: 'endfor'

During handling of the above exception, another exception occurred:

Traceback (most recent call last):
  File "/Users/ruslanalbakov/Documents/ДЗ/Django/venv/lib/python3.11/site-packages/django/core/handlers/exception.py", line 55, in inner
    response = get_response(request)
               ^^^^^^^^^^^^^^^^^^^^^
  File "/Users/ruslanalbakov/Documents/ДЗ/Django/venv/lib/python3.11/site-packages/django/core/handlers/base.py", line 197, in _get_response
    response = wrapped_callback(request, *callback_args, **callback_kwargs)
               ^^^^^^^^^^^^^^^^^^^^^^^^^^^^^^^^^^^^^^^^^^^^^^^^^^^^^^^^^^^^
  File "/Users/ruslanalbakov/Documents/ДЗ/Django/Geekbrains/lesapp2/views.py", line 54, in author_post
    return render(request, "lesapp2/author_post.html", context)
           ^^^^^^^^^^^^^^^^^^^^^^^^^^^^^^^^^^^^^^^^^^^^^^^^^^^^
  File "/Users/ruslanalbakov/Documents/ДЗ/Django/venv/lib/python3.11/site-packages/django/shortcuts.py", line 24, in render
    content = loader.render_to_string(template_name, context, request, using=using)
              ^^^^^^^^^^^^^^^^^^^^^^^^^^^^^^^^^^^^^^^^^^^^^^^^^^^^^^^^^^^^^^^^^^^^^
  File "/Users/ruslanalbakov/Documents/ДЗ/Django/venv/lib/python3.11/site-packages/django/template/loader.py", line 61, in render_to_string
    template = get_template(template_name, using=using)
               ^^^^^^^^^^^^^^^^^^^^^^^^^^^^^^^^^^^^^^^^
  File "/Users/ruslanalbakov/Documents/ДЗ/Django/venv/lib/python3.11/site-packages/django/template/loader.py", line 15, in get_template
    return engine.get_template(template_name)
           ^^^^^^^^^^^^^^^^^^^^^^^^^^^^^^^^^^
  File "/Users/ruslanalbakov/Documents/ДЗ/Django/venv/lib/python3.11/site-packages/django/template/backends/django.py", line 33, in get_template
    return Template(self.engine.get_template(template_name), self)
                    ^^^^^^^^^^^^^^^^^^^^^^^^^^^^^^^^^^^^^^^
  File "/Users/ruslanalbakov/Documents/ДЗ/Django/venv/lib/python3.11/site-packages/django/template/engine.py", line 175, in get_template
    template, origin = self.find_template(template_name)
                       ^^^^^^^^^^^^^^^^^^^^^^^^^^^^^^^^^
  File "/Users/ruslanalbakov/Documents/ДЗ/Django/venv/lib/python3.11/site-packages/django/template/engine.py", line 157, in find_template
    template = loader.get_template(name, skip=skip)
               ^^^^^^^^^^^^^^^^^^^^^^^^^^^^^^^^^^^^
  File "/Users/ruslanalbakov/Documents/ДЗ/Django/venv/lib/python3.11/site-packages/django/template/loaders/cached.py", line 57, in get_template
    template = super().get_template(template_name, skip)
               ^^^^^^^^^^^^^^^^^^^^^^^^^^^^^^^^^^^^^^^^^
  File "/Users/ruslanalbakov/Documents/ДЗ/Django/venv/lib/python3.11/site-packages/django/template/loaders/base.py", line 28, in get_template
    return Template(
           ^^^^^^^^^
  File "/Users/ruslanalbakov/Documents/ДЗ/Django/venv/lib/python3.11/site-packages/django/template/base.py", line 154, in __init__
    self.nodelist = self.compile_nodelist()
                    ^^^^^^^^^^^^^^^^^^^^^^^
  File "/Users/ruslanalbakov/Documents/ДЗ/Django/venv/lib/python3.11/site-packages/django/template/base.py", line 200, in compile_nodelist
    return parser.parse()
           ^^^^^^^^^^^^^^
  File "/Users/ruslanalbakov/Documents/ДЗ/Django/venv/lib/python3.11/site-packages/django/template/base.py", line 513, in parse
    raise self.error(token, e)
  File "/Users/ruslanalbakov/Documents/ДЗ/Django/venv/lib/python3.11/site-packages/django/template/base.py", line 511, in parse
    compiled_result = compile_func(self, token)
                      ^^^^^^^^^^^^^^^^^^^^^^^^^
  File "/Users/ruslanalbakov/Documents/ДЗ/Django/venv/lib/python3.11/site-packages/django/template/loader_tags.py", line 293, in do_extends
    nodelist = parser.parse()
               ^^^^^^^^^^^^^^
  File "/Users/ruslanalbakov/Documents/ДЗ/Django/venv/lib/python3.11/site-packages/django/template/base.py", line 513, in parse
    raise self.error(token, e)
  File "/Users/ruslanalbakov/Documents/ДЗ/Django/venv/lib/python3.11/site-packages/django/template/base.py", line 511, in parse
    compiled_result = compile_func(self, token)
                      ^^^^^^^^^^^^^^^^^^^^^^^^^
  File "/Users/ruslanalbakov/Documents/ДЗ/Django/venv/lib/python3.11/site-packages/django/template/loader_tags.py", line 232, in do_block
    nodelist = parser.parse(("endblock",))
               ^^^^^^^^^^^^^^^^^^^^^^^^^^^
  File "/Users/ruslanalbakov/Documents/ДЗ/Django/venv/lib/python3.11/site-packages/django/template/base.py", line 507, in parse
    self.invalid_block_tag(token, command, parse_until)
  File "/Users/ruslanalbakov/Documents/ДЗ/Django/venv/lib/python3.11/site-packages/django/template/base.py", line 558, in invalid_block_tag
    raise self.error(
django.template.exceptions.TemplateSyntaxError: Invalid block tag on line 16: 'endfor', expected 'endblock'. Did you forget to register or load this tag?
ERROR 2023-11-04 13:00:52,370 basehttp 7653 6133805056 "GET /games/author_post/3 HTTP/1.1" 500 161557
INFO 2023-11-04 13:01:51,602 basehttp 7653 6133805056 "GET /games/author_post/3 HTTP/1.1" 200 1416
INFO 2023-11-04 13:01:53,431 basehttp 7653 6133805056 "GET /games/author_post/3 HTTP/1.1" 200 1416
INFO 2023-11-04 13:02:00,375 basehttp 7653 6133805056 "GET /games/author_post/3 HTTP/1.1" 200 1416
INFO 2023-11-04 13:02:01,816 basehttp 7653 6133805056 "GET /games/author_post/4 HTTP/1.1" 200 1416
INFO 2023-11-04 13:05:58,096 basehttp 7653 6133805056 "GET /games/author_post/4 HTTP/1.1" 200 10796
INFO 2023-11-04 13:06:05,424 basehttp 7653 6133805056 "GET /games/author_post/4 HTTP/1.1" 200 10796
INFO 2023-11-04 13:06:06,602 basehttp 7653 6133805056 "GET /games/author_post/4 HTTP/1.1" 200 1416
WARNING 2023-11-04 13:06:09,342 log 7653 6133805056 Not Found: /games/author_post/43
WARNING 2023-11-04 13:06:09,342 basehttp 7653 6133805056 "GET /games/author_post/43 HTTP/1.1" 404 3683
INFO 2023-11-04 13:06:12,081 basehttp 7653 6133805056 "GET /games/author_post/4 HTTP/1.1" 200 1416
INFO 2023-11-04 13:06:12,907 basehttp 7653 6133805056 "GET /games/author_post/3 HTTP/1.1" 200 1416
INFO 2023-11-04 13:06:13,260 basehttp 7653 6133805056 "GET /games/author_post/9 HTTP/1.1" 200 1416
INFO 2023-11-04 13:06:16,133 basehttp 7653 6133805056 "GET /games/author_post/10 HTTP/1.1" 200 1416
INFO 2023-11-04 13:06:18,481 basehttp 7653 6133805056 "GET /games/author_post/10 HTTP/1.1" 200 1416
INFO 2023-11-04 13:06:18,976 basehttp 7653 6133805056 "GET /games/author_post/1 HTTP/1.1" 200 1416
INFO 2023-11-04 13:10:01,336 basehttp 7653 6133805056 "GET /games/author_post/1 HTTP/1.1" 200 1876
INFO 2023-11-04 13:10:04,626 basehttp 7653 6133805056 "GET /games/author_post/3 HTTP/1.1" 200 1876
INFO 2023-11-04 13:18:47,872 basehttp 7653 6133805056 "GET /games/author_post/3 HTTP/1.1" 200 1876
INFO 2023-11-04 13:18:52,103 basehttp 7653 6133805056 "GET /games/author_post/6 HTTP/1.1" 200 1876
INFO 2023-11-04 13:18:55,250 basehttp 7653 6133805056 "GET /games/author_post/6 HTTP/1.1" 200 1876
WARNING 2023-11-04 13:18:55,318 log 7653 6133805056 Not Found: /games/author_post/
WARNING 2023-11-04 13:18:55,319 basehttp 7653 6133805056 "GET /games/author_post/ HTTP/1.1" 404 3619
WARNING 2023-11-04 13:19:01,569 log 7653 6133805056 Not Found: /games/author_post/
WARNING 2023-11-04 13:19:01,570 basehttp 7653 6133805056 "GET /games/author_post/ HTTP/1.1" 404 3619
INFO 2023-11-04 13:19:02,716 basehttp 7653 6133805056 "GET /games/author_post/6 HTTP/1.1" 200 1876
WARNING 2023-11-04 13:19:03,210 log 7653 6133805056 Not Found: /games/
WARNING 2023-11-04 13:19:03,210 basehttp 7653 6133805056 "GET /games/ HTTP/1.1" 404 3583
WARNING 2023-11-04 13:19:05,613 log 7653 6133805056 Not Found: /games/les/
WARNING 2023-11-04 13:19:05,614 basehttp 7653 6133805056 "GET /games/les/ HTTP/1.1" 404 3595
WARNING 2023-11-04 13:19:10,543 log 7653 6133805056 Not Found: /games/les3/
WARNING 2023-11-04 13:19:10,544 basehttp 7653 6133805056 "GET /games/les3/ HTTP/1.1" 404 3598
WARNING 2023-11-04 13:19:15,842 log 7653 6133805056 Not Found: /games/les3/
WARNING 2023-11-04 13:19:15,842 basehttp 7653 6133805056 "GET /games/les3/ HTTP/1.1" 404 3598
WARNING 2023-11-04 13:19:16,308 log 7653 6133805056 Not Found: /games/les3
WARNING 2023-11-04 13:19:16,309 basehttp 7653 6133805056 "GET /games/les3 HTTP/1.1" 404 3595
INFO 2023-11-04 13:21:00,985 autoreload 8006 7944835840 Watching for file changes with StatReloader
INFO 2023-11-04 13:21:07,135 basehttp 8006 6122991616 "GET /les3/ HTTP/1.1" 200 489
INFO 2023-11-04 13:21:07,236 basehttp 8006 6122991616 "GET /les3/ HTTP/1.1" 200 489
